<?xml version="1.0" encoding="utf-8"?>
<CoverageSession xmlns:xsd="http://www.w3.org/2001/XMLSchema" xmlns:xsi="http://www.w3.org/2001/XMLSchema-instance" Version="4.6.0.0">
  <Summary numSequencePoints="221" visitedSequencePoints="14" numBranchPoints="70" visitedBranchPoints="6" sequenceCoverage="6.33" branchCoverage="8.57" maxCyclomaticComplexity="7" minCyclomaticComplexity="1" maxCrapScore="56" minCrapScore="1" visitedClasses="3" numClasses="15" visitedMethods="4" numMethods="40" />
  <Modules>
    <Module hash="89-FE-93-48-9F-E4-CC-6C-BE-DF-1E-D6-C7-8A-91-A2-FE-E9-67-F1">
      <Summary numSequencePoints="107" visitedSequencePoints="5" numBranchPoints="26" visitedBranchPoints="2" sequenceCoverage="4.67" branchCoverage="7.69" maxCyclomaticComplexity="2" minCyclomaticComplexity="1" maxCrapScore="6" minCrapScore="1" visitedClasses="2" numClasses="10" visitedMethods="2" numMethods="26" />
      <ModulePath>E:\Учёба\3й курс\5й семестр\СПП\ValidationLab\ValidatonLibTest\bin\Debug\ValidatonLibTest.dll</ModulePath>
      <ModuleTime>2018-09-17T11:22:31.7478976Z</ModuleTime>
      <ModuleName>ValidatonLibTest</ModuleName>
      <Files>
        <File uid="1" fullPath="E:\Учёба\3й курс\5й семестр\СПП\ValidationLab\ValidatonLibTest\User.cs" />
        <File uid="2" fullPath="E:\Учёба\3й курс\5й семестр\СПП\ValidationLab\ValidatonLibTest\ValidationLibAttributesTest.cs" />
        <File uid="8" fullPath="E:\Учёба\3й курс\5й семестр\СПП\ValidationLab\ValidatonLibTest\ValidationServiceTest.cs" />
      </Files>
      <Classes>
        <Class>
          <Summary numSequencePoints="7" visitedSequencePoints="0" numBranchPoints="1" visitedBranchPoints="0" sequenceCoverage="0" branchCoverage="0" maxCyclomaticComplexity="1" minCyclomaticComplexity="1" maxCrapScore="2" minCrapScore="2" visitedClasses="0" numClasses="1" visitedMethods="0" numMethods="1" />
          <FullName>ValidatonLibTest.User</FullName>
          <Methods>
            <Method skippedDueTo="AutoImplementedProperty" visited="false" cyclomaticComplexity="1" nPathComplexity="0" sequenceCoverage="0" branchCoverage="0" crapScore="0" isConstructor="false" isStatic="false" isGetter="true" isSetter="false">
              <MetadataToken>100663297</MetadataToken>
              <Name>System.String ValidatonLibTest.User::get_Email()</Name>
              <FileRef uid="1" />
              <SequencePoints />
              <BranchPoints />
            </Method>
            <Method skippedDueTo="AutoImplementedProperty" visited="false" cyclomaticComplexity="1" nPathComplexity="0" sequenceCoverage="0" branchCoverage="0" crapScore="0" isConstructor="false" isStatic="false" isGetter="false" isSetter="true">
              <MetadataToken>100663298</MetadataToken>
              <Name>System.Void ValidatonLibTest.User::set_Email(System.String)</Name>
              <FileRef uid="1" />
              <SequencePoints />
              <BranchPoints />
            </Method>
            <Method skippedDueTo="AutoImplementedProperty" visited="false" cyclomaticComplexity="1" nPathComplexity="0" sequenceCoverage="0" branchCoverage="0" crapScore="0" isConstructor="false" isStatic="false" isGetter="true" isSetter="false">
              <MetadataToken>100663299</MetadataToken>
              <Name>System.String ValidatonLibTest.User::get_Password()</Name>
              <FileRef uid="1" />
              <SequencePoints />
              <BranchPoints />
            </Method>
            <Method skippedDueTo="AutoImplementedProperty" visited="false" cyclomaticComplexity="1" nPathComplexity="0" sequenceCoverage="0" branchCoverage="0" crapScore="0" isConstructor="false" isStatic="false" isGetter="false" isSetter="true">
              <MetadataToken>100663300</MetadataToken>
              <Name>System.Void ValidatonLibTest.User::set_Password(System.String)</Name>
              <FileRef uid="1" />
              <SequencePoints />
              <BranchPoints />
            </Method>
            <Method skippedDueTo="AutoImplementedProperty" visited="false" cyclomaticComplexity="1" nPathComplexity="0" sequenceCoverage="0" branchCoverage="0" crapScore="0" isConstructor="false" isStatic="false" isGetter="true" isSetter="false">
              <MetadataToken>100663301</MetadataToken>
              <Name>System.Int32 ValidatonLibTest.User::get_Age()</Name>
              <FileRef uid="1" />
              <SequencePoints />
              <BranchPoints />
            </Method>
            <Method skippedDueTo="AutoImplementedProperty" visited="false" cyclomaticComplexity="1" nPathComplexity="0" sequenceCoverage="0" branchCoverage="0" crapScore="0" isConstructor="false" isStatic="false" isGetter="false" isSetter="true">
              <MetadataToken>100663302</MetadataToken>
              <Name>System.Void ValidatonLibTest.User::set_Age(System.Int32)</Name>
              <FileRef uid="1" />
              <SequencePoints />
              <BranchPoints />
            </Method>
            <Method skippedDueTo="AutoImplementedProperty" visited="false" cyclomaticComplexity="1" nPathComplexity="0" sequenceCoverage="0" branchCoverage="0" crapScore="0" isConstructor="false" isStatic="false" isGetter="true" isSetter="false">
              <MetadataToken>100663303</MetadataToken>
              <Name>System.String ValidatonLibTest.User::get_Name()</Name>
              <FileRef uid="1" />
              <SequencePoints />
              <BranchPoints />
            </Method>
            <Method skippedDueTo="AutoImplementedProperty" visited="false" cyclomaticComplexity="1" nPathComplexity="0" sequenceCoverage="0" branchCoverage="0" crapScore="0" isConstructor="false" isStatic="false" isGetter="false" isSetter="true">
              <MetadataToken>100663304</MetadataToken>
              <Name>System.Void ValidatonLibTest.User::set_Name(System.String)</Name>
              <FileRef uid="1" />
              <SequencePoints />
              <BranchPoints />
            </Method>
            <Method visited="false" cyclomaticComplexity="1" nPathComplexity="0" sequenceCoverage="0" branchCoverage="0" crapScore="2" isConstructor="true" isStatic="false" isGetter="false" isSetter="false">
              <Summary numSequencePoints="7" visitedSequencePoints="0" numBranchPoints="1" visitedBranchPoints="0" sequenceCoverage="0" branchCoverage="0" maxCyclomaticComplexity="1" minCyclomaticComplexity="1" maxCrapScore="2" minCrapScore="2" visitedClasses="0" numClasses="0" visitedMethods="0" numMethods="1" />
              <MetadataToken>100663305</MetadataToken>
              <Name>System.Void ValidatonLibTest.User::.ctor(System.String,System.String,System.Int32,System.String)</Name>
              <FileRef uid="1" />
              <SequencePoints>
                <SequencePoint vc="0" uspid="1" ordinal="0" offset="0" sl="19" sc="9" el="19" ec="73" bec="0" bev="0" fileid="1" />
                <SequencePoint vc="0" uspid="2" ordinal="1" offset="7" sl="20" sc="9" el="20" ec="10" bec="0" bev="0" fileid="1" />
                <SequencePoint vc="0" uspid="3" ordinal="2" offset="8" sl="21" sc="13" el="21" ec="27" bec="0" bev="0" fileid="1" />
                <SequencePoint vc="0" uspid="4" ordinal="3" offset="16" sl="22" sc="13" el="22" ec="33" bec="0" bev="0" fileid="1" />
                <SequencePoint vc="0" uspid="5" ordinal="4" offset="24" sl="23" sc="13" el="23" ec="23" bec="0" bev="0" fileid="1" />
                <SequencePoint vc="0" uspid="6" ordinal="5" offset="32" sl="24" sc="13" el="24" ec="25" bec="0" bev="0" fileid="1" />
                <SequencePoint vc="0" uspid="7" ordinal="6" offset="41" sl="25" sc="9" el="25" ec="10" bec="0" bev="0" fileid="1" />
              </SequencePoints>
              <BranchPoints />
              <MethodPoint xsi:type="SequencePoint" vc="0" uspid="1" ordinal="0" offset="0" sl="19" sc="9" el="19" ec="73" bec="0" bev="0" fileid="1" />
            </Method>
          </Methods>
        </Class>
        <Class>
          <Summary numSequencePoints="34" visitedSequencePoints="4" numBranchPoints="8" visitedBranchPoints="1" sequenceCoverage="11.76" branchCoverage="12.5" maxCyclomaticComplexity="2" minCyclomaticComplexity="1" maxCrapScore="6" minCrapScore="1" visitedClasses="1" numClasses="1" visitedMethods="1" numMethods="8" />
          <FullName>ValidatonLibTest.ValidationLibAttributesTest</FullName>
          <Methods>
            <Method visited="false" cyclomaticComplexity="1" nPathComplexity="0" sequenceCoverage="0" branchCoverage="0" crapScore="2" isConstructor="false" isStatic="false" isGetter="false" isSetter="false">
              <Summary numSequencePoints="5" visitedSequencePoints="0" numBranchPoints="1" visitedBranchPoints="0" sequenceCoverage="0" branchCoverage="0" maxCyclomaticComplexity="1" minCyclomaticComplexity="1" maxCrapScore="2" minCrapScore="2" visitedClasses="0" numClasses="0" visitedMethods="0" numMethods="1" />
              <MetadataToken>100663306</MetadataToken>
              <Name>System.Void ValidatonLibTest.ValidationLibAttributesTest::Test_MinimumStringLengthAttribute_Validate_Strings()</Name>
              <FileRef uid="2" />
              <SequencePoints>
                <SequencePoint vc="0" uspid="8" ordinal="0" offset="0" sl="13" sc="9" el="13" ec="10" bec="0" bev="0" fileid="2" />
                <SequencePoint vc="0" uspid="9" ordinal="1" offset="1" sl="14" sc="13" el="14" ec="46" bec="0" bev="0" fileid="2" />
                <SequencePoint vc="0" uspid="10" ordinal="2" offset="7" sl="15" sc="13" el="15" ec="82" bec="0" bev="0" fileid="2" />
                <SequencePoint vc="0" uspid="11" ordinal="3" offset="14" sl="17" sc="13" el="17" ec="57" bec="0" bev="0" fileid="2" />
                <SequencePoint vc="0" uspid="12" ordinal="4" offset="27" sl="18" sc="9" el="18" ec="10" bec="0" bev="0" fileid="2" />
              </SequencePoints>
              <BranchPoints />
              <MethodPoint xsi:type="SequencePoint" vc="0" uspid="8" ordinal="0" offset="0" sl="13" sc="9" el="13" ec="10" bec="0" bev="0" fileid="2" />
            </Method>
            <Method visited="false" cyclomaticComplexity="2" nPathComplexity="0" sequenceCoverage="0" branchCoverage="0" crapScore="6" isConstructor="false" isStatic="false" isGetter="false" isSetter="false">
              <Summary numSequencePoints="3" visitedSequencePoints="0" numBranchPoints="1" visitedBranchPoints="0" sequenceCoverage="0" branchCoverage="0" maxCyclomaticComplexity="2" minCyclomaticComplexity="2" maxCrapScore="6" minCrapScore="6" visitedClasses="0" numClasses="0" visitedMethods="0" numMethods="1" />
              <MetadataToken>100663307</MetadataToken>
              <Name>System.Void ValidatonLibTest.ValidationLibAttributesTest::Test_Minimum_Length_Must_Be_Larger_Than_Zero_In_MinimumStringLengthAttribute()</Name>
              <FileRef uid="2" />
              <SequencePoints>
                <SequencePoint vc="0" uspid="13" ordinal="0" offset="0" sl="22" sc="9" el="22" ec="10" bec="0" bev="0" fileid="2" />
                <SequencePoint vc="0" uspid="14" ordinal="1" offset="1" sl="23" sc="13" el="23" ec="99" bec="0" bev="0" fileid="2" />
                <SequencePoint vc="0" uspid="15" ordinal="2" offset="38" sl="24" sc="9" el="24" ec="10" bec="0" bev="0" fileid="2" />
              </SequencePoints>
              <BranchPoints />
              <MethodPoint xsi:type="SequencePoint" vc="0" uspid="13" ordinal="0" offset="0" sl="22" sc="9" el="22" ec="10" bec="0" bev="0" fileid="2" />
            </Method>
            <Method visited="false" cyclomaticComplexity="1" nPathComplexity="0" sequenceCoverage="0" branchCoverage="0" crapScore="2" isConstructor="false" isStatic="false" isGetter="false" isSetter="false">
              <Summary numSequencePoints="5" visitedSequencePoints="0" numBranchPoints="1" visitedBranchPoints="0" sequenceCoverage="0" branchCoverage="0" maxCyclomaticComplexity="1" minCyclomaticComplexity="1" maxCrapScore="2" minCrapScore="2" visitedClasses="0" numClasses="0" visitedMethods="0" numMethods="1" />
              <MetadataToken>100663308</MetadataToken>
              <Name>System.Void ValidatonLibTest.ValidationLibAttributesTest::Test_MinimumStringLengthAttribute_Does_Not_Validate_Values_With_Other_Types_Except_String()</Name>
              <FileRef uid="2" />
              <SequencePoints>
                <SequencePoint vc="0" uspid="18" ordinal="0" offset="6" sl="28" sc="9" el="28" ec="10" bec="0" bev="0" fileid="2" />
                <SequencePoint vc="0" uspid="19" ordinal="1" offset="7" sl="29" sc="13" el="29" ec="32" bec="0" bev="0" fileid="2" />
                <SequencePoint vc="0" uspid="20" ordinal="2" offset="15" sl="30" sc="13" el="30" ec="82" bec="0" bev="0" fileid="2" />
                <SequencePoint vc="0" uspid="21" ordinal="3" offset="27" sl="32" sc="13" el="32" ec="82" bec="0" bev="0" fileid="2" />
                <SequencePoint vc="0" uspid="22" ordinal="4" offset="45" sl="33" sc="9" el="33" ec="10" bec="0" bev="0" fileid="2" />
              </SequencePoints>
              <BranchPoints />
              <MethodPoint vc="0" uspid="23" ordinal="0" offset="0" />
            </Method>
            <Method visited="false" cyclomaticComplexity="1" nPathComplexity="0" sequenceCoverage="0" branchCoverage="0" crapScore="2" isConstructor="false" isStatic="false" isGetter="false" isSetter="false">
              <Summary numSequencePoints="4" visitedSequencePoints="0" numBranchPoints="1" visitedBranchPoints="0" sequenceCoverage="0" branchCoverage="0" maxCyclomaticComplexity="1" minCyclomaticComplexity="1" maxCrapScore="2" minCrapScore="2" visitedClasses="0" numClasses="0" visitedMethods="0" numMethods="1" />
              <MetadataToken>100663309</MetadataToken>
              <Name>System.Void ValidatonLibTest.ValidationLibAttributesTest::Test_MinimumStringLengthAttribute_Does_Not_Validate_Null()</Name>
              <FileRef uid="2" />
              <SequencePoints>
                <SequencePoint vc="0" uspid="24" ordinal="0" offset="6" sl="37" sc="9" el="37" ec="10" bec="0" bev="0" fileid="2" />
                <SequencePoint vc="0" uspid="25" ordinal="1" offset="7" sl="38" sc="13" el="38" ec="82" bec="0" bev="0" fileid="2" />
                <SequencePoint vc="0" uspid="26" ordinal="2" offset="19" sl="40" sc="13" el="40" ec="81" bec="0" bev="0" fileid="2" />
                <SequencePoint vc="0" uspid="27" ordinal="3" offset="37" sl="41" sc="9" el="41" ec="10" bec="0" bev="0" fileid="2" />
              </SequencePoints>
              <BranchPoints />
              <MethodPoint vc="0" uspid="28" ordinal="0" offset="0" />
            </Method>
            <Method visited="false" cyclomaticComplexity="1" nPathComplexity="0" sequenceCoverage="0" branchCoverage="0" crapScore="2" isConstructor="false" isStatic="false" isGetter="false" isSetter="false">
              <Summary numSequencePoints="5" visitedSequencePoints="0" numBranchPoints="1" visitedBranchPoints="0" sequenceCoverage="0" branchCoverage="0" maxCyclomaticComplexity="1" minCyclomaticComplexity="1" maxCrapScore="2" minCrapScore="2" visitedClasses="0" numClasses="0" visitedMethods="0" numMethods="1" />
              <MetadataToken>100663310</MetadataToken>
              <Name>System.Void ValidatonLibTest.ValidationLibAttributesTest::Test_RangeOfIntegerAttribute_Validate_Integer_Values()</Name>
              <FileRef uid="2" />
              <SequencePoints>
                <SequencePoint vc="0" uspid="29" ordinal="0" offset="0" sl="45" sc="9" el="45" ec="10" bec="0" bev="0" fileid="2" />
                <SequencePoint vc="0" uspid="30" ordinal="1" offset="1" sl="46" sc="13" el="46" ec="30" bec="0" bev="0" fileid="2" />
                <SequencePoint vc="0" uspid="31" ordinal="2" offset="4" sl="47" sc="13" el="47" ec="81" bec="0" bev="0" fileid="2" />
                <SequencePoint vc="0" uspid="32" ordinal="3" offset="13" sl="49" sc="13" el="49" ec="55" bec="0" bev="0" fileid="2" />
                <SequencePoint vc="0" uspid="33" ordinal="4" offset="31" sl="50" sc="9" el="50" ec="10" bec="0" bev="0" fileid="2" />
              </SequencePoints>
              <BranchPoints />
              <MethodPoint xsi:type="SequencePoint" vc="0" uspid="29" ordinal="0" offset="0" sl="45" sc="9" el="45" ec="10" bec="0" bev="0" fileid="2" />
            </Method>
            <Method visited="false" cyclomaticComplexity="1" nPathComplexity="0" sequenceCoverage="0" branchCoverage="0" crapScore="2" isConstructor="false" isStatic="false" isGetter="false" isSetter="false">
              <Summary numSequencePoints="5" visitedSequencePoints="0" numBranchPoints="1" visitedBranchPoints="0" sequenceCoverage="0" branchCoverage="0" maxCyclomaticComplexity="1" minCyclomaticComplexity="1" maxCrapScore="2" minCrapScore="2" visitedClasses="0" numClasses="0" visitedMethods="0" numMethods="1" />
              <MetadataToken>100663311</MetadataToken>
              <Name>System.Void ValidatonLibTest.ValidationLibAttributesTest::Test_RangeOfIntegerAttribute_Does_Not_Validate_Values_With_Other_Types_Except_Integer()</Name>
              <FileRef uid="2" />
              <SequencePoints>
                <SequencePoint vc="0" uspid="34" ordinal="0" offset="6" sl="54" sc="9" el="54" ec="10" bec="0" bev="0" fileid="2" />
                <SequencePoint vc="0" uspid="35" ordinal="1" offset="7" sl="55" sc="13" el="55" ec="47" bec="0" bev="0" fileid="2" />
                <SequencePoint vc="0" uspid="36" ordinal="2" offset="18" sl="56" sc="13" el="56" ec="81" bec="0" bev="0" fileid="2" />
                <SequencePoint vc="0" uspid="37" ordinal="3" offset="32" sl="58" sc="13" el="58" ec="83" bec="0" bev="0" fileid="2" />
                <SequencePoint vc="0" uspid="38" ordinal="4" offset="50" sl="59" sc="9" el="59" ec="10" bec="0" bev="0" fileid="2" />
              </SequencePoints>
              <BranchPoints />
              <MethodPoint vc="0" uspid="39" ordinal="0" offset="0" />
            </Method>
            <Method visited="false" cyclomaticComplexity="2" nPathComplexity="0" sequenceCoverage="0" branchCoverage="0" crapScore="6" isConstructor="false" isStatic="false" isGetter="false" isSetter="false">
              <Summary numSequencePoints="3" visitedSequencePoints="0" numBranchPoints="1" visitedBranchPoints="0" sequenceCoverage="0" branchCoverage="0" maxCyclomaticComplexity="2" minCyclomaticComplexity="2" maxCrapScore="6" minCrapScore="6" visitedClasses="0" numClasses="0" visitedMethods="0" numMethods="1" />
              <MetadataToken>100663312</MetadataToken>
              <Name>System.Void ValidatonLibTest.ValidationLibAttributesTest::Test_The_Lower_Limit_Must_Be_Less_Than_Upper_Limit_In_RangeOfIntegerAttribute()</Name>
              <FileRef uid="2" />
              <SequencePoints>
                <SequencePoint vc="0" uspid="40" ordinal="0" offset="0" sl="63" sc="9" el="63" ec="10" bec="0" bev="0" fileid="2" />
                <SequencePoint vc="0" uspid="41" ordinal="1" offset="1" sl="64" sc="13" el="64" ec="88" bec="0" bev="0" fileid="2" />
                <SequencePoint vc="0" uspid="42" ordinal="2" offset="38" sl="65" sc="9" el="65" ec="10" bec="0" bev="0" fileid="2" />
              </SequencePoints>
              <BranchPoints />
              <MethodPoint xsi:type="SequencePoint" vc="0" uspid="40" ordinal="0" offset="0" sl="63" sc="9" el="63" ec="10" bec="0" bev="0" fileid="2" />
            </Method>
            <Method visited="true" cyclomaticComplexity="1" nPathComplexity="0" sequenceCoverage="100" branchCoverage="100" crapScore="1" isConstructor="false" isStatic="false" isGetter="false" isSetter="false">
              <Summary numSequencePoints="4" visitedSequencePoints="4" numBranchPoints="1" visitedBranchPoints="1" sequenceCoverage="100" branchCoverage="100" maxCyclomaticComplexity="1" minCyclomaticComplexity="1" maxCrapScore="1" minCrapScore="1" visitedClasses="0" numClasses="0" visitedMethods="1" numMethods="1" />
              <MetadataToken>100663313</MetadataToken>
              <Name>System.Void ValidatonLibTest.ValidationLibAttributesTest::Test_RangeOfIntegerAttribute_Does_Not_Validate_Null_Value()</Name>
              <FileRef uid="2" />
              <SequencePoints>
                <SequencePoint vc="1" uspid="45" ordinal="0" offset="6" sl="69" sc="9" el="69" ec="10" bec="0" bev="0" fileid="2">
                  <TrackedMethodRefs>
                    <TrackedMethodRef uid="8" vc="1" />
                  </TrackedMethodRefs>
                </SequencePoint>
                <SequencePoint vc="1" uspid="46" ordinal="1" offset="7" sl="70" sc="13" el="70" ec="82" bec="0" bev="0" fileid="2">
                  <TrackedMethodRefs>
                    <TrackedMethodRef uid="8" vc="1" />
                  </TrackedMethodRefs>
                </SequencePoint>
                <SequencePoint vc="1" uspid="47" ordinal="2" offset="19" sl="72" sc="13" el="72" ec="81" bec="0" bev="0" fileid="2">
                  <TrackedMethodRefs>
                    <TrackedMethodRef uid="8" vc="1" />
                  </TrackedMethodRefs>
                </SequencePoint>
                <SequencePoint vc="1" uspid="48" ordinal="3" offset="37" sl="73" sc="9" el="73" ec="10" bec="0" bev="0" fileid="2">
                  <TrackedMethodRefs>
                    <TrackedMethodRef uid="8" vc="1" />
                  </TrackedMethodRefs>
                </SequencePoint>
              </SequencePoints>
              <BranchPoints />
              <MethodPoint vc="1" uspid="49" ordinal="0" offset="0">
                <TrackedMethodRefs>
                  <TrackedMethodRef uid="8" vc="1" />
                </TrackedMethodRefs>
              </MethodPoint>
            </Method>
            <Method visited="false" cyclomaticComplexity="1" nPathComplexity="0" sequenceCoverage="0" branchCoverage="0" crapScore="2" isConstructor="true" isStatic="false" isGetter="false" isSetter="false">
              <Summary numSequencePoints="0" visitedSequencePoints="0" numBranchPoints="0" visitedBranchPoints="0" sequenceCoverage="0" branchCoverage="0" maxCyclomaticComplexity="1" minCyclomaticComplexity="1" maxCrapScore="2" minCrapScore="2" visitedClasses="0" numClasses="0" visitedMethods="0" numMethods="0" />
              <MetadataToken>100663314</MetadataToken>
              <Name>System.Void ValidatonLibTest.ValidationLibAttributesTest::.ctor()</Name>
              <SequencePoints />
              <BranchPoints />
              <MethodPoint vc="0" uspid="50" ordinal="0" offset="0" />
            </Method>
          </Methods>
        </Class>
        <Class>
          <Summary numSequencePoints="2" visitedSequencePoints="0" numBranchPoints="2" visitedBranchPoints="0" sequenceCoverage="0" branchCoverage="0" maxCyclomaticComplexity="1" minCyclomaticComplexity="1" maxCrapScore="2" minCrapScore="2" visitedClasses="0" numClasses="1" visitedMethods="0" numMethods="2" />
          <FullName>ValidatonLibTest.ValidationLibAttributesTest/&lt;&gt;c</FullName>
          <Methods>
            <Method visited="false" cyclomaticComplexity="1" nPathComplexity="0" sequenceCoverage="0" branchCoverage="0" crapScore="2" isConstructor="true" isStatic="true" isGetter="false" isSetter="false">
              <Summary numSequencePoints="0" visitedSequencePoints="0" numBranchPoints="0" visitedBranchPoints="0" sequenceCoverage="0" branchCoverage="0" maxCyclomaticComplexity="1" minCyclomaticComplexity="1" maxCrapScore="2" minCrapScore="2" visitedClasses="0" numClasses="0" visitedMethods="0" numMethods="0" />
              <MetadataToken>100663325</MetadataToken>
              <Name>System.Void ValidatonLibTest.ValidationLibAttributesTest/&lt;&gt;c::.cctor()</Name>
              <SequencePoints />
              <BranchPoints />
              <MethodPoint vc="0" uspid="51" ordinal="0" offset="0" />
            </Method>
            <Method visited="false" cyclomaticComplexity="1" nPathComplexity="0" sequenceCoverage="0" branchCoverage="0" crapScore="2" isConstructor="true" isStatic="false" isGetter="false" isSetter="false">
              <Summary numSequencePoints="0" visitedSequencePoints="0" numBranchPoints="0" visitedBranchPoints="0" sequenceCoverage="0" branchCoverage="0" maxCyclomaticComplexity="1" minCyclomaticComplexity="1" maxCrapScore="2" minCrapScore="2" visitedClasses="0" numClasses="0" visitedMethods="0" numMethods="0" />
              <MetadataToken>100663326</MetadataToken>
              <Name>System.Void ValidatonLibTest.ValidationLibAttributesTest/&lt;&gt;c::.ctor()</Name>
              <SequencePoints />
              <BranchPoints />
              <MethodPoint vc="0" uspid="52" ordinal="0" offset="0" />
            </Method>
            <Method visited="false" cyclomaticComplexity="1" nPathComplexity="0" sequenceCoverage="0" branchCoverage="0" crapScore="2" isConstructor="false" isStatic="false" isGetter="false" isSetter="false">
              <Summary numSequencePoints="1" visitedSequencePoints="0" numBranchPoints="1" visitedBranchPoints="0" sequenceCoverage="0" branchCoverage="0" maxCyclomaticComplexity="1" minCyclomaticComplexity="1" maxCrapScore="2" minCrapScore="2" visitedClasses="0" numClasses="0" visitedMethods="0" numMethods="1" />
              <MetadataToken>100663327</MetadataToken>
              <Name>System.Void ValidatonLibTest.ValidationLibAttributesTest/&lt;&gt;c::&lt;Test_Minimum_Length_Must_Be_Larger_Than_Zero_In_MinimumStringLengthAttribute&gt;b__1_0()</Name>
              <FileRef uid="2" />
              <SequencePoints>
                <SequencePoint vc="0" uspid="53" ordinal="0" offset="0" sl="23" sc="62" el="23" ec="97" bec="0" bev="0" fileid="2" />
              </SequencePoints>
              <BranchPoints />
              <MethodPoint xsi:type="SequencePoint" vc="0" uspid="53" ordinal="0" offset="0" sl="23" sc="62" el="23" ec="97" bec="0" bev="0" fileid="2" />
            </Method>
            <Method visited="false" cyclomaticComplexity="1" nPathComplexity="0" sequenceCoverage="0" branchCoverage="0" crapScore="2" isConstructor="false" isStatic="false" isGetter="false" isSetter="false">
              <Summary numSequencePoints="1" visitedSequencePoints="0" numBranchPoints="1" visitedBranchPoints="0" sequenceCoverage="0" branchCoverage="0" maxCyclomaticComplexity="1" minCyclomaticComplexity="1" maxCrapScore="2" minCrapScore="2" visitedClasses="0" numClasses="0" visitedMethods="0" numMethods="1" />
              <MetadataToken>100663328</MetadataToken>
              <Name>System.Void ValidatonLibTest.ValidationLibAttributesTest/&lt;&gt;c::&lt;Test_The_Lower_Limit_Must_Be_Less_Than_Upper_Limit_In_RangeOfIntegerAttribute&gt;b__6_0()</Name>
              <FileRef uid="2" />
              <SequencePoints>
                <SequencePoint vc="0" uspid="54" ordinal="0" offset="0" sl="64" sc="52" el="64" ec="86" bec="0" bev="0" fileid="2" />
              </SequencePoints>
              <BranchPoints />
              <MethodPoint xsi:type="SequencePoint" vc="0" uspid="54" ordinal="0" offset="0" sl="64" sc="52" el="64" ec="86" bec="0" bev="0" fileid="2" />
            </Method>
          </Methods>
        </Class>
        <Class>
          <Summary numSequencePoints="1" visitedSequencePoints="0" numBranchPoints="1" visitedBranchPoints="0" sequenceCoverage="0" branchCoverage="0" maxCyclomaticComplexity="1" minCyclomaticComplexity="1" maxCrapScore="2" minCrapScore="2" visitedClasses="0" numClasses="1" visitedMethods="0" numMethods="1" />
          <FullName>ValidatonLibTest.ValidationLibAttributesTest/&lt;&gt;c__DisplayClass2_0</FullName>
          <Methods>
            <Method visited="false" cyclomaticComplexity="1" nPathComplexity="0" sequenceCoverage="0" branchCoverage="0" crapScore="2" isConstructor="true" isStatic="false" isGetter="false" isSetter="false">
              <Summary numSequencePoints="0" visitedSequencePoints="0" numBranchPoints="0" visitedBranchPoints="0" sequenceCoverage="0" branchCoverage="0" maxCyclomaticComplexity="1" minCyclomaticComplexity="1" maxCrapScore="2" minCrapScore="2" visitedClasses="0" numClasses="0" visitedMethods="0" numMethods="0" />
              <MetadataToken>100663329</MetadataToken>
              <Name>System.Void ValidatonLibTest.ValidationLibAttributesTest/&lt;&gt;c__DisplayClass2_0::.ctor()</Name>
              <SequencePoints />
              <BranchPoints />
              <MethodPoint vc="0" uspid="55" ordinal="0" offset="0" />
            </Method>
            <Method visited="false" cyclomaticComplexity="1" nPathComplexity="0" sequenceCoverage="0" branchCoverage="0" crapScore="2" isConstructor="false" isStatic="false" isGetter="false" isSetter="false">
              <Summary numSequencePoints="1" visitedSequencePoints="0" numBranchPoints="1" visitedBranchPoints="0" sequenceCoverage="0" branchCoverage="0" maxCyclomaticComplexity="1" minCyclomaticComplexity="1" maxCrapScore="2" minCrapScore="2" visitedClasses="0" numClasses="0" visitedMethods="0" numMethods="1" />
              <MetadataToken>100663330</MetadataToken>
              <Name>System.Void ValidatonLibTest.ValidationLibAttributesTest/&lt;&gt;c__DisplayClass2_0::&lt;Test_MinimumStringLengthAttribute_Does_Not_Validate_Values_With_Other_Types_Except_String&gt;b__0()</Name>
              <FileRef uid="2" />
              <SequencePoints>
                <SequencePoint vc="0" uspid="56" ordinal="0" offset="0" sl="32" sc="52" el="32" ec="80" bec="0" bev="0" fileid="2" />
              </SequencePoints>
              <BranchPoints />
              <MethodPoint xsi:type="SequencePoint" vc="0" uspid="56" ordinal="0" offset="0" sl="32" sc="52" el="32" ec="80" bec="0" bev="0" fileid="2" />
            </Method>
          </Methods>
        </Class>
        <Class>
          <Summary numSequencePoints="1" visitedSequencePoints="0" numBranchPoints="1" visitedBranchPoints="0" sequenceCoverage="0" branchCoverage="0" maxCyclomaticComplexity="1" minCyclomaticComplexity="1" maxCrapScore="2" minCrapScore="2" visitedClasses="0" numClasses="1" visitedMethods="0" numMethods="1" />
          <FullName>ValidatonLibTest.ValidationLibAttributesTest/&lt;&gt;c__DisplayClass3_0</FullName>
          <Methods>
            <Method visited="false" cyclomaticComplexity="1" nPathComplexity="0" sequenceCoverage="0" branchCoverage="0" crapScore="2" isConstructor="true" isStatic="false" isGetter="false" isSetter="false">
              <Summary numSequencePoints="0" visitedSequencePoints="0" numBranchPoints="0" visitedBranchPoints="0" sequenceCoverage="0" branchCoverage="0" maxCyclomaticComplexity="1" minCyclomaticComplexity="1" maxCrapScore="2" minCrapScore="2" visitedClasses="0" numClasses="0" visitedMethods="0" numMethods="0" />
              <MetadataToken>100663331</MetadataToken>
              <Name>System.Void ValidatonLibTest.ValidationLibAttributesTest/&lt;&gt;c__DisplayClass3_0::.ctor()</Name>
              <SequencePoints />
              <BranchPoints />
              <MethodPoint vc="0" uspid="57" ordinal="0" offset="0" />
            </Method>
            <Method visited="false" cyclomaticComplexity="1" nPathComplexity="0" sequenceCoverage="0" branchCoverage="0" crapScore="2" isConstructor="false" isStatic="false" isGetter="false" isSetter="false">
              <Summary numSequencePoints="1" visitedSequencePoints="0" numBranchPoints="1" visitedBranchPoints="0" sequenceCoverage="0" branchCoverage="0" maxCyclomaticComplexity="1" minCyclomaticComplexity="1" maxCrapScore="2" minCrapScore="2" visitedClasses="0" numClasses="0" visitedMethods="0" numMethods="1" />
              <MetadataToken>100663332</MetadataToken>
              <Name>System.Void ValidatonLibTest.ValidationLibAttributesTest/&lt;&gt;c__DisplayClass3_0::&lt;Test_MinimumStringLengthAttribute_Does_Not_Validate_Null&gt;b__0()</Name>
              <FileRef uid="2" />
              <SequencePoints>
                <SequencePoint vc="0" uspid="58" ordinal="0" offset="0" sl="40" sc="56" el="40" ec="79" bec="0" bev="0" fileid="2" />
              </SequencePoints>
              <BranchPoints />
              <MethodPoint xsi:type="SequencePoint" vc="0" uspid="58" ordinal="0" offset="0" sl="40" sc="56" el="40" ec="79" bec="0" bev="0" fileid="2" />
            </Method>
          </Methods>
        </Class>
        <Class>
          <Summary numSequencePoints="1" visitedSequencePoints="0" numBranchPoints="1" visitedBranchPoints="0" sequenceCoverage="0" branchCoverage="0" maxCyclomaticComplexity="1" minCyclomaticComplexity="1" maxCrapScore="2" minCrapScore="2" visitedClasses="0" numClasses="1" visitedMethods="0" numMethods="1" />
          <FullName>ValidatonLibTest.ValidationLibAttributesTest/&lt;&gt;c__DisplayClass5_0</FullName>
          <Methods>
            <Method visited="false" cyclomaticComplexity="1" nPathComplexity="0" sequenceCoverage="0" branchCoverage="0" crapScore="2" isConstructor="true" isStatic="false" isGetter="false" isSetter="false">
              <Summary numSequencePoints="0" visitedSequencePoints="0" numBranchPoints="0" visitedBranchPoints="0" sequenceCoverage="0" branchCoverage="0" maxCyclomaticComplexity="1" minCyclomaticComplexity="1" maxCrapScore="2" minCrapScore="2" visitedClasses="0" numClasses="0" visitedMethods="0" numMethods="0" />
              <MetadataToken>100663333</MetadataToken>
              <Name>System.Void ValidatonLibTest.ValidationLibAttributesTest/&lt;&gt;c__DisplayClass5_0::.ctor()</Name>
              <SequencePoints />
              <BranchPoints />
              <MethodPoint vc="0" uspid="59" ordinal="0" offset="0" />
            </Method>
            <Method visited="false" cyclomaticComplexity="1" nPathComplexity="0" sequenceCoverage="0" branchCoverage="0" crapScore="2" isConstructor="false" isStatic="false" isGetter="false" isSetter="false">
              <Summary numSequencePoints="1" visitedSequencePoints="0" numBranchPoints="1" visitedBranchPoints="0" sequenceCoverage="0" branchCoverage="0" maxCyclomaticComplexity="1" minCyclomaticComplexity="1" maxCrapScore="2" minCrapScore="2" visitedClasses="0" numClasses="0" visitedMethods="0" numMethods="1" />
              <MetadataToken>100663334</MetadataToken>
              <Name>System.Void ValidatonLibTest.ValidationLibAttributesTest/&lt;&gt;c__DisplayClass5_0::&lt;Test_RangeOfIntegerAttribute_Does_Not_Validate_Values_With_Other_Types_Except_Integer&gt;b__0()</Name>
              <FileRef uid="2" />
              <SequencePoints>
                <SequencePoint vc="0" uspid="60" ordinal="0" offset="0" sl="58" sc="52" el="58" ec="81" bec="0" bev="0" fileid="2" />
              </SequencePoints>
              <BranchPoints />
              <MethodPoint xsi:type="SequencePoint" vc="0" uspid="60" ordinal="0" offset="0" sl="58" sc="52" el="58" ec="81" bec="0" bev="0" fileid="2" />
            </Method>
          </Methods>
        </Class>
        <Class>
          <Summary numSequencePoints="1" visitedSequencePoints="1" numBranchPoints="1" visitedBranchPoints="1" sequenceCoverage="100" branchCoverage="100" maxCyclomaticComplexity="1" minCyclomaticComplexity="1" maxCrapScore="2" minCrapScore="1" visitedClasses="1" numClasses="1" visitedMethods="1" numMethods="1" />
          <FullName>ValidatonLibTest.ValidationLibAttributesTest/&lt;&gt;c__DisplayClass7_0</FullName>
          <Methods>
            <Method visited="false" cyclomaticComplexity="1" nPathComplexity="0" sequenceCoverage="0" branchCoverage="0" crapScore="2" isConstructor="true" isStatic="false" isGetter="false" isSetter="false">
              <Summary numSequencePoints="0" visitedSequencePoints="0" numBranchPoints="0" visitedBranchPoints="0" sequenceCoverage="0" branchCoverage="0" maxCyclomaticComplexity="1" minCyclomaticComplexity="1" maxCrapScore="2" minCrapScore="2" visitedClasses="0" numClasses="0" visitedMethods="0" numMethods="0" />
              <MetadataToken>100663335</MetadataToken>
              <Name>System.Void ValidatonLibTest.ValidationLibAttributesTest/&lt;&gt;c__DisplayClass7_0::.ctor()</Name>
              <SequencePoints />
              <BranchPoints />
              <MethodPoint vc="0" uspid="61" ordinal="0" offset="0" />
            </Method>
            <Method visited="true" cyclomaticComplexity="1" nPathComplexity="0" sequenceCoverage="100" branchCoverage="100" crapScore="1" isConstructor="false" isStatic="false" isGetter="false" isSetter="false">
              <Summary numSequencePoints="1" visitedSequencePoints="1" numBranchPoints="1" visitedBranchPoints="1" sequenceCoverage="100" branchCoverage="100" maxCyclomaticComplexity="1" minCyclomaticComplexity="1" maxCrapScore="1" minCrapScore="1" visitedClasses="0" numClasses="0" visitedMethods="1" numMethods="1" />
              <MetadataToken>100663336</MetadataToken>
              <Name>System.Void ValidatonLibTest.ValidationLibAttributesTest/&lt;&gt;c__DisplayClass7_0::&lt;Test_RangeOfIntegerAttribute_Does_Not_Validate_Null_Value&gt;b__0()</Name>
              <FileRef uid="2" />
              <SequencePoints>
                <SequencePoint vc="1" uspid="62" ordinal="0" offset="0" sl="72" sc="56" el="72" ec="79" bec="0" bev="0" fileid="2">
                  <TrackedMethodRefs>
                    <TrackedMethodRef uid="8" vc="1" />
                  </TrackedMethodRefs>
                </SequencePoint>
              </SequencePoints>
              <BranchPoints />
              <MethodPoint xsi:type="SequencePoint" vc="1" uspid="62" ordinal="0" offset="0" sl="72" sc="56" el="72" ec="79" bec="0" bev="0" fileid="2">
                <TrackedMethodRefs>
                  <TrackedMethodRef uid="8" vc="1" />
                </TrackedMethodRefs>
              </MethodPoint>
            </Method>
          </Methods>
        </Class>
        <Class>
          <Summary numSequencePoints="58" visitedSequencePoints="0" numBranchPoints="9" visitedBranchPoints="0" sequenceCoverage="0" branchCoverage="0" maxCyclomaticComplexity="2" minCyclomaticComplexity="1" maxCrapScore="6" minCrapScore="2" visitedClasses="0" numClasses="1" visitedMethods="0" numMethods="9" />
          <FullName>ValidatonLibTest.ValidationServiceTest</FullName>
          <Methods>
            <Method visited="false" cyclomaticComplexity="1" nPathComplexity="0" sequenceCoverage="0" branchCoverage="0" crapScore="2" isConstructor="false" isStatic="false" isGetter="false" isSetter="false">
              <Summary numSequencePoints="6" visitedSequencePoints="0" numBranchPoints="1" visitedBranchPoints="0" sequenceCoverage="0" branchCoverage="0" maxCyclomaticComplexity="1" minCyclomaticComplexity="1" maxCrapScore="2" minCrapScore="2" visitedClasses="0" numClasses="0" visitedMethods="0" numMethods="1" />
              <MetadataToken>100663315</MetadataToken>
              <Name>System.Void ValidatonLibTest.ValidationServiceTest::Test_Object_Is_Valid()</Name>
              <FileRef uid="8" />
              <SequencePoints>
                <SequencePoint vc="0" uspid="63" ordinal="0" offset="0" sl="14" sc="9" el="14" ec="10" bec="0" bev="0" fileid="8" />
                <SequencePoint vc="0" uspid="64" ordinal="1" offset="1" sl="15" sc="13" el="15" ec="80" bec="0" bev="0" fileid="8" />
                <SequencePoint vc="0" uspid="65" ordinal="2" offset="24" sl="16" sc="13" el="16" ec="51" bec="0" bev="0" fileid="8" />
                <SequencePoint vc="0" uspid="66" ordinal="3" offset="30" sl="17" sc="13" el="17" ec="49" bec="0" bev="0" fileid="8" />
                <SequencePoint vc="0" uspid="67" ordinal="4" offset="38" sl="19" sc="13" el="19" ec="40" bec="0" bev="0" fileid="8" />
                <SequencePoint vc="0" uspid="68" ordinal="5" offset="50" sl="20" sc="9" el="20" ec="10" bec="0" bev="0" fileid="8" />
              </SequencePoints>
              <BranchPoints />
              <MethodPoint xsi:type="SequencePoint" vc="0" uspid="63" ordinal="0" offset="0" sl="14" sc="9" el="14" ec="10" bec="0" bev="0" fileid="8" />
            </Method>
            <Method visited="false" cyclomaticComplexity="1" nPathComplexity="0" sequenceCoverage="0" branchCoverage="0" crapScore="2" isConstructor="false" isStatic="false" isGetter="false" isSetter="false">
              <Summary numSequencePoints="6" visitedSequencePoints="0" numBranchPoints="1" visitedBranchPoints="0" sequenceCoverage="0" branchCoverage="0" maxCyclomaticComplexity="1" minCyclomaticComplexity="1" maxCrapScore="2" minCrapScore="2" visitedClasses="0" numClasses="0" visitedMethods="0" numMethods="1" />
              <MetadataToken>100663316</MetadataToken>
              <Name>System.Void ValidatonLibTest.ValidationServiceTest::Test_Object_Is_Not_Valid()</Name>
              <FileRef uid="8" />
              <SequencePoints>
                <SequencePoint vc="0" uspid="69" ordinal="0" offset="0" sl="24" sc="9" el="24" ec="10" bec="0" bev="0" fileid="8" />
                <SequencePoint vc="0" uspid="70" ordinal="1" offset="1" sl="25" sc="13" el="25" ec="58" bec="0" bev="0" fileid="8" />
                <SequencePoint vc="0" uspid="71" ordinal="2" offset="24" sl="26" sc="13" el="26" ec="51" bec="0" bev="0" fileid="8" />
                <SequencePoint vc="0" uspid="72" ordinal="3" offset="30" sl="27" sc="13" el="27" ec="49" bec="0" bev="0" fileid="8" />
                <SequencePoint vc="0" uspid="73" ordinal="4" offset="38" sl="29" sc="13" el="29" ec="62" bec="0" bev="0" fileid="8" />
                <SequencePoint vc="0" uspid="74" ordinal="5" offset="56" sl="30" sc="9" el="30" ec="10" bec="0" bev="0" fileid="8" />
              </SequencePoints>
              <BranchPoints />
              <MethodPoint xsi:type="SequencePoint" vc="0" uspid="69" ordinal="0" offset="0" sl="24" sc="9" el="24" ec="10" bec="0" bev="0" fileid="8" />
            </Method>
            <Method visited="false" cyclomaticComplexity="1" nPathComplexity="0" sequenceCoverage="0" branchCoverage="0" crapScore="2" isConstructor="false" isStatic="false" isGetter="false" isSetter="false">
              <Summary numSequencePoints="4" visitedSequencePoints="0" numBranchPoints="1" visitedBranchPoints="0" sequenceCoverage="0" branchCoverage="0" maxCyclomaticComplexity="1" minCyclomaticComplexity="1" maxCrapScore="2" minCrapScore="2" visitedClasses="0" numClasses="0" visitedMethods="0" numMethods="1" />
              <MetadataToken>100663317</MetadataToken>
              <Name>System.Void ValidatonLibTest.ValidationServiceTest::Test_Object_is_Null()</Name>
              <FileRef uid="8" />
              <SequencePoints>
                <SequencePoint vc="0" uspid="75" ordinal="0" offset="6" sl="34" sc="9" el="34" ec="10" bec="0" bev="0" fileid="8" />
                <SequencePoint vc="0" uspid="76" ordinal="1" offset="7" sl="35" sc="13" el="35" ec="51" bec="0" bev="0" fileid="8" />
                <SequencePoint vc="0" uspid="77" ordinal="2" offset="18" sl="37" sc="13" el="37" ec="80" bec="0" bev="0" fileid="8" />
                <SequencePoint vc="0" uspid="78" ordinal="3" offset="36" sl="38" sc="9" el="38" ec="10" bec="0" bev="0" fileid="8" />
              </SequencePoints>
              <BranchPoints />
              <MethodPoint vc="0" uspid="79" ordinal="0" offset="0" />
            </Method>
            <Method visited="false" cyclomaticComplexity="1" nPathComplexity="0" sequenceCoverage="0" branchCoverage="0" crapScore="2" isConstructor="false" isStatic="false" isGetter="false" isSetter="false">
              <Summary numSequencePoints="8" visitedSequencePoints="0" numBranchPoints="1" visitedBranchPoints="0" sequenceCoverage="0" branchCoverage="0" maxCyclomaticComplexity="1" minCyclomaticComplexity="1" maxCrapScore="2" minCrapScore="2" visitedClasses="0" numClasses="0" visitedMethods="0" numMethods="1" />
              <MetadataToken>100663318</MetadataToken>
              <Name>System.Void ValidatonLibTest.ValidationServiceTest::Test_That_Logger_Works()</Name>
              <FileRef uid="8" />
              <SequencePoints>
                <SequencePoint vc="0" uspid="80" ordinal="0" offset="0" sl="42" sc="9" el="42" ec="10" bec="0" bev="0" fileid="8" />
                <SequencePoint vc="0" uspid="81" ordinal="1" offset="1" sl="43" sc="13" el="43" ec="50" bec="0" bev="0" fileid="8" />
                <SequencePoint vc="0" uspid="82" ordinal="2" offset="7" sl="44" sc="13" el="44" ec="72" bec="0" bev="0" fileid="8" />
                <SequencePoint vc="0" uspid="83" ordinal="3" offset="30" sl="45" sc="13" el="45" ec="68" bec="0" bev="0" fileid="8" />
                <SequencePoint vc="0" uspid="84" ordinal="4" offset="42" sl="47" sc="13" el="47" ec="73" bec="0" bev="0" fileid="8" />
                <SequencePoint vc="0" uspid="85" ordinal="5" offset="142" sl="48" sc="13" el="48" ec="36" bec="0" bev="0" fileid="8" />
                <SequencePoint vc="0" uspid="86" ordinal="6" offset="150" sl="50" sc="13" el="50" ec="86" bec="0" bev="0" fileid="8" />
                <SequencePoint vc="0" uspid="87" ordinal="7" offset="262" sl="51" sc="9" el="51" ec="10" bec="0" bev="0" fileid="8" />
              </SequencePoints>
              <BranchPoints />
              <MethodPoint xsi:type="SequencePoint" vc="0" uspid="80" ordinal="0" offset="0" sl="42" sc="9" el="42" ec="10" bec="0" bev="0" fileid="8" />
            </Method>
            <Method visited="false" cyclomaticComplexity="2" nPathComplexity="0" sequenceCoverage="0" branchCoverage="0" crapScore="6" isConstructor="false" isStatic="false" isGetter="false" isSetter="false">
              <Summary numSequencePoints="3" visitedSequencePoints="0" numBranchPoints="1" visitedBranchPoints="0" sequenceCoverage="0" branchCoverage="0" maxCyclomaticComplexity="2" minCyclomaticComplexity="2" maxCrapScore="6" minCrapScore="6" visitedClasses="0" numClasses="0" visitedMethods="0" numMethods="1" />
              <MetadataToken>100663319</MetadataToken>
              <Name>System.Void ValidatonLibTest.ValidationServiceTest::Test_Logger_is_Null()</Name>
              <FileRef uid="8" />
              <SequencePoints>
                <SequencePoint vc="0" uspid="88" ordinal="0" offset="0" sl="55" sc="9" el="55" ec="10" bec="0" bev="0" fileid="8" />
                <SequencePoint vc="0" uspid="89" ordinal="1" offset="1" sl="56" sc="13" el="56" ec="85" bec="0" bev="0" fileid="8" />
                <SequencePoint vc="0" uspid="90" ordinal="2" offset="38" sl="57" sc="9" el="57" ec="10" bec="0" bev="0" fileid="8" />
              </SequencePoints>
              <BranchPoints />
              <MethodPoint xsi:type="SequencePoint" vc="0" uspid="88" ordinal="0" offset="0" sl="55" sc="9" el="55" ec="10" bec="0" bev="0" fileid="8" />
            </Method>
            <Method visited="false" cyclomaticComplexity="1" nPathComplexity="0" sequenceCoverage="0" branchCoverage="0" crapScore="2" isConstructor="false" isStatic="false" isGetter="false" isSetter="false">
              <Summary numSequencePoints="8" visitedSequencePoints="0" numBranchPoints="1" visitedBranchPoints="0" sequenceCoverage="0" branchCoverage="0" maxCyclomaticComplexity="1" minCyclomaticComplexity="1" maxCrapScore="2" minCrapScore="2" visitedClasses="0" numClasses="0" visitedMethods="0" numMethods="1" />
              <MetadataToken>100663320</MetadataToken>
              <Name>System.Void ValidatonLibTest.ValidationServiceTest::Test_Length_Of_Property_Of_String_Type_Less_Than_Minimum_Length()</Name>
              <FileRef uid="8" />
              <SequencePoints>
                <SequencePoint vc="0" uspid="93" ordinal="0" offset="0" sl="61" sc="9" el="61" ec="10" bec="0" bev="0" fileid="8" />
                <SequencePoint vc="0" uspid="94" ordinal="1" offset="1" sl="62" sc="13" el="62" ec="72" bec="0" bev="0" fileid="8" />
                <SequencePoint vc="0" uspid="95" ordinal="2" offset="24" sl="63" sc="13" el="63" ec="51" bec="0" bev="0" fileid="8" />
                <SequencePoint vc="0" uspid="96" ordinal="3" offset="30" sl="64" sc="13" el="64" ec="79" bec="0" bev="0" fileid="8" />
                <SequencePoint vc="0" uspid="97" ordinal="4" offset="36" sl="66" sc="13" el="66" ec="49" bec="0" bev="0" fileid="8" />
                <SequencePoint vc="0" uspid="98" ordinal="5" offset="44" sl="68" sc="13" el="68" ec="41" bec="0" bev="0" fileid="8" />
                <SequencePoint vc="0" uspid="99" ordinal="6" offset="56" sl="69" sc="13" el="69" ec="61" bec="0" bev="0" fileid="8" />
                <SequencePoint vc="0" uspid="100" ordinal="7" offset="69" sl="70" sc="9" el="70" ec="10" bec="0" bev="0" fileid="8" />
              </SequencePoints>
              <BranchPoints />
              <MethodPoint xsi:type="SequencePoint" vc="0" uspid="93" ordinal="0" offset="0" sl="61" sc="9" el="61" ec="10" bec="0" bev="0" fileid="8" />
            </Method>
            <Method visited="false" cyclomaticComplexity="1" nPathComplexity="0" sequenceCoverage="0" branchCoverage="0" crapScore="2" isConstructor="false" isStatic="false" isGetter="false" isSetter="false">
              <Summary numSequencePoints="8" visitedSequencePoints="0" numBranchPoints="1" visitedBranchPoints="0" sequenceCoverage="0" branchCoverage="0" maxCyclomaticComplexity="1" minCyclomaticComplexity="1" maxCrapScore="2" minCrapScore="2" visitedClasses="0" numClasses="0" visitedMethods="0" numMethods="1" />
              <MetadataToken>100663321</MetadataToken>
              <Name>System.Void ValidatonLibTest.ValidationServiceTest::Test_Property_Of_Integer_Type_Not_In_Range()</Name>
              <FileRef uid="8" />
              <SequencePoints>
                <SequencePoint vc="0" uspid="101" ordinal="0" offset="0" sl="74" sc="9" el="74" ec="10" bec="0" bev="0" fileid="8" />
                <SequencePoint vc="0" uspid="102" ordinal="1" offset="1" sl="75" sc="13" el="75" ec="80" bec="0" bev="0" fileid="8" />
                <SequencePoint vc="0" uspid="103" ordinal="2" offset="23" sl="76" sc="13" el="76" ec="51" bec="0" bev="0" fileid="8" />
                <SequencePoint vc="0" uspid="104" ordinal="3" offset="29" sl="77" sc="13" el="77" ec="84" bec="0" bev="0" fileid="8" />
                <SequencePoint vc="0" uspid="105" ordinal="4" offset="35" sl="79" sc="13" el="79" ec="49" bec="0" bev="0" fileid="8" />
                <SequencePoint vc="0" uspid="106" ordinal="5" offset="43" sl="81" sc="13" el="81" ec="41" bec="0" bev="0" fileid="8" />
                <SequencePoint vc="0" uspid="107" ordinal="6" offset="55" sl="82" sc="13" el="82" ec="61" bec="0" bev="0" fileid="8" />
                <SequencePoint vc="0" uspid="108" ordinal="7" offset="68" sl="83" sc="9" el="83" ec="10" bec="0" bev="0" fileid="8" />
              </SequencePoints>
              <BranchPoints />
              <MethodPoint xsi:type="SequencePoint" vc="0" uspid="101" ordinal="0" offset="0" sl="74" sc="9" el="74" ec="10" bec="0" bev="0" fileid="8" />
            </Method>
            <Method visited="false" cyclomaticComplexity="1" nPathComplexity="0" sequenceCoverage="0" branchCoverage="0" crapScore="2" isConstructor="false" isStatic="false" isGetter="false" isSetter="false">
              <Summary numSequencePoints="8" visitedSequencePoints="0" numBranchPoints="1" visitedBranchPoints="0" sequenceCoverage="0" branchCoverage="0" maxCyclomaticComplexity="1" minCyclomaticComplexity="1" maxCrapScore="2" minCrapScore="2" visitedClasses="0" numClasses="0" visitedMethods="0" numMethods="1" />
              <MetadataToken>100663322</MetadataToken>
              <Name>System.Void ValidatonLibTest.ValidationServiceTest::Test_Required_Property_Is_Null()</Name>
              <FileRef uid="8" />
              <SequencePoints>
                <SequencePoint vc="0" uspid="109" ordinal="0" offset="0" sl="87" sc="9" el="87" ec="10" bec="0" bev="0" fileid="8" />
                <SequencePoint vc="0" uspid="110" ordinal="1" offset="1" sl="88" sc="13" el="88" ec="68" bec="0" bev="0" fileid="8" />
                <SequencePoint vc="0" uspid="111" ordinal="2" offset="24" sl="89" sc="13" el="89" ec="51" bec="0" bev="0" fileid="8" />
                <SequencePoint vc="0" uspid="112" ordinal="3" offset="30" sl="90" sc="13" el="90" ec="49" bec="0" bev="0" fileid="8" />
                <SequencePoint vc="0" uspid="113" ordinal="4" offset="36" sl="92" sc="13" el="92" ec="49" bec="0" bev="0" fileid="8" />
                <SequencePoint vc="0" uspid="114" ordinal="5" offset="44" sl="94" sc="13" el="94" ec="41" bec="0" bev="0" fileid="8" />
                <SequencePoint vc="0" uspid="115" ordinal="6" offset="56" sl="95" sc="13" el="95" ec="61" bec="0" bev="0" fileid="8" />
                <SequencePoint vc="0" uspid="116" ordinal="7" offset="69" sl="96" sc="9" el="96" ec="10" bec="0" bev="0" fileid="8" />
              </SequencePoints>
              <BranchPoints />
              <MethodPoint xsi:type="SequencePoint" vc="0" uspid="109" ordinal="0" offset="0" sl="87" sc="9" el="87" ec="10" bec="0" bev="0" fileid="8" />
            </Method>
            <Method visited="false" cyclomaticComplexity="1" nPathComplexity="0" sequenceCoverage="0" branchCoverage="0" crapScore="2" isConstructor="false" isStatic="false" isGetter="false" isSetter="false">
              <Summary numSequencePoints="7" visitedSequencePoints="0" numBranchPoints="1" visitedBranchPoints="0" sequenceCoverage="0" branchCoverage="0" maxCyclomaticComplexity="1" minCyclomaticComplexity="1" maxCrapScore="2" minCrapScore="2" visitedClasses="0" numClasses="0" visitedMethods="0" numMethods="1" />
              <MetadataToken>100663323</MetadataToken>
              <Name>System.Void ValidatonLibTest.ValidationServiceTest::Test_Name_Is_Not_Required_Property()</Name>
              <FileRef uid="8" />
              <SequencePoints>
                <SequencePoint vc="0" uspid="117" ordinal="0" offset="0" sl="100" sc="9" el="100" ec="10" bec="0" bev="0" fileid="8" />
                <SequencePoint vc="0" uspid="118" ordinal="1" offset="1" sl="101" sc="13" el="101" ec="80" bec="0" bev="0" fileid="8" />
                <SequencePoint vc="0" uspid="119" ordinal="2" offset="24" sl="102" sc="13" el="102" ec="30" bec="0" bev="0" fileid="8" />
                <SequencePoint vc="0" uspid="120" ordinal="3" offset="32" sl="103" sc="13" el="103" ec="51" bec="0" bev="0" fileid="8" />
                <SequencePoint vc="0" uspid="121" ordinal="4" offset="38" sl="105" sc="13" el="105" ec="49" bec="0" bev="0" fileid="8" />
                <SequencePoint vc="0" uspid="122" ordinal="5" offset="46" sl="107" sc="13" el="107" ec="40" bec="0" bev="0" fileid="8" />
                <SequencePoint vc="0" uspid="123" ordinal="6" offset="58" sl="108" sc="9" el="108" ec="10" bec="0" bev="0" fileid="8" />
              </SequencePoints>
              <BranchPoints />
              <MethodPoint xsi:type="SequencePoint" vc="0" uspid="117" ordinal="0" offset="0" sl="100" sc="9" el="100" ec="10" bec="0" bev="0" fileid="8" />
            </Method>
            <Method visited="false" cyclomaticComplexity="1" nPathComplexity="0" sequenceCoverage="0" branchCoverage="0" crapScore="2" isConstructor="true" isStatic="false" isGetter="false" isSetter="false">
              <Summary numSequencePoints="0" visitedSequencePoints="0" numBranchPoints="0" visitedBranchPoints="0" sequenceCoverage="0" branchCoverage="0" maxCyclomaticComplexity="1" minCyclomaticComplexity="1" maxCrapScore="2" minCrapScore="2" visitedClasses="0" numClasses="0" visitedMethods="0" numMethods="0" />
              <MetadataToken>100663324</MetadataToken>
              <Name>System.Void ValidatonLibTest.ValidationServiceTest::.ctor()</Name>
              <SequencePoints />
              <BranchPoints />
              <MethodPoint vc="0" uspid="124" ordinal="0" offset="0" />
            </Method>
          </Methods>
        </Class>
        <Class>
          <Summary numSequencePoints="1" visitedSequencePoints="0" numBranchPoints="1" visitedBranchPoints="0" sequenceCoverage="0" branchCoverage="0" maxCyclomaticComplexity="1" minCyclomaticComplexity="1" maxCrapScore="2" minCrapScore="2" visitedClasses="0" numClasses="1" visitedMethods="0" numMethods="1" />
          <FullName>ValidatonLibTest.ValidationServiceTest/&lt;&gt;c__DisplayClass2_0</FullName>
          <Methods>
            <Method visited="false" cyclomaticComplexity="1" nPathComplexity="0" sequenceCoverage="0" branchCoverage="0" crapScore="2" isConstructor="true" isStatic="false" isGetter="false" isSetter="false">
              <Summary numSequencePoints="0" visitedSequencePoints="0" numBranchPoints="0" visitedBranchPoints="0" sequenceCoverage="0" branchCoverage="0" maxCyclomaticComplexity="1" minCyclomaticComplexity="1" maxCrapScore="2" minCrapScore="2" visitedClasses="0" numClasses="0" visitedMethods="0" numMethods="0" />
              <MetadataToken>100663337</MetadataToken>
              <Name>System.Void ValidatonLibTest.ValidationServiceTest/&lt;&gt;c__DisplayClass2_0::.ctor()</Name>
              <SequencePoints />
              <BranchPoints />
              <MethodPoint vc="0" uspid="125" ordinal="0" offset="0" />
            </Method>
            <Method visited="false" cyclomaticComplexity="1" nPathComplexity="0" sequenceCoverage="0" branchCoverage="0" crapScore="2" isConstructor="false" isStatic="false" isGetter="false" isSetter="false">
              <Summary numSequencePoints="1" visitedSequencePoints="0" numBranchPoints="1" visitedBranchPoints="0" sequenceCoverage="0" branchCoverage="0" maxCyclomaticComplexity="1" minCyclomaticComplexity="1" maxCrapScore="2" minCrapScore="2" visitedClasses="0" numClasses="0" visitedMethods="0" numMethods="1" />
              <MetadataToken>100663338</MetadataToken>
              <Name>System.Void ValidatonLibTest.ValidationServiceTest/&lt;&gt;c__DisplayClass2_0::&lt;Test_Object_is_Null&gt;b__0()</Name>
              <FileRef uid="8" />
              <SequencePoints>
                <SequencePoint vc="0" uspid="126" ordinal="0" offset="0" sl="37" sc="56" el="37" ec="78" bec="0" bev="0" fileid="8" />
              </SequencePoints>
              <BranchPoints />
              <MethodPoint xsi:type="SequencePoint" vc="0" uspid="126" ordinal="0" offset="0" sl="37" sc="56" el="37" ec="78" bec="0" bev="0" fileid="8" />
            </Method>
          </Methods>
        </Class>
        <Class>
          <Summary numSequencePoints="1" visitedSequencePoints="0" numBranchPoints="1" visitedBranchPoints="0" sequenceCoverage="0" branchCoverage="0" maxCyclomaticComplexity="1" minCyclomaticComplexity="1" maxCrapScore="2" minCrapScore="2" visitedClasses="0" numClasses="1" visitedMethods="0" numMethods="1" />
          <FullName>ValidatonLibTest.ValidationServiceTest/&lt;&gt;c</FullName>
          <Methods>
            <Method visited="false" cyclomaticComplexity="1" nPathComplexity="0" sequenceCoverage="0" branchCoverage="0" crapScore="2" isConstructor="true" isStatic="true" isGetter="false" isSetter="false">
              <Summary numSequencePoints="0" visitedSequencePoints="0" numBranchPoints="0" visitedBranchPoints="0" sequenceCoverage="0" branchCoverage="0" maxCyclomaticComplexity="1" minCyclomaticComplexity="1" maxCrapScore="2" minCrapScore="2" visitedClasses="0" numClasses="0" visitedMethods="0" numMethods="0" />
              <MetadataToken>100663339</MetadataToken>
              <Name>System.Void ValidatonLibTest.ValidationServiceTest/&lt;&gt;c::.cctor()</Name>
              <SequencePoints />
              <BranchPoints />
              <MethodPoint vc="0" uspid="127" ordinal="0" offset="0" />
            </Method>
            <Method visited="false" cyclomaticComplexity="1" nPathComplexity="0" sequenceCoverage="0" branchCoverage="0" crapScore="2" isConstructor="true" isStatic="false" isGetter="false" isSetter="false">
              <Summary numSequencePoints="0" visitedSequencePoints="0" numBranchPoints="0" visitedBranchPoints="0" sequenceCoverage="0" branchCoverage="0" maxCyclomaticComplexity="1" minCyclomaticComplexity="1" maxCrapScore="2" minCrapScore="2" visitedClasses="0" numClasses="0" visitedMethods="0" numMethods="0" />
              <MetadataToken>100663340</MetadataToken>
              <Name>System.Void ValidatonLibTest.ValidationServiceTest/&lt;&gt;c::.ctor()</Name>
              <SequencePoints />
              <BranchPoints />
              <MethodPoint vc="0" uspid="128" ordinal="0" offset="0" />
            </Method>
            <Method visited="false" cyclomaticComplexity="1" nPathComplexity="0" sequenceCoverage="0" branchCoverage="0" crapScore="2" isConstructor="false" isStatic="false" isGetter="false" isSetter="false">
              <Summary numSequencePoints="1" visitedSequencePoints="0" numBranchPoints="1" visitedBranchPoints="0" sequenceCoverage="0" branchCoverage="0" maxCyclomaticComplexity="1" minCyclomaticComplexity="1" maxCrapScore="2" minCrapScore="2" visitedClasses="0" numClasses="0" visitedMethods="0" numMethods="1" />
              <MetadataToken>100663341</MetadataToken>
              <Name>System.Void ValidatonLibTest.ValidationServiceTest/&lt;&gt;c::&lt;Test_Logger_is_Null&gt;b__4_0()</Name>
              <FileRef uid="8" />
              <SequencePoints>
                <SequencePoint vc="0" uspid="129" ordinal="0" offset="0" sl="56" sc="56" el="56" ec="83" bec="0" bev="0" fileid="8" />
              </SequencePoints>
              <BranchPoints />
              <MethodPoint xsi:type="SequencePoint" vc="0" uspid="129" ordinal="0" offset="0" sl="56" sc="56" el="56" ec="83" bec="0" bev="0" fileid="8" />
            </Method>
          </Methods>
        </Class>
      </Classes>
      <TrackedMethods>
        <TrackedMethod uid="1" token="100663306" name="System.Void ValidatonLibTest.ValidationLibAttributesTest::Test_MinimumStringLengthAttribute_Validate_Strings()" strategy="NUnitTest" />
        <TrackedMethod uid="2" token="100663307" name="System.Void ValidatonLibTest.ValidationLibAttributesTest::Test_Minimum_Length_Must_Be_Larger_Than_Zero_In_MinimumStringLengthAttribute()" strategy="NUnitTest" />
        <TrackedMethod uid="3" token="100663308" name="System.Void ValidatonLibTest.ValidationLibAttributesTest::Test_MinimumStringLengthAttribute_Does_Not_Validate_Values_With_Other_Types_Except_String()" strategy="NUnitTest" />
        <TrackedMethod uid="4" token="100663309" name="System.Void ValidatonLibTest.ValidationLibAttributesTest::Test_MinimumStringLengthAttribute_Does_Not_Validate_Null()" strategy="NUnitTest" />
        <TrackedMethod uid="5" token="100663310" name="System.Void ValidatonLibTest.ValidationLibAttributesTest::Test_RangeOfIntegerAttribute_Validate_Integer_Values()" strategy="NUnitTest" />
        <TrackedMethod uid="6" token="100663311" name="System.Void ValidatonLibTest.ValidationLibAttributesTest::Test_RangeOfIntegerAttribute_Does_Not_Validate_Values_With_Other_Types_Except_Integer()" strategy="NUnitTest" />
        <TrackedMethod uid="7" token="100663312" name="System.Void ValidatonLibTest.ValidationLibAttributesTest::Test_The_Lower_Limit_Must_Be_Less_Than_Upper_Limit_In_RangeOfIntegerAttribute()" strategy="NUnitTest" />
        <TrackedMethod uid="8" token="100663313" name="System.Void ValidatonLibTest.ValidationLibAttributesTest::Test_RangeOfIntegerAttribute_Does_Not_Validate_Null_Value()" strategy="NUnitTest" />
        <TrackedMethod uid="9" token="100663315" name="System.Void ValidatonLibTest.ValidationServiceTest::Test_Object_Is_Valid()" strategy="NUnitTest" />
        <TrackedMethod uid="10" token="100663316" name="System.Void ValidatonLibTest.ValidationServiceTest::Test_Object_Is_Not_Valid()" strategy="NUnitTest" />
        <TrackedMethod uid="11" token="100663317" name="System.Void ValidatonLibTest.ValidationServiceTest::Test_Object_is_Null()" strategy="NUnitTest" />
        <TrackedMethod uid="12" token="100663318" name="System.Void ValidatonLibTest.ValidationServiceTest::Test_That_Logger_Works()" strategy="NUnitTest" />
        <TrackedMethod uid="13" token="100663319" name="System.Void ValidatonLibTest.ValidationServiceTest::Test_Logger_is_Null()" strategy="NUnitTest" />
        <TrackedMethod uid="14" token="100663320" name="System.Void ValidatonLibTest.ValidationServiceTest::Test_Length_Of_Property_Of_String_Type_Less_Than_Minimum_Length()" strategy="NUnitTest" />
        <TrackedMethod uid="15" token="100663321" name="System.Void ValidatonLibTest.ValidationServiceTest::Test_Property_Of_Integer_Type_Not_In_Range()" strategy="NUnitTest" />
        <TrackedMethod uid="16" token="100663322" name="System.Void ValidatonLibTest.ValidationServiceTest::Test_Required_Property_Is_Null()" strategy="NUnitTest" />
        <TrackedMethod uid="17" token="100663323" name="System.Void ValidatonLibTest.ValidationServiceTest::Test_Name_Is_Not_Required_Property()" strategy="NUnitTest" />
      </TrackedMethods>
    </Module>
    <Module hash="AA-2F-5C-E4-90-59-67-AA-D8-F4-4D-EF-E5-1E-E2-FA-7B-EE-10-12">
      <Summary numSequencePoints="114" visitedSequencePoints="9" numBranchPoints="44" visitedBranchPoints="4" sequenceCoverage="7.89" branchCoverage="9.09" maxCyclomaticComplexity="7" minCyclomaticComplexity="1" maxCrapScore="56" minCrapScore="2" visitedClasses="1" numClasses="5" visitedMethods="2" numMethods="14" />
      <ModulePath>E:\Учёба\3й курс\5й семестр\СПП\ValidationLab\ValidatonLibTest\bin\Debug\ValidationLib.dll</ModulePath>
      <ModuleTime>2018-09-17T11:17:09.321821Z</ModuleTime>
      <ModuleName>ValidationLib</ModuleName>
      <Files>
        <File uid="21" fullPath="E:\Учёба\3й курс\5й семестр\СПП\ValidationLab\ValidationLib\Services\ValidationService.cs" />
        <File uid="22" fullPath="E:\Учёба\3й курс\5й семестр\СПП\ValidationLab\ValidationLib\Services\Helpers\ValidationResult.cs" />
        <File uid="23" fullPath="E:\Учёба\3й курс\5й семестр\СПП\ValidationLab\ValidationLib\Attributes\MinimumStringLengthAttribute.cs" />
        <File uid="24" fullPath="E:\Учёба\3й курс\5й семестр\СПП\ValidationLab\ValidationLib\Attributes\RangeOfIntegerAttribute.cs" />
        <File uid="25" fullPath="E:\Учёба\3й курс\5й семестр\СПП\ValidationLab\ValidationLib\Attributes\RequiredValueAttribute.cs" />
      </Files>
      <Classes>
        <Class>
          <Summary numSequencePoints="53" visitedSequencePoints="0" numBranchPoints="16" visitedBranchPoints="0" sequenceCoverage="0" branchCoverage="0" maxCyclomaticComplexity="4" minCyclomaticComplexity="1" maxCrapScore="20" minCrapScore="2" visitedClasses="0" numClasses="1" visitedMethods="0" numMethods="6" />
          <FullName>ValidationLib.Services.ValidationService</FullName>
          <Methods>
            <Method visited="false" cyclomaticComplexity="1" nPathComplexity="0" sequenceCoverage="0" branchCoverage="0" crapScore="2" isConstructor="true" isStatic="false" isGetter="false" isSetter="false">
              <Summary numSequencePoints="4" visitedSequencePoints="0" numBranchPoints="1" visitedBranchPoints="0" sequenceCoverage="0" branchCoverage="0" maxCyclomaticComplexity="1" minCyclomaticComplexity="1" maxCrapScore="2" minCrapScore="2" visitedClasses="0" numClasses="0" visitedMethods="0" numMethods="1" />
              <MetadataToken>100663298</MetadataToken>
              <Name>System.Void ValidationLib.Services.ValidationService::.ctor()</Name>
              <FileRef uid="21" />
              <SequencePoints>
                <SequencePoint vc="0" uspid="130" ordinal="0" offset="0" sl="15" sc="9" el="15" ec="35" bec="0" bev="0" fileid="21" />
                <SequencePoint vc="0" uspid="131" ordinal="1" offset="7" sl="16" sc="9" el="16" ec="10" bec="0" bev="0" fileid="21" />
                <SequencePoint vc="0" uspid="132" ordinal="2" offset="8" sl="17" sc="11" el="17" ec="44" bec="0" bev="0" fileid="21" />
                <SequencePoint vc="0" uspid="133" ordinal="3" offset="19" sl="18" sc="9" el="18" ec="10" bec="0" bev="0" fileid="21" />
              </SequencePoints>
              <BranchPoints />
              <MethodPoint xsi:type="SequencePoint" vc="0" uspid="130" ordinal="0" offset="0" sl="15" sc="9" el="15" ec="35" bec="0" bev="0" fileid="21" />
            </Method>
            <Method visited="false" cyclomaticComplexity="2" nPathComplexity="2" sequenceCoverage="0" branchCoverage="0" crapScore="6" isConstructor="true" isStatic="false" isGetter="false" isSetter="false">
              <Summary numSequencePoints="7" visitedSequencePoints="0" numBranchPoints="3" visitedBranchPoints="0" sequenceCoverage="0" branchCoverage="0" maxCyclomaticComplexity="2" minCyclomaticComplexity="2" maxCrapScore="6" minCrapScore="6" visitedClasses="0" numClasses="0" visitedMethods="0" numMethods="1" />
              <MetadataToken>100663299</MetadataToken>
              <Name>System.Void ValidationLib.Services.ValidationService::.ctor(Logger.Interfaces.ILogger)</Name>
              <FileRef uid="21" />
              <SequencePoints>
                <SequencePoint vc="0" uspid="134" ordinal="0" offset="0" sl="20" sc="9" el="20" ec="49" bec="0" bev="0" fileid="21" />
                <SequencePoint vc="0" uspid="135" ordinal="1" offset="7" sl="21" sc="9" el="21" ec="10" bec="0" bev="0" fileid="21" />
                <SequencePoint vc="0" uspid="136" ordinal="2" offset="8" sl="22" sc="13" el="22" ec="31" bec="2" bev="0" fileid="21" />
                <SequencePoint vc="0" uspid="137" ordinal="3" offset="16" sl="23" sc="13" el="23" ec="14" bec="0" bev="0" fileid="21" />
                <SequencePoint vc="0" uspid="138" ordinal="4" offset="17" sl="24" sc="17" el="24" ec="91" bec="0" bev="0" fileid="21" />
                <SequencePoint vc="0" uspid="139" ordinal="5" offset="38" sl="26" sc="13" el="26" ec="30" bec="0" bev="0" fileid="21" />
                <SequencePoint vc="0" uspid="140" ordinal="6" offset="45" sl="27" sc="9" el="27" ec="10" bec="0" bev="0" fileid="21" />
              </SequencePoints>
              <BranchPoints>
                <BranchPoint vc="0" uspid="141" ordinal="0" offset="14" sl="22" path="0" offsetend="16" fileid="21" />
                <BranchPoint vc="0" uspid="142" ordinal="1" offset="14" sl="22" path="1" offsetend="38" fileid="21" />
              </BranchPoints>
              <MethodPoint xsi:type="SequencePoint" vc="0" uspid="134" ordinal="0" offset="0" sl="20" sc="9" el="20" ec="49" bec="0" bev="0" fileid="21" />
            </Method>
            <Method visited="false" cyclomaticComplexity="2" nPathComplexity="2" sequenceCoverage="0" branchCoverage="0" crapScore="6" isConstructor="false" isStatic="false" isGetter="false" isSetter="false">
              <Summary numSequencePoints="6" visitedSequencePoints="0" numBranchPoints="3" visitedBranchPoints="0" sequenceCoverage="0" branchCoverage="0" maxCyclomaticComplexity="2" minCyclomaticComplexity="2" maxCrapScore="6" minCrapScore="6" visitedClasses="0" numClasses="0" visitedMethods="0" numMethods="1" />
              <MetadataToken>100663300</MetadataToken>
              <Name>ValidationLib.Services.Helpers.ValidationResult ValidationLib.Services.ValidationService::Validate(System.Object)</Name>
              <FileRef uid="21" />
              <SequencePoints>
                <SequencePoint vc="0" uspid="143" ordinal="0" offset="0" sl="30" sc="9" el="30" ec="10" bec="0" bev="0" fileid="21" />
                <SequencePoint vc="0" uspid="144" ordinal="1" offset="1" sl="31" sc="13" el="31" ec="31" bec="2" bev="0" fileid="21" />
                <SequencePoint vc="0" uspid="145" ordinal="2" offset="9" sl="32" sc="13" el="32" ec="14" bec="0" bev="0" fileid="21" />
                <SequencePoint vc="0" uspid="146" ordinal="3" offset="10" sl="33" sc="17" el="33" ec="93" bec="0" bev="0" fileid="21" />
                <SequencePoint vc="0" uspid="147" ordinal="4" offset="31" sl="36" sc="13" el="36" ec="42" bec="0" bev="0" fileid="21" />
                <SequencePoint vc="0" uspid="148" ordinal="5" offset="41" sl="37" sc="9" el="37" ec="10" bec="0" bev="0" fileid="21" />
              </SequencePoints>
              <BranchPoints>
                <BranchPoint vc="0" uspid="149" ordinal="0" offset="7" sl="31" path="0" offsetend="9" fileid="21" />
                <BranchPoint vc="0" uspid="150" ordinal="1" offset="7" sl="31" path="1" offsetend="31" fileid="21" />
              </BranchPoints>
              <MethodPoint xsi:type="SequencePoint" vc="0" uspid="143" ordinal="0" offset="0" sl="30" sc="9" el="30" ec="10" bec="0" bev="0" fileid="21" />
            </Method>
            <Method visited="false" cyclomaticComplexity="4" nPathComplexity="2" sequenceCoverage="0" branchCoverage="0" crapScore="20" isConstructor="false" isStatic="false" isGetter="false" isSetter="false">
              <Summary numSequencePoints="14" visitedSequencePoints="0" numBranchPoints="3" visitedBranchPoints="0" sequenceCoverage="0" branchCoverage="0" maxCyclomaticComplexity="4" minCyclomaticComplexity="4" maxCrapScore="20" minCrapScore="20" visitedClasses="0" numClasses="0" visitedMethods="0" numMethods="1" />
              <MetadataToken>100663301</MetadataToken>
              <Name>ValidationLib.Services.Helpers.ValidationResult ValidationLib.Services.ValidationService::ValidateObject(System.Object)</Name>
              <FileRef uid="21" />
              <SequencePoints>
                <SequencePoint vc="0" uspid="151" ordinal="0" offset="0" sl="40" sc="9" el="40" ec="10" bec="0" bev="0" fileid="21" />
                <SequencePoint vc="0" uspid="152" ordinal="1" offset="1" sl="41" sc="13" el="41" ec="73" bec="0" bev="0" fileid="21" />
                <SequencePoint vc="0" uspid="153" ordinal="2" offset="13" sl="43" sc="13" el="43" ec="20" bec="0" bev="0" fileid="21" />
                <SequencePoint vc="0" uspid="154" ordinal="3" offset="14" sl="43" sc="38" el="43" ec="69" bec="0" bev="0" fileid="21" />
                <SequencePoint vc="0" uspid="155" ordinal="4" offset="30" sl="43" sc="22" el="43" ec="34" bec="0" bev="0" fileid="21" />
                <SequencePoint vc="0" uspid="156" ordinal="5" offset="34" sl="44" sc="13" el="44" ec="14" bec="0" bev="0" fileid="21" />
                <SequencePoint vc="0" uspid="157" ordinal="6" offset="35" sl="45" sc="17" el="45" ec="120" bec="2" bev="0" fileid="21" />
                <SequencePoint vc="0" uspid="158" ordinal="7" offset="69" sl="46" sc="17" el="46" ec="18" bec="0" bev="0" fileid="21" />
                <SequencePoint vc="0" uspid="159" ordinal="8" offset="70" sl="47" sc="21" el="47" ec="41" bec="0" bev="0" fileid="21" />
                <SequencePoint vc="0" uspid="160" ordinal="9" offset="78" sl="48" sc="17" el="48" ec="18" bec="0" bev="0" fileid="21" />
                <SequencePoint vc="0" uspid="161" ordinal="10" offset="79" sl="49" sc="13" el="49" ec="14" bec="0" bev="0" fileid="21" />
                <SequencePoint vc="0" uspid="162" ordinal="11" offset="84" sl="43" sc="35" el="43" ec="37" bec="0" bev="0" fileid="21" />
                <SequencePoint vc="0" uspid="163" ordinal="12" offset="90" sl="51" sc="13" el="51" ec="27" bec="0" bev="0" fileid="21" />
                <SequencePoint vc="0" uspid="164" ordinal="13" offset="95" sl="52" sc="9" el="52" ec="10" bec="0" bev="0" fileid="21" />
              </SequencePoints>
              <BranchPoints>
                <BranchPoint vc="0" uspid="167" ordinal="2" offset="67" sl="45" path="0" offsetend="69" fileid="21" />
                <BranchPoint vc="0" uspid="168" ordinal="3" offset="67" sl="45" path="1" offsetend="79" fileid="21" />
              </BranchPoints>
              <MethodPoint xsi:type="SequencePoint" vc="0" uspid="151" ordinal="0" offset="0" sl="40" sc="9" el="40" ec="10" bec="0" bev="0" fileid="21" />
            </Method>
            <Method visited="false" cyclomaticComplexity="3" nPathComplexity="2" sequenceCoverage="0" branchCoverage="0" crapScore="12" isConstructor="false" isStatic="false" isGetter="false" isSetter="false">
              <Summary numSequencePoints="14" visitedSequencePoints="0" numBranchPoints="3" visitedBranchPoints="0" sequenceCoverage="0" branchCoverage="0" maxCyclomaticComplexity="3" minCyclomaticComplexity="3" maxCrapScore="12" minCrapScore="12" visitedClasses="0" numClasses="0" visitedMethods="0" numMethods="1" />
              <MetadataToken>100663302</MetadataToken>
              <Name>System.Boolean ValidationLib.Services.ValidationService::ValidateProperty(System.Reflection.PropertyInfo,System.Object,System.Collections.Generic.List`1&lt;System.String&gt;)</Name>
              <FileRef uid="21" />
              <SequencePoints>
                <SequencePoint vc="0" uspid="171" ordinal="0" offset="0" sl="55" sc="9" el="55" ec="10" bec="0" bev="0" fileid="21" />
                <SequencePoint vc="0" uspid="172" ordinal="1" offset="1" sl="56" sc="13" el="56" ec="38" bec="0" bev="0" fileid="21" />
                <SequencePoint vc="0" uspid="173" ordinal="2" offset="3" sl="58" sc="13" el="58" ec="20" bec="0" bev="0" fileid="21" />
                <SequencePoint vc="0" uspid="174" ordinal="3" offset="4" sl="58" sc="39" el="58" ec="104" bec="0" bev="0" fileid="21" />
                <SequencePoint vc="0" uspid="175" ordinal="4" offset="26" sl="58" sc="22" el="58" ec="35" bec="0" bev="0" fileid="21" />
                <SequencePoint vc="0" uspid="176" ordinal="5" offset="30" sl="59" sc="13" el="59" ec="14" bec="0" bev="0" fileid="21" />
                <SequencePoint vc="0" uspid="177" ordinal="6" offset="31" sl="60" sc="17" el="60" ec="55" bec="2" bev="0" fileid="21" />
                <SequencePoint vc="0" uspid="178" ordinal="7" offset="46" sl="61" sc="17" el="61" ec="18" bec="0" bev="0" fileid="21" />
                <SequencePoint vc="0" uspid="179" ordinal="8" offset="47" sl="62" sc="21" el="62" ec="171" bec="0" bev="0" fileid="21" />
                <SequencePoint vc="0" uspid="180" ordinal="9" offset="87" sl="63" sc="17" el="63" ec="18" bec="0" bev="0" fileid="21" />
                <SequencePoint vc="0" uspid="181" ordinal="10" offset="88" sl="64" sc="13" el="64" ec="14" bec="0" bev="0" fileid="21" />
                <SequencePoint vc="0" uspid="182" ordinal="11" offset="93" sl="58" sc="36" el="58" ec="38" bec="0" bev="0" fileid="21" />
                <SequencePoint vc="0" uspid="183" ordinal="12" offset="99" sl="66" sc="13" el="66" ec="33" bec="0" bev="0" fileid="21" />
                <SequencePoint vc="0" uspid="184" ordinal="13" offset="104" sl="67" sc="9" el="67" ec="10" bec="0" bev="0" fileid="21" />
              </SequencePoints>
              <BranchPoints>
                <BranchPoint vc="0" uspid="185" ordinal="0" offset="44" sl="60" path="0" offsetend="46" fileid="21" />
                <BranchPoint vc="0" uspid="186" ordinal="1" offset="44" sl="60" path="1" offsetend="88" fileid="21" />
              </BranchPoints>
              <MethodPoint xsi:type="SequencePoint" vc="0" uspid="171" ordinal="0" offset="0" sl="55" sc="9" el="55" ec="10" bec="0" bev="0" fileid="21" />
            </Method>
            <Method visited="false" cyclomaticComplexity="2" nPathComplexity="2" sequenceCoverage="0" branchCoverage="0" crapScore="6" isConstructor="false" isStatic="false" isGetter="false" isSetter="false">
              <Summary numSequencePoints="8" visitedSequencePoints="0" numBranchPoints="3" visitedBranchPoints="0" sequenceCoverage="0" branchCoverage="0" maxCyclomaticComplexity="2" minCyclomaticComplexity="2" maxCrapScore="6" minCrapScore="6" visitedClasses="0" numClasses="0" visitedMethods="0" numMethods="1" />
              <MetadataToken>100663303</MetadataToken>
              <Name>System.Void ValidationLib.Services.ValidationService::ValidateAttribute(ValidationLib.Attributes.Interfaces.IValidationAttribute,System.Object,System.Collections.Generic.List`1&lt;System.String&gt;,System.Boolean&amp;)</Name>
              <FileRef uid="21" />
              <SequencePoints>
                <SequencePoint vc="0" uspid="189" ordinal="0" offset="0" sl="70" sc="9" el="70" ec="10" bec="0" bev="0" fileid="21" />
[...]
                  </TrackedMethodRefs>
                </SequencePoint>
                <SequencePoint vc="1" uspid="215" ordinal="2" offset="9" sl="26" sc="11" el="26" ec="12" bec="0" bev="0" fileid="23">
                  <TrackedMethodRefs>
                    <TrackedMethodRef uid="8" vc="1" />
                  </TrackedMethodRefs>
                </SequencePoint>
                <SequencePoint vc="1" uspid="216" ordinal="3" offset="10" sl="27" sc="15" el="27" ec="83" bec="0" bev="0" fileid="23">
                  <TrackedMethodRefs>
                    <TrackedMethodRef uid="8" vc="1" />
                  </TrackedMethodRefs>
                </SequencePoint>
                <SequencePoint vc="0" uspid="217" ordinal="4" offset="21" sl="30" sc="11" el="30" ec="36" bec="2" bev="0" fileid="23" />
                <SequencePoint vc="0" uspid="218" ordinal="5" offset="37" sl="31" sc="11" el="31" ec="12" bec="0" bev="0" fileid="23" />
                <SequencePoint vc="0" uspid="219" ordinal="6" offset="38" sl="32" sc="15" el="32" ec="73" bec="0" bev="0" fileid="23" />
                <SequencePoint vc="0" uspid="220" ordinal="7" offset="49" sl="35" sc="11" el="35" ec="56" bec="2" bev="0" fileid="23" />
                <SequencePoint vc="0" uspid="221" ordinal="8" offset="72" sl="36" sc="11" el="36" ec="12" bec="0" bev="0" fileid="23" />
                <SequencePoint vc="0" uspid="222" ordinal="9" offset="73" sl="37" sc="15" el="37" ec="99" bec="0" bev="0" fileid="23" />
                <SequencePoint vc="0" uspid="223" ordinal="10" offset="101" sl="38" sc="15" el="38" ec="28" bec="0" bev="0" fileid="23" />
                <SequencePoint vc="0" uspid="224" ordinal="11" offset="105" sl="41" sc="11" el="41" ec="23" bec="0" bev="0" fileid="23" />
                <SequencePoint vc="0" uspid="225" ordinal="12" offset="109" sl="42" sc="7" el="42" ec="8" bec="0" bev="0" fileid="23" />
              </SequencePoints>
              <BranchPoints>
                <BranchPoint vc="1" uspid="226" ordinal="0" offset="7" sl="25" path="0" offsetend="9" fileid="23">
                  <TrackedMethodRefs>
                    <TrackedMethodRef uid="8" vc="1" />
                  </TrackedMethodRefs>
                </BranchPoint>
                <BranchPoint vc="0" uspid="227" ordinal="1" offset="7" sl="25" path="1" offsetend="21" fileid="23" />
                <BranchPoint vc="0" uspid="228" ordinal="2" offset="35" sl="30" path="0" offsetend="37" fileid="23" />
                <BranchPoint vc="0" uspid="229" ordinal="3" offset="35" sl="30" path="1" offsetend="49" fileid="23" />
                <BranchPoint vc="0" uspid="230" ordinal="4" offset="70" sl="35" path="0" offsetend="72" fileid="23" />
                <BranchPoint vc="0" uspid="231" ordinal="5" offset="70" sl="35" path="1" offsetend="105" fileid="23" />
              </BranchPoints>
              <MethodPoint xsi:type="SequencePoint" vc="1" uspid="213" ordinal="0" offset="0" sl="24" sc="7" el="24" ec="8" bec="0" bev="0" fileid="23">
                <TrackedMethodRefs>
                  <TrackedMethodRef uid="8" vc="1" />
                </TrackedMethodRefs>
              </MethodPoint>
            </Method>
          </Methods>
        </Class>
        <Class>
          <Summary numSequencePoints="25" visitedSequencePoints="0" numBranchPoints="11" visitedBranchPoints="0" sequenceCoverage="0" branchCoverage="0" maxCyclomaticComplexity="7" minCyclomaticComplexity="2" maxCrapScore="56" minCrapScore="6" visitedClasses="0" numClasses="1" visitedMethods="0" numMethods="3" />
          <FullName>ValidationLib.Attributes.RangeOfIntegerAttribute</FullName>
          <Methods>
            <Method skippedDueTo="AutoImplementedProperty" visited="false" cyclomaticComplexity="1" nPathComplexity="0" sequenceCoverage="0" branchCoverage="0" crapScore="0" isConstructor="false" isStatic="false" isGetter="true" isSetter="false">
              <MetadataToken>100663315</MetadataToken>
              <Name>System.String ValidationLib.Attributes.RangeOfIntegerAttribute::get_ErrorMessage()</Name>
              <FileRef uid="24" />
              <SequencePoints />
              <BranchPoints />
            </Method>
            <Method skippedDueTo="AutoImplementedProperty" visited="false" cyclomaticComplexity="1" nPathComplexity="0" sequenceCoverage="0" branchCoverage="0" crapScore="0" isConstructor="false" isStatic="false" isGetter="false" isSetter="true">
              <MetadataToken>100663316</MetadataToken>
              <Name>System.Void ValidationLib.Attributes.RangeOfIntegerAttribute::set_ErrorMessage(System.String)</Name>
              <FileRef uid="24" />
              <SequencePoints />
              <BranchPoints />
            </Method>
            <Method skippedDueTo="AutoImplementedProperty" visited="false" cyclomaticComplexity="1" nPathComplexity="0" sequenceCoverage="0" branchCoverage="0" crapScore="0" isConstructor="false" isStatic="false" isGetter="true" isSetter="false">
              <MetadataToken>100663317</MetadataToken>
              <Name>System.Int32 ValidationLib.Attributes.RangeOfIntegerAttribute::get_MinimumValue()</Name>
              <FileRef uid="24" />
              <SequencePoints />
              <BranchPoints />
            </Method>
            <Method skippedDueTo="AutoImplementedProperty" visited="false" cyclomaticComplexity="1" nPathComplexity="0" sequenceCoverage="0" branchCoverage="0" crapScore="0" isConstructor="false" isStatic="false" isGetter="false" isSetter="true">
              <MetadataToken>100663318</MetadataToken>
              <Name>System.Void ValidationLib.Attributes.RangeOfIntegerAttribute::set_MinimumValue(System.Int32)</Name>
              <FileRef uid="24" />
              <SequencePoints />
              <BranchPoints />
            </Method>
            <Method skippedDueTo="AutoImplementedProperty" visited="false" cyclomaticComplexity="1" nPathComplexity="0" sequenceCoverage="0" branchCoverage="0" crapScore="0" isConstructor="false" isStatic="false" isGetter="true" isSetter="false">
              <MetadataToken>100663319</MetadataToken>
              <Name>System.Int32 ValidationLib.Attributes.RangeOfIntegerAttribute::get_MaximumValue()</Name>
              <FileRef uid="24" />
              <SequencePoints />
              <BranchPoints />
            </Method>
            <Method skippedDueTo="AutoImplementedProperty" visited="false" cyclomaticComplexity="1" nPathComplexity="0" sequenceCoverage="0" branchCoverage="0" crapScore="0" isConstructor="false" isStatic="false" isGetter="false" isSetter="true">
              <MetadataToken>100663320</MetadataToken>
              <Name>System.Void ValidationLib.Attributes.RangeOfIntegerAttribute::set_MaximumValue(System.Int32)</Name>
              <FileRef uid="24" />
              <SequencePoints />
              <BranchPoints />
            </Method>
            <Method visited="false" cyclomaticComplexity="2" nPathComplexity="2" sequenceCoverage="0" branchCoverage="0" crapScore="6" isConstructor="true" isStatic="false" isGetter="false" isSetter="false">
              <Summary numSequencePoints="8" visitedSequencePoints="0" numBranchPoints="3" visitedBranchPoints="0" sequenceCoverage="0" branchCoverage="0" maxCyclomaticComplexity="2" minCyclomaticComplexity="2" maxCrapScore="6" minCrapScore="6" visitedClasses="0" numClasses="0" visitedMethods="0" numMethods="1" />
              <MetadataToken>100663321</MetadataToken>
              <Name>System.Void ValidationLib.Attributes.RangeOfIntegerAttribute::.ctor(System.Int32,System.Int32)</Name>
              <FileRef uid="24" />
              <SequencePoints>
                <SequencePoint vc="0" uspid="232" ordinal="0" offset="0" sl="15" sc="9" el="15" ec="67" bec="0" bev="0" fileid="24" />
                <SequencePoint vc="0" uspid="233" ordinal="1" offset="7" sl="16" sc="9" el="16" ec="10" bec="0" bev="0" fileid="24" />
                <SequencePoint vc="0" uspid="234" ordinal="2" offset="8" sl="17" sc="13" el="17" ec="37" bec="2" bev="0" fileid="24" />
                <SequencePoint vc="0" uspid="235" ordinal="3" offset="19" sl="18" sc="13" el="18" ec="14" bec="0" bev="0" fileid="24" />
                <SequencePoint vc="0" uspid="236" ordinal="4" offset="20" sl="19" sc="17" el="19" ec="116" bec="0" bev="0" fileid="24" />
                <SequencePoint vc="0" uspid="237" ordinal="5" offset="46" sl="22" sc="13" el="22" ec="37" bec="0" bev="0" fileid="24" />
                <SequencePoint vc="0" uspid="238" ordinal="6" offset="54" sl="23" sc="13" el="23" ec="37" bec="0" bev="0" fileid="24" />
                <SequencePoint vc="0" uspid="239" ordinal="7" offset="62" sl="24" sc="9" el="24" ec="10" bec="0" bev="0" fileid="24" />
              </SequencePoints>
              <BranchPoints>
                <BranchPoint vc="0" uspid="240" ordinal="0" offset="17" sl="17" path="0" offsetend="19" fileid="24" />
                <BranchPoint vc="0" uspid="241" ordinal="1" offset="17" sl="17" path="1" offsetend="46" fileid="24" />
              </BranchPoints>
              <MethodPoint xsi:type="SequencePoint" vc="0" uspid="232" ordinal="0" offset="0" sl="15" sc="9" el="15" ec="67" bec="0" bev="0" fileid="24" />
            </Method>
            <Method visited="false" cyclomaticComplexity="5" nPathComplexity="8" sequenceCoverage="0" branchCoverage="0" crapScore="30" isConstructor="false" isStatic="false" isGetter="false" isSetter="false">
              <Summary numSequencePoints="14" visitedSequencePoints="0" numBranchPoints="7" visitedBranchPoints="0" sequenceCoverage="0" branchCoverage="0" maxCyclomaticComplexity="5" minCyclomaticComplexity="5" maxCrapScore="30" minCrapScore="30" visitedClasses="0" numClasses="0" visitedMethods="0" numMethods="1" />
              <MetadataToken>100663322</MetadataToken>
              <Name>System.Boolean ValidationLib.Attributes.RangeOfIntegerAttribute::IsValid(System.Object)</Name>
              <FileRef uid="24" />
              <SequencePoints>
                <SequencePoint vc="0" uspid="242" ordinal="0" offset="0" sl="27" sc="9" el="27" ec="10" bec="0" bev="0" fileid="24" />
                <SequencePoint vc="0" uspid="243" ordinal="1" offset="1" sl="28" sc="13" el="28" ec="31" bec="2" bev="0" fileid="24" />
                <SequencePoint vc="0" uspid="244" ordinal="2" offset="9" sl="29" sc="13" el="29" ec="14" bec="0" bev="0" fileid="24" />
                <SequencePoint vc="0" uspid="245" ordinal="3" offset="10" sl="30" sc="17" el="30" ec="85" bec="0" bev="0" fileid="24" />
                <SequencePoint vc="0" uspid="246" ordinal="4" offset="21" sl="33" sc="13" el="33" ec="35" bec="2" bev="0" fileid="24" />
                <SequencePoint vc="0" uspid="247" ordinal="5" offset="35" sl="34" sc="13" el="34" ec="14" bec="0" bev="0" fileid="24" />
                <SequencePoint vc="0" uspid="248" ordinal="6" offset="36" sl="35" sc="17" el="35" ec="83" bec="0" bev="0" fileid="24" />
                <SequencePoint vc="0" uspid="249" ordinal="7" offset="47" sl="38" sc="13" el="38" ec="38" bec="0" bev="0" fileid="24" />
                <SequencePoint vc="0" uspid="250" ordinal="8" offset="54" sl="40" sc="13" el="40" ec="70" bec="2" bev="0" fileid="24" />
                <SequencePoint vc="0" uspid="251" ordinal="9" offset="79" sl="41" sc="13" el="41" ec="14" bec="0" bev="0" fileid="24" />
                <SequencePoint vc="0" uspid="252" ordinal="10" offset="80" sl="42" sc="17" el="42" ec="117" bec="0" bev="0" fileid="24" />
                <SequencePoint vc="0" uspid="253" ordinal="11" offset="119" sl="43" sc="17" el="43" ec="30" bec="0" bev="0" fileid="24" />
                <SequencePoint vc="0" uspid="254" ordinal="12" offset="124" sl="46" sc="13" el="46" ec="25" bec="0" bev="0" fileid="24" />
                <SequencePoint vc="0" uspid="255" ordinal="13" offset="129" sl="47" sc="9" el="47" ec="10" bec="0" bev="0" fileid="24" />
              </SequencePoints>
              <BranchPoints>
                <BranchPoint vc="0" uspid="256" ordinal="0" offset="7" sl="28" path="0" offsetend="9" fileid="24" />
                <BranchPoint vc="0" uspid="257" ordinal="1" offset="7" sl="28" path="1" offsetend="21" fileid="24" />
                <BranchPoint vc="0" uspid="258" ordinal="2" offset="33" sl="33" path="0" offsetend="35" fileid="24" />
                <BranchPoint vc="0" uspid="259" ordinal="3" offset="33" sl="33" path="1" offsetend="47" fileid="24" />
                <BranchPoint vc="0" uspid="262" ordinal="6" offset="77" sl="40" path="0" offsetend="79" fileid="24" />
                <BranchPoint vc="0" uspid="263" ordinal="7" offset="77" sl="40" path="1" offsetend="124" fileid="24" />
              </BranchPoints>
              <MethodPoint xsi:type="SequencePoint" vc="0" uspid="242" ordinal="0" offset="0" sl="27" sc="9" el="27" ec="10" bec="0" bev="0" fileid="24" />
            </Method>
            <Method visited="false" cyclomaticComplexity="7" nPathComplexity="0" sequenceCoverage="0" branchCoverage="0" crapScore="56" isConstructor="false" isStatic="false" isGetter="false" isSetter="false">
              <Summary numSequencePoints="3" visitedSequencePoints="0" numBranchPoints="1" visitedBranchPoints="0" sequenceCoverage="0" branchCoverage="0" maxCyclomaticComplexity="7" minCyclomaticComplexity="7" maxCrapScore="56" minCrapScore="56" visitedClasses="0" numClasses="0" visitedMethods="0" numMethods="1" />
              <MetadataToken>100663323</MetadataToken>
              <Name>System.Boolean ValidationLib.Attributes.RangeOfIntegerAttribute::isInteger(System.Object)</Name>
              <FileRef uid="24" />
              <SequencePoints>
                <SequencePoint vc="0" uspid="264" ordinal="0" offset="0" sl="50" sc="9" el="50" ec="10" bec="0" bev="0" fileid="24" />
                <SequencePoint vc="0" uspid="265" ordinal="1" offset="1" sl="51" sc="13" el="52" ec="91" bec="0" bev="0" fileid="24" />
                <SequencePoint vc="0" uspid="266" ordinal="2" offset="64" sl="53" sc="9" el="53" ec="10" bec="0" bev="0" fileid="24" />
              </SequencePoints>
              <BranchPoints />
              <MethodPoint xsi:type="SequencePoint" vc="0" uspid="264" ordinal="0" offset="0" sl="50" sc="9" el="50" ec="10" bec="0" bev="0" fileid="24" />
            </Method>
          </Methods>
        </Class>
        <Class>
          <Summary numSequencePoints="11" visitedSequencePoints="0" numBranchPoints="6" visitedBranchPoints="0" sequenceCoverage="0" branchCoverage="0" maxCyclomaticComplexity="3" minCyclomaticComplexity="1" maxCrapScore="12" minCrapScore="2" visitedClasses="0" numClasses="1" visitedMethods="0" numMethods="2" />
          <FullName>ValidationLib.Attributes.RequiredValueAttribute</FullName>
          <Methods>
            <Method skippedDueTo="AutoImplementedProperty" visited="false" cyclomaticComplexity="1" nPathComplexity="0" sequenceCoverage="0" branchCoverage="0" crapScore="0" isConstructor="false" isStatic="false" isGetter="true" isSetter="false">
              <MetadataToken>100663325</MetadataToken>
              <Name>System.String ValidationLib.Attributes.RequiredValueAttribute::get_ErrorMessage()</Name>
              <FileRef uid="25" />
              <SequencePoints />
              <BranchPoints />
            </Method>
            <Method skippedDueTo="AutoImplementedProperty" visited="false" cyclomaticComplexity="1" nPathComplexity="0" sequenceCoverage="0" branchCoverage="0" crapScore="0" isConstructor="false" isStatic="false" isGetter="false" isSetter="true">
              <MetadataToken>100663326</MetadataToken>
              <Name>System.Void ValidationLib.Attributes.RequiredValueAttribute::set_ErrorMessage(System.String)</Name>
              <FileRef uid="25" />
              <SequencePoints />
              <BranchPoints />
            </Method>
            <Method visited="false" cyclomaticComplexity="1" nPathComplexity="0" sequenceCoverage="0" branchCoverage="0" crapScore="2" isConstructor="true" isStatic="false" isGetter="false" isSetter="false">
              <Summary numSequencePoints="3" visitedSequencePoints="0" numBranchPoints="1" visitedBranchPoints="0" sequenceCoverage="0" branchCoverage="0" maxCyclomaticComplexity="1" minCyclomaticComplexity="1" maxCrapScore="2" minCrapScore="2" visitedClasses="0" numClasses="0" visitedMethods="0" numMethods="1" />
              <MetadataToken>100663324</MetadataToken>
              <Name>System.Void ValidationLib.Attributes.RequiredValueAttribute::.ctor()</Name>
              <FileRef uid="25" />
              <SequencePoints>
                <SequencePoint vc="0" uspid="279" ordinal="0" offset="0" sl="9" sc="9" el="9" ec="40" bec="0" bev="0" fileid="25" />
                <SequencePoint vc="0" uspid="280" ordinal="1" offset="7" sl="9" sc="41" el="9" ec="42" bec="0" bev="0" fileid="25" />
                <SequencePoint vc="0" uspid="281" ordinal="2" offset="8" sl="9" sc="43" el="9" ec="44" bec="0" bev="0" fileid="25" />
              </SequencePoints>
              <BranchPoints />
              <MethodPoint xsi:type="SequencePoint" vc="0" uspid="279" ordinal="0" offset="0" sl="9" sc="9" el="9" ec="40" bec="0" bev="0" fileid="25" />
            </Method>
            <Method visited="false" cyclomaticComplexity="3" nPathComplexity="4" sequenceCoverage="0" branchCoverage="0" crapScore="12" isConstructor="false" isStatic="false" isGetter="false" isSetter="false">
              <Summary numSequencePoints="8" visitedSequencePoints="0" numBranchPoints="5" visitedBranchPoints="0" sequenceCoverage="0" branchCoverage="0" maxCyclomaticComplexity="3" minCyclomaticComplexity="3" maxCrapScore="12" minCrapScore="12" visitedClasses="0" numClasses="0" visitedMethods="0" numMethods="1" />
              <MetadataToken>100663327</MetadataToken>
              <Name>System.Boolean ValidationLib.Attributes.RequiredValueAttribute::IsValid(System.Object)</Name>
              <FileRef uid="25" />
              <SequencePoints>
                <SequencePoint vc="0" uspid="282" ordinal="0" offset="0" sl="13" sc="9" el="13" ec="10" bec="0" bev="0" fileid="25" />
                <SequencePoint vc="0" uspid="283" ordinal="1" offset="1" sl="14" sc="13" el="14" ec="74" bec="2" bev="0" fileid="25" />
                <SequencePoint vc="0" uspid="284" ordinal="2" offset="18" sl="15" sc="13" el="15" ec="40" bec="2" bev="0" fileid="25" />
                <SequencePoint vc="0" uspid="285" ordinal="3" offset="33" sl="16" sc="13" el="16" ec="14" bec="0" bev="0" fileid="25" />
                <SequencePoint vc="0" uspid="286" ordinal="4" offset="34" sl="17" sc="17" el="17" ec="56" bec="0" bev="0" fileid="25" />
                <SequencePoint vc="0" uspid="287" ordinal="5" offset="46" sl="18" sc="17" el="18" ec="30" bec="0" bev="0" fileid="25" />
                <SequencePoint vc="0" uspid="288" ordinal="6" offset="50" sl="21" sc="13" el="21" ec="25" bec="0" bev="0" fileid="25" />
                <SequencePoint vc="0" uspid="289" ordinal="7" offset="54" sl="22" sc="9" el="22" ec="10" bec="0" bev="0" fileid="25" />
              </SequencePoints>
              <BranchPoints>
                <BranchPoint vc="0" uspid="290" ordinal="0" offset="2" sl="14" path="0" offsetend="4" fileid="25" />
                <BranchPoint vc="0" uspid="291" ordinal="1" offset="2" sl="14" path="1" offsetend="12" fileid="25" />
                <BranchPoint vc="0" uspid="292" ordinal="2" offset="31" sl="15" path="0" offsetend="33" fileid="25" />
                <BranchPoint vc="0" uspid="293" ordinal="3" offset="31" sl="15" path="1" offsetend="50" fileid="25" />
              </BranchPoints>
              <MethodPoint xsi:type="SequencePoint" vc="0" uspid="282" ordinal="0" offset="0" sl="13" sc="9" el="13" ec="10" bec="0" bev="0" fileid="25" />
            </Method>
          </Methods>
        </Class>
      </Classes>
      <TrackedMethods />
    </Module>
  </Modules>
</CoverageSession>