<?xml version="1.0" encoding="utf-8"?>
<CoverageSession xmlns:xsd="http://www.w3.org/2001/XMLSchema" xmlns:xsi="http://www.w3.org/2001/XMLSchema-instance" Version="4.6.0.0">
  <Summary numSequencePoints="182" visitedSequencePoints="9" numBranchPoints="58" visitedBranchPoints="4" sequenceCoverage="4.95" branchCoverage="6.90" maxCyclomaticComplexity="8" minCyclomaticComplexity="1" maxCrapScore="72" minCrapScore="1" visitedClasses="3" numClasses="10" visitedMethods="3" numMethods="32" />
  <Modules>
    <Module hash="32-F9-53-CB-2D-A4-AF-D6-8B-92-84-BB-39-AD-F7-35-3B-7E-72-0E">
      <Summary numSequencePoints="70" visitedSequencePoints="4" numBranchPoints="13" visitedBranchPoints="2" sequenceCoverage="5.71" branchCoverage="15.38" maxCyclomaticComplexity="2" minCyclomaticComplexity="1" maxCrapScore="2" minCrapScore="1" visitedClasses="2" numClasses="4" visitedMethods="2" numMethods="13" />
      <ModulePath>E:\Учёба\3й курс\5й семестр\СПП\ValidationLab\ValidatonLibTest\bin\Debug\ValidatonLibTest.dll</ModulePath>
      <ModuleTime>2018-09-17T09:04:29.4126464Z</ModuleTime>
      <ModuleName>ValidatonLibTest</ModuleName>
      <Files>
        <File uid="1" fullPath="E:\Учёба\3й курс\5й семестр\СПП\ValidationLab\ValidatonLibTest\User.cs" />
        <File uid="2" fullPath="E:\Учёба\3й курс\5й семестр\СПП\ValidationLab\ValidatonLibTest\ValidationServiceTest.cs" />
      </Files>
      <Classes>
        <Class>
          <Summary numSequencePoints="10" visitedSequencePoints="0" numBranchPoints="2" visitedBranchPoints="0" sequenceCoverage="0" branchCoverage="0" maxCyclomaticComplexity="1" minCyclomaticComplexity="1" maxCrapScore="2" minCrapScore="2" visitedClasses="0" numClasses="1" visitedMethods="0" numMethods="2" />
          <FullName>ValidatonLibTest.User</FullName>
          <Methods>
            <Method skippedDueTo="AutoImplementedProperty" visited="false" cyclomaticComplexity="1" nPathComplexity="0" sequenceCoverage="0" branchCoverage="0" crapScore="0" isConstructor="false" isStatic="false" isGetter="true" isSetter="false">
              <MetadataToken>100663297</MetadataToken>
              <Name>System.String ValidatonLibTest.User::get_Email()</Name>
              <FileRef uid="1" />
              <SequencePoints />
              <BranchPoints />
            </Method>
            <Method skippedDueTo="AutoImplementedProperty" visited="false" cyclomaticComplexity="1" nPathComplexity="0" sequenceCoverage="0" branchCoverage="0" crapScore="0" isConstructor="false" isStatic="false" isGetter="false" isSetter="true">
              <MetadataToken>100663298</MetadataToken>
              <Name>System.Void ValidatonLibTest.User::set_Email(System.String)</Name>
              <FileRef uid="1" />
              <SequencePoints />
              <BranchPoints />
            </Method>
            <Method skippedDueTo="AutoImplementedProperty" visited="false" cyclomaticComplexity="1" nPathComplexity="0" sequenceCoverage="0" branchCoverage="0" crapScore="0" isConstructor="false" isStatic="false" isGetter="true" isSetter="false">
              <MetadataToken>100663299</MetadataToken>
              <Name>System.String ValidatonLibTest.User::get_Password()</Name>
              <FileRef uid="1" />
              <SequencePoints />
              <BranchPoints />
            </Method>
            <Method skippedDueTo="AutoImplementedProperty" visited="false" cyclomaticComplexity="1" nPathComplexity="0" sequenceCoverage="0" branchCoverage="0" crapScore="0" isConstructor="false" isStatic="false" isGetter="false" isSetter="true">
              <MetadataToken>100663300</MetadataToken>
              <Name>System.Void ValidatonLibTest.User::set_Password(System.String)</Name>
              <FileRef uid="1" />
              <SequencePoints />
              <BranchPoints />
            </Method>
            <Method skippedDueTo="AutoImplementedProperty" visited="false" cyclomaticComplexity="1" nPathComplexity="0" sequenceCoverage="0" branchCoverage="0" crapScore="0" isConstructor="false" isStatic="false" isGetter="true" isSetter="false">
              <MetadataToken>100663301</MetadataToken>
              <Name>System.Int32 ValidatonLibTest.User::get_Age()</Name>
              <FileRef uid="1" />
              <SequencePoints />
              <BranchPoints />
            </Method>
            <Method skippedDueTo="AutoImplementedProperty" visited="false" cyclomaticComplexity="1" nPathComplexity="0" sequenceCoverage="0" branchCoverage="0" crapScore="0" isConstructor="false" isStatic="false" isGetter="false" isSetter="true">
              <MetadataToken>100663302</MetadataToken>
              <Name>System.Void ValidatonLibTest.User::set_Age(System.Int32)</Name>
              <FileRef uid="1" />
              <SequencePoints />
              <BranchPoints />
            </Method>
            <Method skippedDueTo="AutoImplementedProperty" visited="false" cyclomaticComplexity="1" nPathComplexity="0" sequenceCoverage="0" branchCoverage="0" crapScore="0" isConstructor="false" isStatic="false" isGetter="true" isSetter="false">
              <MetadataToken>100663303</MetadataToken>
              <Name>System.String ValidatonLibTest.User::get_Name()</Name>
              <FileRef uid="1" />
              <SequencePoints />
              <BranchPoints />
            </Method>
            <Method skippedDueTo="AutoImplementedProperty" visited="false" cyclomaticComplexity="1" nPathComplexity="0" sequenceCoverage="0" branchCoverage="0" crapScore="0" isConstructor="false" isStatic="false" isGetter="false" isSetter="true">
              <MetadataToken>100663304</MetadataToken>
              <Name>System.Void ValidatonLibTest.User::set_Name(System.String)</Name>
              <FileRef uid="1" />
              <SequencePoints />
              <BranchPoints />
            </Method>
            <Method visited="false" cyclomaticComplexity="1" nPathComplexity="0" sequenceCoverage="0" branchCoverage="0" crapScore="2" isConstructor="true" isStatic="false" isGetter="false" isSetter="false">
              <Summary numSequencePoints="7" visitedSequencePoints="0" numBranchPoints="1" visitedBranchPoints="0" sequenceCoverage="0" branchCoverage="0" maxCyclomaticComplexity="1" minCyclomaticComplexity="1" maxCrapScore="2" minCrapScore="2" visitedClasses="0" numClasses="0" visitedMethods="0" numMethods="1" />
              <MetadataToken>100663305</MetadataToken>
              <Name>System.Void ValidatonLibTest.User::.ctor(System.String,System.String,System.Int32,System.String)</Name>
              <FileRef uid="1" />
              <SequencePoints>
                <SequencePoint vc="0" uspid="1" ordinal="0" offset="0" sl="19" sc="9" el="19" ec="73" bec="0" bev="0" fileid="1" />
                <SequencePoint vc="0" uspid="2" ordinal="1" offset="7" sl="20" sc="9" el="20" ec="10" bec="0" bev="0" fileid="1" />
                <SequencePoint vc="0" uspid="3" ordinal="2" offset="8" sl="21" sc="13" el="21" ec="27" bec="0" bev="0" fileid="1" />
                <SequencePoint vc="0" uspid="4" ordinal="3" offset="16" sl="22" sc="13" el="22" ec="33" bec="0" bev="0" fileid="1" />
                <SequencePoint vc="0" uspid="5" ordinal="4" offset="24" sl="23" sc="13" el="23" ec="23" bec="0" bev="0" fileid="1" />
                <SequencePoint vc="0" uspid="6" ordinal="5" offset="32" sl="24" sc="13" el="24" ec="25" bec="0" bev="0" fileid="1" />
                <SequencePoint vc="0" uspid="7" ordinal="6" offset="41" sl="25" sc="9" el="25" ec="10" bec="0" bev="0" fileid="1" />
              </SequencePoints>
              <BranchPoints />
              <MethodPoint xsi:type="SequencePoint" vc="0" uspid="1" ordinal="0" offset="0" sl="19" sc="9" el="19" ec="73" bec="0" bev="0" fileid="1" />
            </Method>
            <Method visited="false" cyclomaticComplexity="1" nPathComplexity="0" sequenceCoverage="0" branchCoverage="0" crapScore="2" isConstructor="false" isStatic="false" isGetter="false" isSetter="false">
              <Summary numSequencePoints="3" visitedSequencePoints="0" numBranchPoints="1" visitedBranchPoints="0" sequenceCoverage="0" branchCoverage="0" maxCyclomaticComplexity="1" minCyclomaticComplexity="1" maxCrapScore="2" minCrapScore="2" visitedClasses="0" numClasses="0" visitedMethods="0" numMethods="1" />
              <MetadataToken>100663306</MetadataToken>
              <Name>System.String ValidatonLibTest.User::UserInformation()</Name>
              <FileRef uid="1" />
              <SequencePoints>
                <SequencePoint vc="0" uspid="8" ordinal="0" offset="0" sl="28" sc="9" el="28" ec="10" bec="0" bev="0" fileid="1" />
                <SequencePoint vc="0" uspid="9" ordinal="1" offset="1" sl="29" sc="13" el="29" ec="94" bec="0" bev="0" fileid="1" />
                <SequencePoint vc="0" uspid="10" ordinal="2" offset="61" sl="30" sc="9" el="30" ec="10" bec="0" bev="0" fileid="1" />
              </SequencePoints>
              <BranchPoints />
              <MethodPoint xsi:type="SequencePoint" vc="0" uspid="8" ordinal="0" offset="0" sl="28" sc="9" el="28" ec="10" bec="0" bev="0" fileid="1" />
            </Method>
          </Methods>
        </Class>
        <Class>
          <Summary numSequencePoints="58" visitedSequencePoints="3" numBranchPoints="9" visitedBranchPoints="1" sequenceCoverage="5.17" branchCoverage="11.11" maxCyclomaticComplexity="2" minCyclomaticComplexity="1" maxCrapScore="2" minCrapScore="2" visitedClasses="1" numClasses="1" visitedMethods="1" numMethods="9" />
          <FullName>ValidatonLibTest.ValidationServiceTest</FullName>
          <Methods>
            <Method visited="false" cyclomaticComplexity="1" nPathComplexity="0" sequenceCoverage="0" branchCoverage="0" crapScore="2" isConstructor="false" isStatic="false" isGetter="false" isSetter="false">
              <Summary numSequencePoints="6" visitedSequencePoints="0" numBranchPoints="1" visitedBranchPoints="0" sequenceCoverage="0" branchCoverage="0" maxCyclomaticComplexity="1" minCyclomaticComplexity="1" maxCrapScore="2" minCrapScore="2" visitedClasses="0" numClasses="0" visitedMethods="0" numMethods="1" />
              <MetadataToken>100663307</MetadataToken>
              <Name>System.Void ValidatonLibTest.ValidationServiceTest::Test_Object_Is_Valid()</Name>
              <FileRef uid="2" />
              <SequencePoints>
                <SequencePoint vc="0" uspid="11" ordinal="0" offset="0" sl="15" sc="5" el="15" ec="6" bec="0" bev="0" fileid="2" />
                <SequencePoint vc="0" uspid="12" ordinal="1" offset="1" sl="16" sc="7" el="16" ec="74" bec="0" bev="0" fileid="2" />
                <SequencePoint vc="0" uspid="13" ordinal="2" offset="24" sl="17" sc="7" el="17" ec="45" bec="0" bev="0" fileid="2" />
                <SequencePoint vc="0" uspid="14" ordinal="3" offset="30" sl="19" sc="7" el="19" ec="46" bec="0" bev="0" fileid="2" />
                <SequencePoint vc="0" uspid="15" ordinal="4" offset="38" sl="21" sc="7" el="21" ec="37" bec="0" bev="0" fileid="2" />
                <SequencePoint vc="0" uspid="16" ordinal="5" offset="50" sl="22" sc="5" el="22" ec="6" bec="0" bev="0" fileid="2" />
              </SequencePoints>
              <BranchPoints />
              <MethodPoint xsi:type="SequencePoint" vc="0" uspid="11" ordinal="0" offset="0" sl="15" sc="5" el="15" ec="6" bec="0" bev="0" fileid="2" />
            </Method>
            <Method visited="false" cyclomaticComplexity="1" nPathComplexity="0" sequenceCoverage="0" branchCoverage="0" crapScore="2" isConstructor="false" isStatic="false" isGetter="false" isSetter="false">
              <Summary numSequencePoints="6" visitedSequencePoints="0" numBranchPoints="1" visitedBranchPoints="0" sequenceCoverage="0" branchCoverage="0" maxCyclomaticComplexity="1" minCyclomaticComplexity="1" maxCrapScore="2" minCrapScore="2" visitedClasses="0" numClasses="0" visitedMethods="0" numMethods="1" />
              <MetadataToken>100663308</MetadataToken>
              <Name>System.Void ValidatonLibTest.ValidationServiceTest::Test_Object_Is_Not_Valid()</Name>
              <FileRef uid="2" />
              <SequencePoints>
                <SequencePoint vc="0" uspid="17" ordinal="0" offset="0" sl="26" sc="5" el="26" ec="6" bec="0" bev="0" fileid="2" />
                <SequencePoint vc="0" uspid="18" ordinal="1" offset="1" sl="27" sc="7" el="27" ec="52" bec="0" bev="0" fileid="2" />
                <SequencePoint vc="0" uspid="19" ordinal="2" offset="24" sl="28" sc="7" el="28" ec="45" bec="0" bev="0" fileid="2" />
                <SequencePoint vc="0" uspid="20" ordinal="3" offset="30" sl="30" sc="7" el="30" ec="46" bec="0" bev="0" fileid="2" />
                <SequencePoint vc="0" uspid="21" ordinal="4" offset="38" sl="32" sc="7" el="32" ec="59" bec="0" bev="0" fileid="2" />
                <SequencePoint vc="0" uspid="22" ordinal="5" offset="56" sl="33" sc="5" el="33" ec="6" bec="0" bev="0" fileid="2" />
              </SequencePoints>
              <BranchPoints />
              <MethodPoint xsi:type="SequencePoint" vc="0" uspid="17" ordinal="0" offset="0" sl="26" sc="5" el="26" ec="6" bec="0" bev="0" fileid="2" />
            </Method>
            <Method visited="false" cyclomaticComplexity="1" nPathComplexity="0" sequenceCoverage="0" branchCoverage="0" crapScore="2" isConstructor="false" isStatic="false" isGetter="false" isSetter="false">
              <Summary numSequencePoints="8" visitedSequencePoints="0" numBranchPoints="1" visitedBranchPoints="0" sequenceCoverage="0" branchCoverage="0" maxCyclomaticComplexity="1" minCyclomaticComplexity="1" maxCrapScore="2" minCrapScore="2" visitedClasses="0" numClasses="0" visitedMethods="0" numMethods="1" />
              <MetadataToken>100663309</MetadataToken>
              <Name>System.Void ValidatonLibTest.ValidationServiceTest::Test_Length_Of_Property_Of_String_Type_Less_Than_Minimum_Length()</Name>
              <FileRef uid="2" />
              <SequencePoints>
                <SequencePoint vc="0" uspid="23" ordinal="0" offset="0" sl="37" sc="5" el="37" ec="6" bec="0" bev="0" fileid="2" />
                <SequencePoint vc="0" uspid="24" ordinal="1" offset="1" sl="38" sc="7" el="38" ec="66" bec="0" bev="0" fileid="2" />
                <SequencePoint vc="0" uspid="25" ordinal="2" offset="24" sl="39" sc="7" el="39" ec="45" bec="0" bev="0" fileid="2" />
                <SequencePoint vc="0" uspid="26" ordinal="3" offset="30" sl="40" sc="7" el="40" ec="73" bec="0" bev="0" fileid="2" />
                <SequencePoint vc="0" uspid="27" ordinal="4" offset="36" sl="42" sc="7" el="42" ec="46" bec="0" bev="0" fileid="2" />
                <SequencePoint vc="0" uspid="28" ordinal="5" offset="44" sl="44" sc="7" el="44" ec="38" bec="0" bev="0" fileid="2" />
                <SequencePoint vc="0" uspid="29" ordinal="6" offset="56" sl="45" sc="7" el="45" ec="58" bec="0" bev="0" fileid="2" />
                <SequencePoint vc="0" uspid="30" ordinal="7" offset="69" sl="46" sc="5" el="46" ec="6" bec="0" bev="0" fileid="2" />
              </SequencePoints>
              <BranchPoints />
              <MethodPoint xsi:type="SequencePoint" vc="0" uspid="23" ordinal="0" offset="0" sl="37" sc="5" el="37" ec="6" bec="0" bev="0" fileid="2" />
            </Method>
            <Method visited="false" cyclomaticComplexity="1" nPathComplexity="0" sequenceCoverage="0" branchCoverage="0" crapScore="2" isConstructor="false" isStatic="false" isGetter="false" isSetter="false">
              <Summary numSequencePoints="8" visitedSequencePoints="0" numBranchPoints="1" visitedBranchPoints="0" sequenceCoverage="0" branchCoverage="0" maxCyclomaticComplexity="1" minCyclomaticComplexity="1" maxCrapScore="2" minCrapScore="2" visitedClasses="0" numClasses="0" visitedMethods="0" numMethods="1" />
              <MetadataToken>100663310</MetadataToken>
              <Name>System.Void ValidatonLibTest.ValidationServiceTest::Test_Property_Of_Integer_Type_Not_In_Range()</Name>
              <FileRef uid="2" />
              <SequencePoints>
                <SequencePoint vc="0" uspid="31" ordinal="0" offset="0" sl="50" sc="5" el="50" ec="6" bec="0" bev="0" fileid="2" />
                <SequencePoint vc="0" uspid="32" ordinal="1" offset="1" sl="51" sc="7" el="51" ec="74" bec="0" bev="0" fileid="2" />
                <SequencePoint vc="0" uspid="33" ordinal="2" offset="23" sl="52" sc="7" el="52" ec="45" bec="0" bev="0" fileid="2" />
                <SequencePoint vc="0" uspid="34" ordinal="3" offset="29" sl="53" sc="7" el="53" ec="78" bec="0" bev="0" fileid="2" />
                <SequencePoint vc="0" uspid="35" ordinal="4" offset="35" sl="55" sc="7" el="55" ec="46" bec="0" bev="0" fileid="2" />
                <SequencePoint vc="0" uspid="36" ordinal="5" offset="43" sl="57" sc="7" el="57" ec="38" bec="0" bev="0" fileid="2" />
                <SequencePoint vc="0" uspid="37" ordinal="6" offset="55" sl="58" sc="7" el="58" ec="58" bec="0" bev="0" fileid="2" />
                <SequencePoint vc="0" uspid="38" ordinal="7" offset="68" sl="59" sc="5" el="59" ec="6" bec="0" bev="0" fileid="2" />
              </SequencePoints>
              <BranchPoints />
              <MethodPoint xsi:type="SequencePoint" vc="0" uspid="31" ordinal="0" offset="0" sl="50" sc="5" el="50" ec="6" bec="0" bev="0" fileid="2" />
            </Method>
            <Method visited="false" cyclomaticComplexity="1" nPathComplexity="0" sequenceCoverage="0" branchCoverage="0" crapScore="2" isConstructor="false" isStatic="false" isGetter="false" isSetter="false">
              <Summary numSequencePoints="8" visitedSequencePoints="0" numBranchPoints="1" visitedBranchPoints="0" sequenceCoverage="0" branchCoverage="0" maxCyclomaticComplexity="1" minCyclomaticComplexity="1" maxCrapScore="2" minCrapScore="2" visitedClasses="0" numClasses="0" visitedMethods="0" numMethods="1" />
              <MetadataToken>100663311</MetadataToken>
              <Name>System.Void ValidatonLibTest.ValidationServiceTest::Test_Required_Property_Is_Null()</Name>
              <FileRef uid="2" />
              <SequencePoints>
                <SequencePoint vc="0" uspid="39" ordinal="0" offset="0" sl="63" sc="5" el="63" ec="6" bec="0" bev="0" fileid="2" />
                <SequencePoint vc="0" uspid="40" ordinal="1" offset="1" sl="64" sc="7" el="64" ec="62" bec="0" bev="0" fileid="2" />
                <SequencePoint vc="0" uspid="41" ordinal="2" offset="24" sl="65" sc="7" el="65" ec="67" bec="0" bev="0" fileid="2" />
                <SequencePoint vc="0" uspid="42" ordinal="3" offset="35" sl="66" sc="7" el="66" ec="43" bec="0" bev="0" fileid="2" />
                <SequencePoint vc="0" uspid="43" ordinal="4" offset="41" sl="68" sc="7" el="68" ec="46" bec="0" bev="0" fileid="2" />
                <SequencePoint vc="0" uspid="44" ordinal="5" offset="49" sl="70" sc="7" el="70" ec="38" bec="0" bev="0" fileid="2" />
                <SequencePoint vc="0" uspid="45" ordinal="6" offset="61" sl="71" sc="7" el="71" ec="58" bec="0" bev="0" fileid="2" />
                <SequencePoint vc="0" uspid="46" ordinal="7" offset="74" sl="72" sc="5" el="72" ec="6" bec="0" bev="0" fileid="2" />
              </SequencePoints>
              <BranchPoints />
              <MethodPoint xsi:type="SequencePoint" vc="0" uspid="39" ordinal="0" offset="0" sl="63" sc="5" el="63" ec="6" bec="0" bev="0" fileid="2" />
            </Method>
            <Method visited="false" cyclomaticComplexity="1" nPathComplexity="0" sequenceCoverage="0" branchCoverage="0" crapScore="2" isConstructor="false" isStatic="false" isGetter="false" isSetter="false">
              <Summary numSequencePoints="7" visitedSequencePoints="0" numBranchPoints="1" visitedBranchPoints="0" sequenceCoverage="0" branchCoverage="0" maxCyclomaticComplexity="1" minCyclomaticComplexity="1" maxCrapScore="2" minCrapScore="2" visitedClasses="0" numClasses="0" visitedMethods="0" numMethods="1" />
              <MetadataToken>100663312</MetadataToken>
              <Name>System.Void ValidatonLibTest.ValidationServiceTest::Test_Name_Is_Not_Required_Property()</Name>
              <FileRef uid="2" />
              <SequencePoints>
                <SequencePoint vc="0" uspid="47" ordinal="0" offset="0" sl="76" sc="5" el="76" ec="6" bec="0" bev="0" fileid="2" />
                <SequencePoint vc="0" uspid="48" ordinal="1" offset="1" sl="77" sc="7" el="77" ec="74" bec="0" bev="0" fileid="2" />
                <SequencePoint vc="0" uspid="49" ordinal="2" offset="24" sl="78" sc="7" el="78" ec="24" bec="0" bev="0" fileid="2" />
                <SequencePoint vc="0" uspid="50" ordinal="3" offset="32" sl="79" sc="7" el="79" ec="45" bec="0" bev="0" fileid="2" />
                <SequencePoint vc="0" uspid="51" ordinal="4" offset="38" sl="81" sc="7" el="81" ec="46" bec="0" bev="0" fileid="2" />
                <SequencePoint vc="0" uspid="52" ordinal="5" offset="46" sl="83" sc="7" el="83" ec="37" bec="0" bev="0" fileid="2" />
                <SequencePoint vc="0" uspid="53" ordinal="6" offset="58" sl="84" sc="5" el="84" ec="6" bec="0" bev="0" fileid="2" />
              </SequencePoints>
              <BranchPoints />
              <MethodPoint xsi:type="SequencePoint" vc="0" uspid="47" ordinal="0" offset="0" sl="76" sc="5" el="76" ec="6" bec="0" bev="0" fileid="2" />
            </Method>
            <Method visited="false" cyclomaticComplexity="1" nPathComplexity="0" sequenceCoverage="0" branchCoverage="0" crapScore="2" isConstructor="false" isStatic="false" isGetter="false" isSetter="false">
              <Summary numSequencePoints="4" visitedSequencePoints="0" numBranchPoints="1" visitedBranchPoints="0" sequenceCoverage="0" branchCoverage="0" maxCyclomaticComplexity="1" minCyclomaticComplexity="1" maxCrapScore="2" minCrapScore="2" visitedClasses="0" numClasses="0" visitedMethods="0" numMethods="1" />
              <MetadataToken>100663313</MetadataToken>
              <Name>System.Void ValidatonLibTest.ValidationServiceTest::Test_Object_is_Null()</Name>
              <FileRef uid="2" />
              <SequencePoints>
                <SequencePoint vc="0" uspid="54" ordinal="0" offset="6" sl="88" sc="5" el="88" ec="6" bec="0" bev="0" fileid="2" />
                <SequencePoint vc="0" uspid="55" ordinal="1" offset="7" sl="89" sc="7" el="89" ec="45" bec="0" bev="0" fileid="2" />
                <SequencePoint vc="0" uspid="56" ordinal="2" offset="18" sl="91" sc="7" el="91" ec="74" bec="0" bev="0" fileid="2" />
                <SequencePoint vc="0" uspid="57" ordinal="3" offset="36" sl="92" sc="5" el="92" ec="6" bec="0" bev="0" fileid="2" />
              </SequencePoints>
              <BranchPoints />
              <MethodPoint vc="0" uspid="58" ordinal="0" offset="0" />
            </Method>
            <Method visited="false" cyclomaticComplexity="1" nPathComplexity="0" sequenceCoverage="0" branchCoverage="0" crapScore="2" isConstructor="false" isStatic="false" isGetter="false" isSetter="false">
              <Summary numSequencePoints="8" visitedSequencePoints="0" numBranchPoints="1" visitedBranchPoints="0" sequenceCoverage="0" branchCoverage="0" maxCyclomaticComplexity="1" minCyclomaticComplexity="1" maxCrapScore="2" minCrapScore="2" visitedClasses="0" numClasses="0" visitedMethods="0" numMethods="1" />
              <MetadataToken>100663314</MetadataToken>
              <Name>System.Void ValidatonLibTest.ValidationServiceTest::Test_Logger_Works()</Name>
              <FileRef uid="2" />
              <SequencePoints>
                <SequencePoint vc="0" uspid="59" ordinal="0" offset="0" sl="96" sc="5" el="96" ec="6" bec="0" bev="0" fileid="2" />
                <SequencePoint vc="0" uspid="60" ordinal="1" offset="1" sl="97" sc="7" el="97" ec="44" bec="0" bev="0" fileid="2" />
                <SequencePoint vc="0" uspid="61" ordinal="2" offset="7" sl="99" sc="7" el="99" ec="66" bec="0" bev="0" fileid="2" />
                <SequencePoint vc="0" uspid="62" ordinal="3" offset="30" sl="100" sc="7" el="100" ec="62" bec="0" bev="0" fileid="2" />
                <SequencePoint vc="0" uspid="63" ordinal="4" offset="42" sl="101" sc="7" el="101" ec="67" bec="0" bev="0" fileid="2" />
                <SequencePoint vc="0" uspid="64" ordinal="5" offset="142" sl="102" sc="7" el="102" ec="30" bec="0" bev="0" fileid="2" />
                <SequencePoint vc="0" uspid="65" ordinal="6" offset="150" sl="104" sc="7" el="104" ec="80" bec="0" bev="0" fileid="2" />
                <SequencePoint vc="0" uspid="66" ordinal="7" offset="262" sl="105" sc="5" el="105" ec="6" bec="0" bev="0" fileid="2" />
              </SequencePoints>
              <BranchPoints />
              <MethodPoint xsi:type="SequencePoint" vc="0" uspid="59" ordinal="0" offset="0" sl="96" sc="5" el="96" ec="6" bec="0" bev="0" fileid="2" />
            </Method>
            <Method visited="true" cyclomaticComplexity="2" nPathComplexity="0" sequenceCoverage="100" branchCoverage="100" crapScore="2" isConstructor="false" isStatic="false" isGetter="false" isSetter="false">
              <Summary numSequencePoints="3" visitedSequencePoints="3" numBranchPoints="1" visitedBranchPoints="1" sequenceCoverage="100" branchCoverage="100" maxCyclomaticComplexity="2" minCyclomaticComplexity="2" maxCrapScore="2" minCrapScore="2" visitedClasses="0" numClasses="0" visitedMethods="1" numMethods="1" />
              <MetadataToken>100663315</MetadataToken>
              <Name>System.Void ValidatonLibTest.ValidationServiceTest::Test_Logger_is_Null()</Name>
              <FileRef uid="2" />
              <SequencePoints>
                <SequencePoint vc="1" uspid="67" ordinal="0" offset="0" sl="109" sc="5" el="109" ec="6" bec="0" bev="0" fileid="2">
                  <TrackedMethodRefs>
                    <TrackedMethodRef uid="9" vc="1" />
                  </TrackedMethodRefs>
                </SequencePoint>
                <SequencePoint vc="1" uspid="68" ordinal="1" offset="1" sl="110" sc="7" el="110" ec="79" bec="0" bev="0" fileid="2">
                  <TrackedMethodRefs>
                    <TrackedMethodRef uid="9" vc="1" />
                  </TrackedMethodRefs>
                </SequencePoint>
                <SequencePoint vc="1" uspid="69" ordinal="2" offset="38" sl="111" sc="5" el="111" ec="6" bec="0" bev="0" fileid="2">
                  <TrackedMethodRefs>
                    <TrackedMethodRef uid="9" vc="1" />
                  </TrackedMethodRefs>
                </SequencePoint>
              </SequencePoints>
              <BranchPoints />
              <MethodPoint xsi:type="SequencePoint" vc="1" uspid="67" ordinal="0" offset="0" sl="109" sc="5" el="109" ec="6" bec="0" bev="0" fileid="2">
                <TrackedMethodRefs>
                  <TrackedMethodRef uid="9" vc="1" />
                </TrackedMethodRefs>
              </MethodPoint>
            </Method>
            <Method visited="false" cyclomaticComplexity="1" nPathComplexity="0" sequenceCoverage="0" branchCoverage="0" crapScore="2" isConstructor="true" isStatic="false" isGetter="false" isSetter="false">
              <Summary numSequencePoints="0" visitedSequencePoints="0" numBranchPoints="0" visitedBranchPoints="0" sequenceCoverage="0" branchCoverage="0" maxCyclomaticComplexity="1" minCyclomaticComplexity="1" maxCrapScore="2" minCrapScore="2" visitedClasses="0" numClasses="0" visitedMethods="0" numMethods="0" />
              <MetadataToken>100663316</MetadataToken>
              <Name>System.Void ValidatonLibTest.ValidationServiceTest::.ctor()</Name>
              <SequencePoints />
              <BranchPoints />
              <MethodPoint vc="0" uspid="72" ordinal="0" offset="0" />
            </Method>
          </Methods>
        </Class>
        <Class>
          <Summary numSequencePoints="1" visitedSequencePoints="0" numBranchPoints="1" visitedBranchPoints="0" sequenceCoverage="0" branchCoverage="0" maxCyclomaticComplexity="1" minCyclomaticComplexity="1" maxCrapScore="2" minCrapScore="2" visitedClasses="0" numClasses="1" visitedMethods="0" numMethods="1" />
          <FullName>ValidatonLibTest.ValidationServiceTest/&lt;&gt;c__DisplayClass6_0</FullName>
          <Methods>
            <Method visited="false" cyclomaticComplexity="1" nPathComplexity="0" sequenceCoverage="0" branchCoverage="0" crapScore="2" isConstructor="true" isStatic="false" isGetter="false" isSetter="false">
              <Summary numSequencePoints="0" visitedSequencePoints="0" numBranchPoints="0" visitedBranchPoints="0" sequenceCoverage="0" branchCoverage="0" maxCyclomaticComplexity="1" minCyclomaticComplexity="1" maxCrapScore="2" minCrapScore="2" visitedClasses="0" numClasses="0" visitedMethods="0" numMethods="0" />
              <MetadataToken>100663317</MetadataToken>
              <Name>System.Void ValidatonLibTest.ValidationServiceTest/&lt;&gt;c__DisplayClass6_0::.ctor()</Name>
              <SequencePoints />
              <BranchPoints />
              <MethodPoint vc="0" uspid="73" ordinal="0" offset="0" />
            </Method>
            <Method visited="false" cyclomaticComplexity="1" nPathComplexity="0" sequenceCoverage="0" branchCoverage="0" crapScore="2" isConstructor="false" isStatic="false" isGetter="false" isSetter="false">
              <Summary numSequencePoints="1" visitedSequencePoints="0" numBranchPoints="1" visitedBranchPoints="0" sequenceCoverage="0" branchCoverage="0" maxCyclomaticComplexity="1" minCyclomaticComplexity="1" maxCrapScore="2" minCrapScore="2" visitedClasses="0" numClasses="0" visitedMethods="0" numMethods="1" />
              <MetadataToken>100663318</MetadataToken>
              <Name>System.Void ValidatonLibTest.ValidationServiceTest/&lt;&gt;c__DisplayClass6_0::&lt;Test_Object_is_Null&gt;b__0()</Name>
              <FileRef uid="2" />
              <SequencePoints>
                <SequencePoint vc="0" uspid="74" ordinal="0" offset="0" sl="91" sc="50" el="91" ec="72" bec="0" bev="0" fileid="2" />
              </SequencePoints>
              <BranchPoints />
              <MethodPoint xsi:type="SequencePoint" vc="0" uspid="74" ordinal="0" offset="0" sl="91" sc="50" el="91" ec="72" bec="0" bev="0" fileid="2" />
            </Method>
          </Methods>
        </Class>
        <Class>
          <Summary numSequencePoints="1" visitedSequencePoints="1" numBranchPoints="1" visitedBranchPoints="1" sequenceCoverage="100" branchCoverage="100" maxCyclomaticComplexity="1" minCyclomaticComplexity="1" maxCrapScore="2" minCrapScore="1" visitedClasses="1" numClasses="1" visitedMethods="1" numMethods="1" />
          <FullName>ValidatonLibTest.ValidationServiceTest/&lt;&gt;c</FullName>
          <Methods>
            <Method visited="false" cyclomaticComplexity="1" nPathComplexity="0" sequenceCoverage="0" branchCoverage="0" crapScore="2" isConstructor="true" isStatic="true" isGetter="false" isSetter="false">
              <Summary numSequencePoints="0" visitedSequencePoints="0" numBranchPoints="0" visitedBranchPoints="0" sequenceCoverage="0" branchCoverage="0" maxCyclomaticComplexity="1" minCyclomaticComplexity="1" maxCrapScore="2" minCrapScore="2" visitedClasses="0" numClasses="0" visitedMethods="0" numMethods="0" />
              <MetadataToken>100663319</MetadataToken>
              <Name>System.Void ValidatonLibTest.ValidationServiceTest/&lt;&gt;c::.cctor()</Name>
              <SequencePoints />
              <BranchPoints />
              <MethodPoint vc="0" uspid="75" ordinal="0" offset="0" />
            </Method>
            <Method visited="false" cyclomaticComplexity="1" nPathComplexity="0" sequenceCoverage="0" branchCoverage="0" crapScore="2" isConstructor="true" isStatic="false" isGetter="false" isSetter="false">
              <Summary numSequencePoints="0" visitedSequencePoints="0" numBranchPoints="0" visitedBranchPoints="0" sequenceCoverage="0" branchCoverage="0" maxCyclomaticComplexity="1" minCyclomaticComplexity="1" maxCrapScore="2" minCrapScore="2" visitedClasses="0" numClasses="0" visitedMethods="0" numMethods="0" />
              <MetadataToken>100663320</MetadataToken>
              <Name>System.Void ValidatonLibTest.ValidationServiceTest/&lt;&gt;c::.ctor()</Name>
              <SequencePoints />
              <BranchPoints />
              <MethodPoint vc="0" uspid="76" ordinal="0" offset="0" />
            </Method>
            <Method visited="true" cyclomaticComplexity="1" nPathComplexity="0" sequenceCoverage="100" branchCoverage="100" crapScore="1" isConstructor="false" isStatic="false" isGetter="false" isSetter="false">
              <Summary numSequencePoints="1" visitedSequencePoints="1" numBranchPoints="1" visitedBranchPoints="1" sequenceCoverage="100" branchCoverage="100" maxCyclomaticComplexity="1" minCyclomaticComplexity="1" maxCrapScore="1" minCrapScore="1" visitedClasses="0" numClasses="0" visitedMethods="1" numMethods="1" />
              <MetadataToken>100663321</MetadataToken>
              <Name>System.Void ValidatonLibTest.ValidationServiceTest/&lt;&gt;c::&lt;Test_Logger_is_Null&gt;b__8_0()</Name>
              <FileRef uid="2" />
              <SequencePoints>
                <SequencePoint vc="1" uspid="77" ordinal="0" offset="0" sl="110" sc="50" el="110" ec="77" bec="0" bev="0" fileid="2">
                  <TrackedMethodRefs>
                    <TrackedMethodRef uid="9" vc="1" />
                  </TrackedMethodRefs>
                </SequencePoint>
              </SequencePoints>
              <BranchPoints />
              <MethodPoint xsi:type="SequencePoint" vc="1" uspid="77" ordinal="0" offset="0" sl="110" sc="50" el="110" ec="77" bec="0" bev="0" fileid="2">
                <TrackedMethodRefs>
                  <TrackedMethodRef uid="9" vc="1" />
                </TrackedMethodRefs>
              </MethodPoint>
            </Method>
          </Methods>
        </Class>
      </Classes>
      <TrackedMethods>
        <TrackedMethod uid="1" token="100663307" name="System.Void ValidatonLibTest.ValidationServiceTest::Test_Object_Is_Valid()" strategy="NUnitTest" />
        <TrackedMethod uid="2" token="100663308" name="System.Void ValidatonLibTest.ValidationServiceTest::Test_Object_Is_Not_Valid()" strategy="NUnitTest" />
        <TrackedMethod uid="3" token="100663309" name="System.Void ValidatonLibTest.ValidationServiceTest::Test_Length_Of_Property_Of_String_Type_Less_Than_Minimum_Length()" strategy="NUnitTest" />
        <TrackedMethod uid="4" token="100663310" name="System.Void ValidatonLibTest.ValidationServiceTest::Test_Property_Of_Integer_Type_Not_In_Range()" strategy="NUnitTest" />
        <TrackedMethod uid="5" token="100663311" name="System.Void ValidatonLibTest.ValidationServiceTest::Test_Required_Property_Is_Null()" strategy="NUnitTest" />
        <TrackedMethod uid="6" token="100663312" name="System.Void ValidatonLibTest.ValidationServiceTest::Test_Name_Is_Not_Required_Property()" strategy="NUnitTest" />
        <TrackedMethod uid="7" token="100663313" name="System.Void ValidatonLibTest.ValidationServiceTest::Test_Object_is_Null()" strategy="NUnitTest" />
        <TrackedMethod uid="8" token="100663314" name="System.Void ValidatonLibTest.ValidationServiceTest::Test_Logger_Works()" strategy="NUnitTest" />
        <TrackedMethod uid="9" token="100663315" name="System.Void ValidatonLibTest.ValidationServiceTest::Test_Logger_is_Null()" strategy="NUnitTest" />
      </TrackedMethods>
    </Module>
    <Module hash="13-D7-A3-2F-AF-57-E8-60-F1-F0-E0-FA-DC-AF-9B-BA-50-64-D2-58">
      <Summary numSequencePoints="99" visitedSequencePoints="5" numBranchPoints="39" visitedBranchPoints="2" sequenceCoverage="5.05" branchCoverage="5.13" maxCyclomaticComplexity="8" minCyclomaticComplexity="1" maxCrapScore="72" minCrapScore="2" visitedClasses="1" numClasses="5" visitedMethods="1" numMethods="13" />
      <ModulePath>E:\Учёба\3й курс\5й семестр\СПП\ValidationLab\ValidatonLibTest\bin\Debug\ValidationLib.dll</ModulePath>
      <ModuleTime>2018-09-17T09:04:25.9979185Z</ModuleTime>
      <ModuleName>ValidationLib</ModuleName>
      <Files>
        <File uid="9" fullPath="E:\Учёба\3й курс\5й семестр\СПП\ValidationLab\ValidationLib\Services\ValidationService.cs" />
        <File uid="10" fullPath="E:\Учёба\3й курс\5й семестр\СПП\ValidationLab\ValidationLib\Services\Helpers\ValidationResult.cs" />
        <File uid="11" fullPath="E:\Учёба\3й курс\5й семестр\СПП\ValidationLab\ValidationLib\Attributes\MinimumStringLengthAttribute.cs" />
        <File uid="12" fullPath="E:\Учёба\3й курс\5й семестр\СПП\ValidationLab\ValidationLib\Attributes\RangeOfIntegerAttribute.cs" />
        <File uid="13" fullPath="E:\Учёба\3й курс\5й семестр\СПП\ValidationLab\ValidationLib\Attributes\RequiredValueAttribute.cs" />
      </Files>
      <Classes>
        <Class>
          <Summary numSequencePoints="53" visitedSequencePoints="5" numBranchPoints="16" visitedBranchPoints="2" sequenceCoverage="9.43" branchCoverage="12.5" maxCyclomaticComplexity="4" minCyclomaticComplexity="1" maxCrapScore="20" minCrapScore="2" visitedClasses="1" numClasses="1" visitedMethods="1" numMethods="6" />
          <FullName>ValidationLib.Services.ValidationService</FullName>
          <Methods>
            <Method visited="false" cyclomaticComplexity="1" nPathComplexity="0" sequenceCoverage="0" branchCoverage="0" crapScore="2" isConstructor="true" isStatic="false" isGetter="false" isSetter="false">
              <Summary numSequencePoints="4" visitedSequencePoints="0" numBranchPoints="1" visitedBranchPoints="0" sequenceCoverage="0" branchCoverage="0" maxCyclomaticComplexity="1" minCyclomaticComplexity="1" maxCrapScore="2" minCrapScore="2" visitedClasses="0" numClasses="0" visitedMethods="0" numMethods="1" />
              <MetadataToken>100663298</MetadataToken>
              <Name>System.Void ValidationLib.Services.ValidationService::.ctor()</Name>
              <FileRef uid="9" />
              <SequencePoints>
                <SequencePoint vc="0" uspid="78" ordinal="0" offset="0" sl="15" sc="9" el="15" ec="35" bec="0" bev="0" fileid="9" />
                <SequencePoint vc="0" uspid="79" ordinal="1" offset="7" sl="16" sc="9" el="16" ec="10" bec="0" bev="0" fileid="9" />
                <SequencePoint vc="0" uspid="80" ordinal="2" offset="8" sl="17" sc="11" el="17" ec="44" bec="0" bev="0" fileid="9" />
                <SequencePoint vc="0" uspid="81" ordinal="3" offset="19" sl="18" sc="9" el="18" ec="10" bec="0" bev="0" fileid="9" />
              </SequencePoints>
              <BranchPoints />
              <MethodPoint xsi:type="SequencePoint" vc="0" uspid="78" ordinal="0" offset="0" sl="15" sc="9" el="15" ec="35" bec="0" bev="0" fileid="9" />
            </Method>
            <Method visited="true" cyclomaticComplexity="2" nPathComplexity="2" sequenceCoverage="71.43" branchCoverage="66.67" crapScore="2.09" isConstructor="true" isStatic="false" isGetter="false" isSetter="false">
              <Summary numSequencePoints="7" visitedSequencePoints="5" numBranchPoints="3" visitedBranchPoints="2" sequenceCoverage="71.43" branchCoverage="66.67" maxCyclomaticComplexity="2" minCyclomaticComplexity="2" maxCrapScore="2.09" minCrapScore="2.09" visitedClasses="0" numClasses="0" visitedMethods="1" numMethods="1" />
              <MetadataToken>100663299</MetadataToken>
              <Name>System.Void ValidationLib.Services.ValidationService::.ctor(Logger.Interfaces.ILogger)</Name>
              <FileRef uid="9" />
              <SequencePoints>
                <SequencePoint vc="1" uspid="82" ordinal="0" offset="0" sl="20" sc="9" el="20" ec="49" bec="0" bev="0" fileid="9">
                  <TrackedMethodRefs>
                    <TrackedMethodRef uid="9" vc="1" />
                  </TrackedMethodRefs>
                </SequencePoint>
                <SequencePoint vc="1" uspid="83" ordinal="1" offset="7" sl="21" sc="9" el="21" ec="10" bec="0" bev="0" fileid="9">
                  <TrackedMethodRefs>
                    <TrackedMethodRef uid="9" vc="1" />
                  </TrackedMethodRefs>
                </SequencePoint>
                <SequencePoint vc="1" uspid="84" ordinal="2" offset="8" sl="22" sc="13" el="22" ec="31" bec="2" bev="1" fileid="9">
                  <TrackedMethodRefs>
                    <TrackedMethodRef uid="9" vc="1" />
                  </TrackedMethodRefs>
                </SequencePoint>
                <SequencePoint vc="1" uspid="85" ordinal="3" offset="16" sl="23" sc="13" el="23" ec="14" bec="0" bev="0" fileid="9">
                  <TrackedMethodRefs>
                    <TrackedMethodRef uid="9" vc="1" />
                  </TrackedMethodRefs>
                </SequencePoint>
                <SequencePoint vc="1" uspid="86" ordinal="4" offset="17" sl="24" sc="17" el="24" ec="91" bec="0" bev="0" fileid="9">
                  <TrackedMethodRefs>
                    <TrackedMethodRef uid="9" vc="1" />
                  </TrackedMethodRefs>
                </SequencePoint>
                <SequencePoint vc="0" uspid="87" ordinal="5" offset="38" sl="26" sc="13" el="26" ec="30" bec="0" bev="0" fileid="9" />
                <SequencePoint vc="0" uspid="88" ordinal="6" offset="45" sl="27" sc="9" el="27" ec="10" bec="0" bev="0" fileid="9" />
              </SequencePoints>
              <BranchPoints>
                <BranchPoint vc="1" uspid="89" ordinal="0" offset="14" sl="22" path="0" offsetend="16" fileid="9">
                  <TrackedMethodRefs>
                    <TrackedMethodRef uid="9" vc="1" />
                  </TrackedMethodRefs>
                </BranchPoint>
                <BranchPoint vc="0" uspid="90" ordinal="1" offset="14" sl="22" path="1" offsetend="38" fileid="9" />
              </BranchPoints>
              <MethodPoint xsi:type="SequencePoint" vc="1" uspid="82" ordinal="0" offset="0" sl="20" sc="9" el="20" ec="49" bec="0" bev="0" fileid="9">
                <TrackedMethodRefs>
                  <TrackedMethodRef uid="9" vc="1" />
                </TrackedMethodRefs>
              </MethodPoint>
            </Method>
            <Method visited="false" cyclomaticComplexity="2" nPathComplexity="2" sequenceCoverage="0" branchCoverage="0" crapScore="6" isConstructor="false" isStatic="false" isGetter="false" isSetter="false">
              <Summary numSequencePoints="6" visitedSequencePoints="0" numBranchPoints="3" visitedBranchPoints="0" sequenceCoverage="0" branchCoverage="0" maxCyclomaticComplexity="2" minCyclomaticComplexity="2" maxCrapScore="6" minCrapScore="6" visitedClasses="0" numClasses="0" visitedMethods="0" numMethods="1" />
              <MetadataToken>100663300</MetadataToken>
              <Name>ValidationLib.Services.Helpers.ValidationResult ValidationLib.Services.ValidationService::Validate(System.Object)</Name>
              <FileRef uid="9" />
              <SequencePoints>
                <SequencePoint vc="0" uspid="91" ordinal="0" offset="0" sl="30" sc="9" el="30" ec="10" bec="0" bev="0" fileid="9" />
                <SequencePoint vc="0" uspid="92" ordinal="1" offset="1" sl="31" sc="13" el="31" ec="31" bec="2" bev="0" fileid="9" />
                <SequencePoint vc="0" uspid="93" ordinal="2" offset="9" sl="32" sc="13" el="32" ec="14" bec="0" bev="0" fileid="9" />
                <SequencePoint vc="0" uspid="94" ordinal="3" offset="10" sl="33" sc="17" el="33" ec="93" bec="0" bev="0" fileid="9" />
                <SequencePoint vc="0" uspid="95" ordinal="4" offset="31" sl="36" sc="13" el="36" ec="42" bec="0" bev="0" fileid="9" />
                <SequencePoint vc="0" uspid="96" ordinal="5" offset="41" sl="37" sc="9" el="37" ec="10" bec="0" bev="0" fileid="9" />
              </SequencePoints>
              <BranchPoints>
                <BranchPoint vc="0" uspid="97" ordinal="0" offset="7" sl="31" path="0" offsetend="9" fileid="9" />
                <BranchPoint vc="0" uspid="98" ordinal="1" offset="7" sl="31" path="1" offsetend="31" fileid="9" />
              </BranchPoints>
              <MethodPoint xsi:type="SequencePoint" vc="0" uspid="91" ordinal="0" offset="0" sl="30" sc="9" el="30" ec="10" bec="0" bev="0" fileid="9" />
            </Method>
            <Method visited="false" cyclomaticComplexity="4" nPathComplexity="2" sequenceCoverage="0" branchCoverage="0" crapScore="20" isConstructor="false" isStatic="false" isGetter="false" isSetter="false">
              <Summary numSequencePoints="14" visitedSequencePoints="0" numBranchPoints="3" visitedBranchPoints="0" sequenceCoverage="0" branchCoverage="0" maxCyclomaticComplexity="4" minCyclomaticComplexity="4" maxCrapScore="20" minCrapScore="20" visitedClasses="0" numClasses="0" visitedMethods="0" numMethods="1" />
              <MetadataToken>100663301</MetadataToken>
              <Name>ValidationLib.Services.Helpers.ValidationResult ValidationLib.Services.ValidationService::ValidateObject(System.Object)</Name>
              <FileRef uid="9" />
              <SequencePoints>
                <SequencePoint vc="0" uspid="99" ordinal="0" offset="0" sl="40" sc="9" el="40" ec="10" bec="0" bev="0" fileid="9" />
                <SequencePoint vc="0" uspid="100" ordinal="1" offset="1" sl="41" sc="13" el="41" ec="73" bec="0" bev="0" fileid="9" />
                <SequencePoint vc="0" uspid="101" ordinal="2" offset="13" sl="43" sc="13" el="43" ec="20" bec="0" bev="0" fileid="9" />
                <SequencePoint vc="0" uspid="102" ordinal="3" offset="14" sl="43" sc="38" el="43" ec="69" bec="0" bev="0" fileid="9" />
                <SequencePoint vc="0" uspid="103" ordinal="4" offset="30" sl="43" sc="22" el="43" ec="34" bec="0" bev="0" fileid="9" />
                <SequencePoint vc="0" uspid="104" ordinal="5" offset="34" sl="44" sc="13" el="44" ec="14" bec="0" bev="0" fileid="9" />
                <SequencePoint vc="0" uspid="105" ordinal="6" offset="35" sl="45" sc="17" el="45" ec="120" bec="2" bev="0" fileid="9" />
                <SequencePoint vc="0" uspid="106" ordinal="7" offset="69" sl="46" sc="17" el="46" ec="18" bec="0" bev="0" fileid="9" />
                <SequencePoint vc="0" uspid="107" ordinal="8" offset="70" sl="47" sc="21" el="47" ec="41" bec="0" bev="0" fileid="9" />
                <SequencePoint vc="0" uspid="108" ordinal="9" offset="78" sl="48" sc="17" el="48" ec="18" bec="0" bev="0" fileid="9" />
                <SequencePoint vc="0" uspid="109" ordinal="10" offset="79" sl="49" sc="13" el="49" ec="14" bec="0" bev="0" fileid="9" />
                <SequencePoint vc="0" uspid="110" ordinal="11" offset="84" sl="43" sc="35" el="43" ec="37" bec="0" bev="0" fileid="9" />
                <SequencePoint vc="0" uspid="111" ordinal="12" offset="90" sl="51" sc="13" el="51" ec="27" bec="0" bev="0" fileid="9" />
                <SequencePoint vc="0" uspid="112" ordinal="13" offset="95" sl="52" sc="9" el="52" ec="10" bec="0" bev="0" fileid="9" />
              </SequencePoints>
              <BranchPoints>
                <BranchPoint vc="0" uspid="115" ordinal="2" offset="67" sl="45" path="0" offsetend="69" fileid="9" />
                <BranchPoint vc="0" uspid="116" ordinal="3" offset="67" sl="45" path="1" offsetend="79" fileid="9" />
              </BranchPoints>
              <MethodPoint xsi:type="SequencePoint" vc="0" uspid="99" ordinal="0" offset="0" sl="40" sc="9" el="40" ec="10" bec="0" bev="0" fileid="9" />
            </Method>
            <Method visited="false" cyclomaticComplexity="3" nPathComplexity="2" sequenceCoverage="0" branchCoverage="0" crapScore="12" isConstructor="false" isStatic="false" isGetter="false" isSetter="false">
              <Summary numSequencePoints="14" visitedSequencePoints="0" numBranchPoints="3" visitedBranchPoints="0" sequenceCoverage="0" branchCoverage="0" maxCyclomaticComplexity="3" minCyclomaticComplexity="3" maxCrapScore="12" minCrapScore="12" visitedClasses="0" numClasses="0" visitedMethods="0" numMethods="1" />
              <MetadataToken>100663302</MetadataToken>
              <Name>System.Boolean ValidationLib.Services.ValidationService::ValidateProperty(System.Reflection.PropertyInfo,System.Object,System.Collections.Generic.List`1&lt;System.String&gt;)</Name>
              <FileRef uid="9" />
              <SequencePoints>
                <SequencePoint vc="0" uspid="119" ordinal="0" offset="0" sl="55" sc="9" el="55" ec="10" bec="0" bev="0" fileid="9" />
                <SequencePoint vc="0" uspid="120" ordinal="1" offset="1" sl="56" sc="13" el="56" ec="38" bec="0" bev="0" fileid="9" />
                <SequencePoint vc="0" uspid="121" ordinal="2" offset="3" sl="58" sc="13" el="58" ec="20" bec="0" bev="0" fileid="9" />
                <SequencePoint vc="0" uspid="122" ordinal="3" offset="4" sl="58" sc="39" el="58" ec="104" bec="0" bev="0" fileid="9" />
                <SequencePoint vc="0" uspid="123" ordinal="4" offset="26" sl="58" sc="22" el="58" ec="35" bec="0" bev="0" fileid="9" />
                <SequencePoint vc="0" uspid="124" ordinal="5" offset="30" sl="59" sc="13" el="59" ec="14" bec="0" bev="0" fileid="9" />
                <SequencePoint vc="0" uspid="125" ordinal="6" offset="31" sl="60" sc="17" el="60" ec="55" bec="2" bev="0" fileid="9" />
                <SequencePoint vc="0" uspid="126" ordinal="7" offset="46" sl="61" sc="17" el="61" ec="18" bec="0" bev="0" fileid="9" />
                <SequencePoint vc="0" uspid="127" ordinal="8" offset="47" sl="62" sc="21" el="62" ec="171" bec="0" bev="0" fileid="9" />
                <SequencePoint vc="0" uspid="128" ordinal="9" offset="87" sl="63" sc="17" el="63" ec="18" bec="0" bev="0" fileid="9" />
                <SequencePoint vc="0" uspid="129" ordinal="10" offset="88" sl="64" sc="13" el="64" ec="14" bec="0" bev="0" fileid="9" />
                <SequencePoint vc="0" uspid="130" ordinal="11" offset="93" sl="58" sc="36" el="58" ec="38" bec="0" bev="0" fileid="9" />
                <SequencePoint vc="0" uspid="131" ordinal="12" offset="99" sl="66" sc="13" el="66" ec="33" bec="0" bev="0" fileid="9" />
                <SequencePoint vc="0" uspid="132" ordinal="13" offset="104" sl="67" sc="9" el="67" ec="10" bec="0" bev="0" fileid="9" />
              </SequencePoints>
              <BranchPoints>
                <BranchPoint vc="0" uspid="133" ordinal="0" offset="44" sl="60" path="0" offsetend="46" fileid="9" />
                <BranchPoint vc="0" uspid="134" ordinal="1" offset="44" sl="60" path="1" offsetend="88" fileid="9" />
              </BranchPoints>
              <MethodPoint xsi:type="SequencePoint" vc="0" uspid="119" ordinal="0" offset="0" sl="55" sc="9" el="55" ec="10" bec="0" bev="0" fileid="9" />
            </Method>
            <Method visited="false" cyclomaticComplexity="2" nPathComplexity="2" sequenceCoverage="0" branchCoverage="0" crapScore="6" isConstructor="false" isStatic="false" isGetter="false" isSetter="false">
              <Summary numSequencePoints="8" visitedSequencePoints="0" numBranchPoints="3" visitedBranchPoints="0" sequenceCoverage="0" branchCoverage="0" maxCyclomaticComplexity="2" minCyclomaticComplexity="2" maxCrapScore="6" minCrapScore="6" visitedClasses="0" numClasses="0" visitedMethods="0" numMethods="1" />
              <MetadataToken>100663303</MetadataToken>
              <Name>System.Void ValidationLib.Services.ValidationService::ValidateAttribute(ValidationLib.Attributes.Interfaces.IValidationAttribute,System.Object,System.Collections.Generic.List`1&lt;System.String&gt;,System.Boolean&amp;)</Name>
              <FileRef uid="9" />
              <SequencePoints>
                <SequencePoint vc="0" uspid="137" ordinal="0" offset="0" sl="70" sc="9" el="70" ec="10" bec="0" bev="0" fileid="9" />
                <SequencePoint vc="0" uspid="138" ordinal="1" offset="1" sl="71" sc="13" el="71" ec="43" bec="2" bev="0" fileid="9" />
                <SequencePoint vc="0" uspid="139" ordinal="2" offset="15" sl="72" sc="13" el="72" ec="14" bec="0" bev="0" fileid="9" />
                <SequencePoint vc="0" uspid="140" ordinal="3" offset="16" sl="73" sc="17" el="73" ec="59" bec="0" bev="0" fileid="9" />
                <SequencePoint vc="0" uspid="141" ordinal="4" offset="29" sl="74" sc="17" el="74" ec="55" bec="0" bev="0" fileid="9" />
                <SequencePoint vc="0" uspid="142" ordinal="5" offset="47" sl="76" sc="17" el="76" ec="38" bec="0" bev="0" fileid="9" />
                <SequencePoint vc="0" uspid="143" ordinal="6" offset="51" sl="77" sc="13" el="77" ec="14" bec="0" bev="0" fileid="9" />
                <SequencePoint vc="0" uspid="144" ordinal="7" offset="52" sl="78" sc="9" el="78" ec="10" bec="0" bev="0" fileid="9" />
              </SequencePoints>
              <BranchPoints>
                <BranchPoint vc="0" uspid="145" ordinal="0" offset="13" sl="71" path="0" offsetend="15" fileid="9" />
                <BranchPoint vc="0" uspid="146" ordinal="1" offset="13" sl="71" path="1" offsetend="52" fileid="9" />
              </BranchPoints>
              <MethodPoint xsi:type="SequencePoint" vc="0" uspid="137" ordinal="0" offset="0" sl="70" sc="9" el="70" ec="10" bec="0" bev="0" fileid="9" />
            </Method>
          </Methods>
        </Class>
        <Class>
          <Summary numSequencePoints="5" visitedSequencePoints="0" numBranchPoints="1" visitedBranchPoints="0" sequenceCoverage="0" branchCoverage="0" maxCyclomaticComplexity="1" minCyclomaticComplexity="1" maxCrapScore="2" minCrapScore="2" visitedClasses="0" numClasses="1" visitedMethods="0" numMethods="1" />
          <FullName>ValidationLib.Services.Helpers.ValidationResult</FullName>
          <Methods>
            <Method skippedDueTo="AutoImplementedProperty" visited="false" cyclomaticComplexity="1" nPathComplexity="0" sequenceCoverage="0" branchCoverage="0" crapScore="0" isConstructor="false" isStatic="false" isGetter="true" isSetter="false">
              <MetadataToken>100663304</MetadataToken>
              <Name>System.Boolean ValidationLib.Services.Helpers.ValidationResult::get_IsOK()</Name>
              <FileRef uid="10" />
              <SequencePoints />
              <BranchPoints />
            </Method>
            <Method skippedDueTo="AutoImplementedProperty" visited="false" cyclomaticComplexity="1" nPathComplexity="0" sequenceCoverage="0" branchCoverage="0" crapScore="0" isConstructor="false" isStatic="false" isGetter="false" isSetter="true">
              <MetadataToken>100663305</MetadataToken>
              <Name>System.Void ValidationLib.Services.Helpers.ValidationResult::set_IsOK(System.Boolean)</Name>
              <FileRef uid="10" />
              <SequencePoints />
              <BranchPoints />
            </Method>
            <Method skippedDueTo="AutoImplementedProperty" visited="false" cyclomaticComplexity="1" nPathComplexity="0" sequenceCoverage="0" branchCoverage="0" crapScore="0" isConstructor="false" isStatic="false" isGetter="true" isSetter="false">
              <MetadataToken>100663306</MetadataToken>
              <Name>System.Collections.Generic.List`1&lt;System.String&gt; ValidationLib.Services.Helpers.ValidationResult::get_ValidationErrors()</Name>
              <FileRef uid="10" />
              <SequencePoints />
              <BranchPoints />
            </Method>
            <Method skippedDueTo="AutoImplementedProperty" visited="false" cyclomaticComplexity="1" nPathComplexity="0" sequenceCoverage="0" branchCoverage="0" crapScore="0" isConstructor="false" isStatic="false" isGetter="false" isSetter="true">
              <MetadataToken>100663307</MetadataToken>
              <Name>System.Void ValidationLib.Services.Helpers.ValidationResult::set_ValidationErrors(System.Collections.Generic.List`1&lt;System.String&gt;)</Name>
              <FileRef uid="10" />
              <SequencePoints />
              <BranchPoints />
            </Method>
            <Method visited="false" cyclomaticComplexity="1" nPathComplexity="0" sequenceCoverage="0" branchCoverage="0" crapScore="2" isConstructor="true" isStatic="false" isGetter="false" isSetter="false">
              <Summary numSequencePoints="5" visitedSequencePoints="0" numBranchPoints="1" visitedBranchPoints="0" sequenceCoverage="0" branchCoverage="0" maxCyclomaticComplexity="1" minCyclomaticComplexity="1" maxCrapScore="2" minCrapScore="2" visitedClasses="0" numClasses="0" visitedMethods="0" numMethods="1" />
              <MetadataToken>100663308</MetadataToken>
              <Name>System.Void ValidationLib.Services.Helpers.ValidationResult::.ctor(System.Boolean,System.Collections.Generic.List`1&lt;System.String&gt;)</Name>
              <FileRef uid="10" />
              <SequencePoints>
                <SequencePoint vc="0" uspid="147" ordinal="0" offset="0" sl="11" sc="9" el="11" ec="73" bec="0" bev="0" fileid="10" />
                <SequencePoint vc="0" uspid="148" ordinal="1" offset="7" sl="12" sc="9" el="12" ec="10" bec="0" bev="0" fileid="10" />
                <SequencePoint vc="0" uspid="149" ordinal="2" offset="8" sl="13" sc="13" el="13" ec="27" bec="0" bev="0" fileid="10" />
                <SequencePoint vc="0" uspid="150" ordinal="3" offset="16" sl="14" sc="13" el="14" ec="46" bec="0" bev="0" fileid="10" />
                <SequencePoint vc="0" uspid="151" ordinal="4" offset="24" sl="15" sc="9" el="15" ec="10" bec="0" bev="0" fileid="10" />
              </SequencePoints>
              <BranchPoints />
              <MethodPoint xsi:type="SequencePoint" vc="0" uspid="147" ordinal="0" offset="0" sl="11" sc="9" el="11" ec="73" bec="0" bev="0" fileid="10" />
            </Method>
          </Methods>
        </Class>
        <Class>
          <Summary numSequencePoints="16" visitedSequencePoints="0" numBranchPoints="8" visitedBranchPoints="0" sequenceCoverage="0" branchCoverage="0" maxCyclomaticComplexity="4" minCyclomaticComplexity="2" maxCrapScore="20" minCrapScore="6" visitedClasses="0" numClasses="1" visitedMethods="0" numMethods="2" />
          <FullName>ValidationLib.Attributes.MinimumStringLengthAttribute</FullName>
          <Methods>
            <Method skippedDueTo="AutoImplementedProperty" visited="false" cyclomaticComplexity="1" nPathComplexity="0" sequenceCoverage="0" branchCoverage="0" crapScore="0" isConstructor="false" isStatic="false" isGetter="true" isSetter="false">
              <MetadataToken>100663309</MetadataToken>
              <Name>System.String ValidationLib.Attributes.MinimumStringLengthAttribute::get_ErrorMessage()</Name>
              <FileRef uid="11" />
              <SequencePoints />
              <BranchPoints />
            </Method>
            <Method skippedDueTo="AutoImplementedProperty" visited="false" cyclomaticComplexity="1" nPathComplexity="0" sequenceCoverage="0" branchCoverage="0" crapScore="0" isConstructor="false" isStatic="false" isGetter="false" isSetter="true">
              <MetadataToken>100663310</MetadataToken>
              <Name>System.Void ValidationLib.Attributes.MinimumStringLengthAttribute::set_ErrorMessage(System.String)</Name>
              <FileRef uid="11" />
              <SequencePoints />
              <BranchPoints />
            </Method>
            <Method skippedDueTo="AutoImplementedProperty" visited="false" cyclomaticComplexity="1" nPathComplexity="0" sequenceCoverage="0" branchCoverage="0" crapScore="0" isConstructor="false" isStatic="false" isGetter="true" isSetter="false">
              <MetadataToken>100663311</MetadataToken>
              <Name>System.Int32 ValidationLib.Attributes.MinimumStringLengthAttribute::get_MinimumLength()</Name>
              <FileRef uid="11" />
              <SequencePoints />
              <BranchPoints />
            </Method>
            <Method skippedDueTo="AutoImplementedProperty" visited="false" cyclomaticComplexity="1" nPathComplexity="0" sequenceCoverage="0" branchCoverage="0" crapScore="0" isConstructor="false" isStatic="false" isGetter="false" isSetter="true">
              <MetadataToken>100663312</MetadataToken>
              <Name>System.Void ValidationLib.Attributes.MinimumStringLengthAttribute::set_MinimumLength(System.Int32)</Name>
              <FileRef uid="11" />
              <SequencePoints />
              <BranchPoints />
            </Method>
            <Method visited="false" cyclomaticComplexity="2" nPathComplexity="2" sequenceCoverage="0" branchCoverage="0" crapScore="6" isConstructor="true" isStatic="false" isGetter="false" isSetter="false">
              <Summary numSequencePoints="7" visitedSequencePoints="0" numBranchPoints="3" visitedBranchPoints="0" sequenceCoverage="0" branchCoverage="0" maxCyclomaticComplexity="2" minCyclomaticComplexity="2" maxCrapScore="6" minCrapScore="6" visitedClasses="0" numClasses="0" visitedMethods="0" numMethods="1" />
              <MetadataToken>100663313</MetadataToken>
              <Name>System.Void ValidationLib.Attributes.MinimumStringLengthAttribute::.ctor(System.Int32)</Name>
              <FileRef uid="11" />
              <SequencePoints>
                <SequencePoint vc="0" uspid="152" ordinal="0" offset="0" sl="13" sc="7" el="13" ec="57" bec="0" bev="0" fileid="11" />
                <SequencePoint vc="0" uspid="153" ordinal="1" offset="7" sl="14" sc="7" el="14" ec="8" bec="0" bev="0" fileid="11" />
                <SequencePoint vc="0" uspid="154" ordinal="2" offset="8" sl="15" sc="11" el="15" ec="30" bec="2" bev="0" fileid="11" />
                <SequencePoint vc="0" uspid="155" ordinal="3" offset="19" sl="16" sc="11" el="16" ec="12" bec="0" bev="0" fileid="11" />
                <SequencePoint vc="0" uspid="156" ordinal="4" offset="20" sl="17" sc="15" el="17" ec="96" bec="0" bev="0" fileid="11" />
                <SequencePoint vc="0" uspid="157" ordinal="5" offset="31" sl="20" sc="11" el="20" ec="37" bec="0" bev="0" fileid="11" />
                <SequencePoint vc="0" uspid="158" ordinal="6" offset="39" sl="21" sc="7" el="21" ec="8" bec="0" bev="0" fileid="11" />
              </SequencePoints>
              <BranchPoints>
                <BranchPoint vc="0" uspid="159" ordinal="0" offset="17" sl="15" path="0" offsetend="19" fileid="11" />
                <BranchPoint vc="0" uspid="160" ordinal="1" offset="17" sl="15" path="1" offsetend="31" fileid="11" />
              </BranchPoints>
              <MethodPoint xsi:type="SequencePoint" vc="0" uspid="152" ordinal="0" offset="0" sl="13" sc="7" el="13" ec="57" bec="0" bev="0" fileid="11" />
            </Method>
            <Method visited="false" cyclomaticComplexity="4" nPathComplexity="4" sequenceCoverage="0" branchCoverage="0" crapScore="20" isConstructor="false" isStatic="false" isGetter="false" isSetter="false">
              <Summary numSequencePoints="9" visitedSequencePoints="0" numBranchPoints="5" visitedBranchPoints="0" sequenceCoverage="0" branchCoverage="0" maxCyclomaticComplexity="4" minCyclomaticComplexity="4" maxCrapScore="20" minCrapScore="20" visitedClasses="0" numClasses="0" visitedMethods="0" numMethods="1" />
              <MetadataToken>100663314</MetadataToken>
              <Name>System.Boolean ValidationLib.Attributes.MinimumStringLengthAttribute::IsValid(System.Object)</Name>
              <FileRef uid="11" />
              <SequencePoints>
                <SequencePoint vc="0" uspid="161" ordinal="0" offset="0" sl="24" sc="7" el="24" ec="8" bec="0" bev="0" fileid="11" />
                <SequencePoint vc="0" uspid="162" ordinal="1" offset="1" sl="25" sc="11" el="25" ec="48" bec="0" bev="0" fileid="11" />
                <SequencePoint vc="0" uspid="163" ordinal="2" offset="19" sl="26" sc="11" el="26" ec="46" bec="2" bev="0" fileid="11" />
                <SequencePoint vc="0" uspid="164" ordinal="3" offset="41" sl="28" sc="11" el="28" ec="48" bec="2" bev="0" fileid="11" />
                <SequencePoint vc="0" uspid="165" ordinal="4" offset="54" sl="29" sc="11" el="29" ec="12" bec="0" bev="0" fileid="11" />
                <SequencePoint vc="0" uspid="166" ordinal="5" offset="55" sl="30" sc="15" el="30" ec="99" bec="0" bev="0" fileid="11" />
                <SequencePoint vc="0" uspid="167" ordinal="6" offset="83" sl="31" sc="15" el="31" ec="28" bec="0" bev="0" fileid="11" />
                <SequencePoint vc="0" uspid="168" ordinal="7" offset="88" sl="34" sc="11" el="34" ec="23" bec="0" bev="0" fileid="11" />
                <SequencePoint vc="0" uspid="169" ordinal="8" offset="93" sl="35" sc="7" el="35" ec="8" bec="0" bev="0" fileid="11" />
              </SequencePoints>
              <BranchPoints>
                <BranchPoint vc="0" uspid="170" ordinal="0" offset="28" sl="26" path="0" offsetend="30" fileid="11" />
                <BranchPoint vc="0" uspid="171" ordinal="1" offset="28" sl="26" path="1" offsetend="33" fileid="11" />
                <BranchPoint vc="0" uspid="172" ordinal="2" offset="52" sl="28" path="0" offsetend="54" fileid="11" />
                <BranchPoint vc="0" uspid="173" ordinal="3" offset="52" sl="28" path="1" offsetend="88" fileid="11" />
              </BranchPoints>
              <MethodPoint xsi:type="SequencePoint" vc="0" uspid="161" ordinal="0" offset="0" sl="24" sc="7" el="24" ec="8" bec="0" bev="0" fileid="11" />
            </Method>
          </Methods>
        </Class>
        <Class>
          <Summary numSequencePoints="14" visitedSequencePoints="0" numBranchPoints="8" visitedBranchPoints="0" sequenceCoverage="0" branchCoverage="0" maxCyclomaticComplexity="8" minCyclomaticComplexity="1" maxCrapScore="72" minCrapScore="2" visitedClasses="0" numClasses="1" visitedMethods="0" numMethods="2" />
          <FullName>ValidationLib.Attributes.RangeOfIntegerAttribute</FullName>
          <Methods>
            <Method skippedDueTo="AutoImplementedProperty" visited="false" cyclomaticComplexity="1" nPathComplexity="0" sequenceCoverage="0" branchCoverage="0" crapScore="0" isConstructor="false" isStatic="false" isGetter="true" isSetter="false">
              <MetadataToken>100663315</MetadataToken>
              <Name>System.String ValidationLib.Attributes.RangeOfIntegerAttribute::get_ErrorMessage()</Name>
              <FileRef uid="12" />
              <SequencePoints />
              <BranchPoints />
            </Method>
            <Method skippedDueTo="AutoImplementedProperty" visited="false" cyclomaticComplexity="1" nPathComplexity="0" sequenceCoverage="0" branchCoverage="0" crapScore="0" isConstructor="false" isStatic="false" isGetter="false" isSetter="true">
              <MetadataToken>100663316</MetadataToken>
              <Name>System.Void ValidationLib.Attributes.RangeOfIntegerAttribute::set_ErrorMessage(System.String)</Name>
              <FileRef uid="12" />
              <SequencePoints />
              <BranchPoints />
            </Method>
            <Method skippedDueTo="AutoImplementedProperty" visited="false" cyclomaticComplexity="1" nPathComplexity="0" sequenceCoverage="0" branchCoverage="0" crapScore="0" isConstructor="false" isStatic="false" isGetter="true" isSetter="false">
              <MetadataToken>100663317</MetadataToken>
              <Name>System.Int32 ValidationLib.Attributes.RangeOfIntegerAttribute::get_MinimumValue()</Name>
              <FileRef uid="12" />
              <SequencePoints />
              <BranchPoints />
            </Method>
            <Method skippedDueTo="AutoImplementedProperty" visited="false" cyclomaticComplexity="1" nPathComplexity="0" sequenceCoverage="0" branchCoverage="0" crapScore="0" isConstructor="false" isStatic="false" isGetter="false" isSetter="true">
              <MetadataToken>100663318</MetadataToken>
              <Name>System.Void ValidationLib.Attributes.RangeOfIntegerAttribute::set_MinimumValue(System.Int32)</Name>
              <FileRef uid="12" />
              <SequencePoints />
              <BranchPoints />
            </Method>
            <Method skippedDueTo="AutoImplementedProperty" visited="false" cyclomaticComplexity="1" nPathComplexity="0" sequenceCoverage="0" branchCoverage="0" crapScore="0" isConstructor="false" isStatic="false" isGetter="true" isSetter="false">
              <MetadataToken>100663319</MetadataToken>
              <Name>System.Int32 ValidationLib.Attributes.RangeOfIntegerAttribute::get_MaximumValue()</Name>
              <FileRef uid="12" />
              <SequencePoints />
              <BranchPoints />
            </Method>
            <Method skippedDueTo="AutoImplementedProperty" visited="false" cyclomaticComplexity="1" nPathComplexity="0" sequenceCoverage="0" branchCoverage="0" crapScore="0" isConstructor="false" isStatic="false" isGetter="false" isSetter="true">
              <MetadataToken>100663320</MetadataToken>
              <Name>System.Void ValidationLib.Attributes.RangeOfIntegerAttribute::set_MaximumValue(System.Int32)</Name>
              <FileRef uid="12" />
              <SequencePoints />
              <BranchPoints />
            </Method>
            <Method visited="false" cyclomaticComplexity="1" nPathComplexity="0" sequenceCoverage="0" branchCoverage="0" crapScore="2" isConstructor="true" isStatic="false" isGetter="false" isSetter="false">
              <Summary numSequencePoints="5" visitedSequencePoints="0" numBranchPoints="1" visitedBranchPoints="0" sequenceCoverage="0" branchCoverage="0" maxCyclomaticComplexity="1" minCyclomaticComplexity="1" maxCrapScore="2" minCrapScore="2" visitedClasses="0" numClasses="0" visitedMethods="0" numMethods="1" />
              <MetadataToken>100663321</MetadataToken>
              <Name>System.Void ValidationLib.Attributes.RangeOfIntegerAttribute::.ctor(System.Int32,System.Int32)</Name>
              <FileRef uid="12" />
              <SequencePoints>
                <SequencePoint vc="0" uspid="174" ordinal="0" offset="0" sl="15" sc="9" el="15" ec="67" bec="0" bev="0" fileid="12" />
                <SequencePoint vc="0" uspid="175" ordinal="1" offset="7" sl="16" sc="9" el="16" ec="10" bec="0" bev="0" fileid="12" />
                <SequencePoint vc="0" uspid="176" ordinal="2" offset="8" sl="17" sc="13" el="17" ec="37" bec="0" bev="0" fileid="12" />
                <SequencePoint vc="0" uspid="177" ordinal="3" offset="16" sl="18" sc="13" el="18" ec="37" bec="0" bev="0" fileid="12" />
                <SequencePoint vc="0" uspid="178" ordinal="4" offset="24" sl="19" sc="9" el="19" ec="10" bec="0" bev="0" fileid="12" />
              </SequencePoints>
              <BranchPoints />
              <MethodPoint xsi:type="SequencePoint" vc="0" uspid="174" ordinal="0" offset="0" sl="15" sc="9" el="15" ec="67" bec="0" bev="0" fileid="12" />
            </Method>
            <Method visited="false" cyclomaticComplexity="8" nPathComplexity="8" sequenceCoverage="0" branchCoverage="0" crapScore="72" isConstructor="false" isStatic="false" isGetter="false" isSetter="false">
              <Summary numSequencePoints="9" visitedSequencePoints="0" numBranchPoints="7" visitedBranchPoints="0" sequenceCoverage="0" branchCoverage="0" maxCyclomaticComplexity="8" minCyclomaticComplexity="8" maxCrapScore="72" minCrapScore="72" visitedClasses="0" numClasses="0" visitedMethods="0" numMethods="1" />
              <MetadataToken>100663322</MetadataToken>
              <Name>System.Boolean ValidationLib.Attributes.RangeOfIntegerAttribute::IsValid(System.Object)</Name>
              <FileRef uid="12" />
              <SequencePoints>
                <SequencePoint vc="0" uspid="179" ordinal="0" offset="0" sl="22" sc="9" el="22" ec="10" bec="0" bev="0" fileid="12" />
                <SequencePoint vc="0" uspid="180" ordinal="1" offset="1" sl="23" sc="13" el="23" ec="39" bec="0" bev="0" fileid="12" />
                <SequencePoint vc="0" uspid="181" ordinal="2" offset="14" sl="24" sc="13" el="24" ec="65" bec="0" bev="0" fileid="12" />
                <SequencePoint vc="0" uspid="182" ordinal="3" offset="43" sl="26" sc="13" el="26" ec="70" bec="6" bev="0" fileid="12" />
                <SequencePoint vc="0" uspid="183" ordinal="4" offset="114" sl="27" sc="13" el="27" ec="14" bec="0" bev="0" fileid="12" />
                <SequencePoint vc="0" uspid="184" ordinal="5" offset="115" sl="28" sc="17" el="28" ec="117" bec="0" bev="0" fileid="12" />
                <SequencePoint vc="0" uspid="185" ordinal="6" offset="154" sl="29" sc="17" el="29" ec="30" bec="0" bev="0" fileid="12" />
                <SequencePoint vc="0" uspid="186" ordinal="7" offset="159" sl="32" sc="13" el="32" ec="25" bec="0" bev="0" fileid="12" />
                <SequencePoint vc="0" uspid="187" ordinal="8" offset="164" sl="33" sc="9" el="33" ec="10" bec="0" bev="0" fileid="12" />
              </SequencePoints>
              <BranchPoints>
                <BranchPoint vc="0" uspid="190" ordinal="2" offset="62" sl="26" path="0" offsetend="64" fileid="12" />
                <BranchPoint vc="0" uspid="191" ordinal="3" offset="62" sl="26" path="1" offsetend="67" fileid="12" />
                <BranchPoint vc="0" uspid="194" ordinal="6" offset="95" sl="26" path="0" offsetend="97" fileid="12" />
                <BranchPoint vc="0" uspid="195" ordinal="7" offset="95" sl="26" path="1" offsetend="100" fileid="12" />
                <BranchPoint vc="0" uspid="196" ordinal="8" offset="112" sl="26" path="0" offsetend="114" fileid="12" />
                <BranchPoint vc="0" uspid="197" ordinal="9" offset="112" sl="26" path="1" offsetend="159" fileid="12" />
              </BranchPoints>
              <MethodPoint xsi:type="SequencePoint" vc="0" uspid="179" ordinal="0" offset="0" sl="22" sc="9" el="22" ec="10" bec="0" bev="0" fileid="12" />
            </Method>
          </Methods>
        </Class>
        <Class>
          <Summary numSequencePoints="11" visitedSequencePoints="0" numBranchPoints="6" visitedBranchPoints="0" sequenceCoverage="0" branchCoverage="0" maxCyclomaticComplexity="3" minCyclomaticComplexity="1" maxCrapScore="12" minCrapScore="2" visitedClasses="0" numClasses="1" visitedMethods="0" numMethods="2" />
          <FullName>ValidationLib.Attributes.RequiredValueAttribute</FullName>
          <Methods>
            <Method skippedDueTo="AutoImplementedProperty" visited="false" cyclomaticComplexity="1" nPathComplexity="0" sequenceCoverage="0" branchCoverage="0" crapScore="0" isConstructor="false" isStatic="false" isGetter="true" isSetter="false">
              <MetadataToken>100663324</MetadataToken>
              <Name>System.String ValidationLib.Attributes.RequiredValueAttribute::get_ErrorMessage()</Name>
              <FileRef uid="13" />
              <SequencePoints />
              <BranchPoints />
            </Method>
            <Method skippedDueTo="AutoImplementedProperty" visited="false" cyclomaticComplexity="1" nPathComplexity="0" sequenceCoverage="0" branchCoverage="0" crapScore="0" isConstructor="false" isStatic="false" isGetter="false" isSetter="true">
              <MetadataToken>100663325</MetadataToken>
              <Name>System.Void ValidationLib.Attributes.RequiredValueAttribute::set_ErrorMessage(System.String)</Name>
              <FileRef uid="13" />
              <SequencePoints />
              <BranchPoints />
            </Method>
            <Method visited="false" cyclomaticComplexity="1" nPathComplexity="0" sequenceCoverage="0" branchCoverage="0" crapScore="2" isConstructor="true" isStatic="false" isGetter="false" isSetter="false">
              <Summary numSequencePoints="3" visitedSequencePoints="0" numBranchPoints="1" visitedBranchPoints="0" sequenceCoverage="0" branchCoverage="0" maxCyclomaticComplexity="1" minCyclomaticComplexity="1" maxCrapScore="2" minCrapScore="2" visitedClasses="0" numClasses="0" visitedMethods="0" numMethods="1" />
              <MetadataToken>100663323</MetadataToken>
              <Name>System.Void ValidationLib.Attributes.RequiredValueAttribute::.ctor()</Name>
              <FileRef uid="13" />
              <SequencePoints>
                <SequencePoint vc="0" uspid="198" ordinal="0" offset="0" sl="9" sc="9" el="9" ec="40" bec="0" bev="0" fileid="13" />
                <SequencePoint vc="0" uspid="199" ordinal="1" offset="7" sl="9" sc="41" el="9" ec="42" bec="0" bev="0" fileid="13" />
                <SequencePoint vc="0" uspid="200" ordinal="2" offset="8" sl="9" sc="43" el="9" ec="44" bec="0" bev="0" fileid="13" />
              </SequencePoints>
              <BranchPoints />
              <MethodPoint xsi:type="SequencePoint" vc="0" uspid="198" ordinal="0" offset="0" sl="9" sc="9" el="9" ec="40" bec="0" bev="0" fileid="13" />
            </Method>
            <Method visited="false" cyclomaticComplexity="3" nPathComplexity="4" sequenceCoverage="0" branchCoverage="0" crapScore="12" isConstructor="false" isStatic="false" isGetter="false" isSetter="false">
              <Summary numSequencePoints="8" visitedSequencePoints="0" numBranchPoints="5" visitedBranchPoints="0" sequenceCoverage="0" branchCoverage="0" maxCyclomaticComplexity="3" minCyclomaticComplexity="3" maxCrapScore="12" minCrapScore="12" visitedClasses="0" numClasses="0" visitedMethods="0" numMethods="1" />
              <MetadataToken>100663326</MetadataToken>
              <Name>System.Boolean ValidationLib.Attributes.RequiredValueAttribute::IsValid(System.Object)</Name>
              <FileRef uid="13" />
              <SequencePoints>
                <SequencePoint vc="0" uspid="201" ordinal="0" offset="0" sl="13" sc="9" el="13" ec="10" bec="0" bev="0" fileid="13" />
                <SequencePoint vc="0" uspid="202" ordinal="1" offset="1" sl="14" sc="13" el="14" ec="74" bec="2" bev="0" fileid="13" />
                <SequencePoint vc="0" uspid="203" ordinal="2" offset="18" sl="15" sc="13" el="15" ec="40" bec="2" bev="0" fileid="13" />
                <SequencePoint vc="0" uspid="204" ordinal="3" offset="33" sl="16" sc="13" el="16" ec="14" bec="0" bev="0" fileid="13" />
                <SequencePoint vc="0" uspid="205" ordinal="4" offset="34" sl="17" sc="17" el="17" ec="56" bec="0" bev="0" fileid="13" />
                <SequencePoint vc="0" uspid="206" ordinal="5" offset="46" sl="18" sc="17" el="18" ec="30" bec="0" bev="0" fileid="13" />
                <SequencePoint vc="0" uspid="207" ordinal="6" offset="50" sl="21" sc="13" el="21" ec="25" bec="0" bev="0" fileid="13" />
                <SequencePoint vc="0" uspid="208" ordinal="7" offset="54" sl="22" sc="9" el="22" ec="10" bec="0" bev="0" fileid="13" />
              </SequencePoints>
              <BranchPoints>
                <BranchPoint vc="0" uspid="209" ordinal="0" offset="2" sl="14" path="0" offsetend="4" fileid="13" />
                <BranchPoint vc="0" uspid="210" ordinal="1" offset="2" sl="14" path="1" offsetend="12" fileid="13" />
                <BranchPoint vc="0" uspid="211" ordinal="2" offset="31" sl="15" path="0" offsetend="33" fileid="13" />
                <BranchPoint vc="0" uspid="212" ordinal="3" offset="31" sl="15" path="1" offsetend="50" fileid="13" />
              </BranchPoints>
              <MethodPoint xsi:type="SequencePoint" vc="0" uspid="201" ordinal="0" offset="0" sl="13" sc="9" el="13" ec="10" bec="0" bev="0" fileid="13" />
            </Method>
          </Methods>
        </Class>
      </Classes>
      <TrackedMethods />
    </Module>
    <Module hash="EE-50-A7-F8-9E-1E-C3-8F-30-4E-14-BD-29-83-82-35-F9-2D-E1-8C">
      <Summary numSequencePoints="13" visitedSequencePoints="0" numBranchPoints="6" visitedBranchPoints="0" sequenceCoverage="0" branchCoverage="0" maxCyclomaticComplexity="1" minCyclomaticComplexity="1" maxCrapScore="2" minCrapScore="2" visitedClasses="0" numClasses="1" visitedMethods="0" numMethods="6" />
      <ModulePath>E:\Учёба\3й курс\5й семестр\СПП\ValidationLab\ValidatonLibTest\bin\Debug\Logger.dll</ModulePath>
      <ModuleTime>2018-09-16T20:06:43.5455042Z</ModuleTime>
      <ModuleName>Logger</ModuleName>
      <Files>
        <File uid="19" fullPath="E:\Учёба\3й курс\5й семестр\СПП\ValidationLab\Logger\ValidationLogger.cs" />
      </Files>
      <Classes>
        <Class>
          <Summary numSequencePoints="13" visitedSequencePoints="0" numBranchPoints="6" visitedBranchPoints="0" sequenceCoverage="0" branchCoverage="0" maxCyclomaticComplexity="1" minCyclomaticComplexity="1" maxCrapScore="2" minCrapScore="2" visitedClasses="0" numClasses="1" visitedMethods="0" numMethods="6" />
          <FullName>Logger.ValidationLogger</FullName>
          <Methods>
            <Method visited="false" cyclomaticComplexity="1" nPathComplexity="0" sequenceCoverage="0" branchCoverage="0" crapScore="2" isConstructor="true" isStatic="false" isGetter="false" isSetter="false">
              <Summary numSequencePoints="8" visitedSequencePoints="0" numBranchPoints="1" visitedBranchPoints="0" sequenceCoverage="0" branchCoverage="0" maxCyclomaticComplexity="1" minCyclomaticComplexity="1" maxCrapScore="2" minCrapScore="2" visitedClasses="0" numClasses="0" visitedMethods="0" numMethods="1" />
              <MetadataToken>100663297</MetadataToken>
              <Name>System.Void Logger.ValidationLogger::.ctor()</Name>
              <FileRef uid="19" />
              <SequencePoints>
                <SequencePoint vc="0" uspid="213" ordinal="0" offset="0" sl="11" sc="9" el="11" ec="34" bec="0" bev="0" fileid="19" />
                <SequencePoint vc="0" uspid="214" ordinal="1" offset="7" sl="12" sc="9" el="12" ec="10" bec="0" bev="0" fileid="19" />
                <SequencePoint vc="0" uspid="215" ordinal="2" offset="8" sl="13" sc="13" el="13" ec="62" bec="0" bev="0" fileid="19" />
                <SequencePoint vc="0" uspid="216" ordinal="3" offset="19" sl="15" sc="13" el="15" ec="65" bec="0" bev="0" fileid="19" />
                <SequencePoint vc="0" uspid="217" ordinal="4" offset="25" sl="16" sc="13" el="16" ec="122" bec="0" bev="0" fileid="19" />
                <SequencePoint vc="0" uspid="218" ordinal="5" offset="68" sl="18" sc="13" el="18" ec="78" bec="0" bev="0" fileid="19" />
                <SequencePoint vc="0" uspid="219" ordinal="6" offset="91" sl="20" sc="13" el="20" ec="52" bec="0" bev="0" fileid="19" />
                <SequencePoint vc="0" uspid="220" ordinal="7" offset="98" sl="21" sc="9" el="21" ec="10" bec="0" bev="0" fileid="19" />
              </SequencePoints>
              <BranchPoints />
              <MethodPoint xsi:type="SequencePoint" vc="0" uspid="213" ordinal="0" offset="0" sl="11" sc="9" el="11" ec="34" bec="0" bev="0" fileid="19" />
            </Method>
            <Method visited="false" cyclomaticComplexity="1" nPathComplexity="0" sequenceCoverage="0" branchCoverage="0" crapScore="2" isConstructor="false" isStatic="false" isGetter="false" isSetter="false">
              <Summary numSequencePoints="1" visitedSequencePoints="0" numBranchPoints="1" visitedBranchPoints="0" sequenceCoverage="0" branchCoverage="0" maxCyclomaticComplexity="1" minCyclomaticComplexity="1" maxCrapScore="2" minCrapScore="2" visitedClasses="0" numClasses="0" visitedMethods="0" numMethods="1" />
              <MetadataToken>100663298</MetadataToken>
              <Name>System.Void Logger.ValidationLogger::Debug(System.String)</Name>
              <FileRef uid="19" />
              <SequencePoints>
                <SequencePoint vc="0" uspid="221" ordinal="0" offset="0" sl="23" sc="46" el="23" ec="67" bec="0" bev="0" fileid="19" />
              </SequencePoints>
              <BranchPoints />
              <MethodPoint xsi:type="SequencePoint" vc="0" uspid="221" ordinal="0" offset="0" sl="23" sc="46" el="23" ec="67" bec="0" bev="0" fileid="19" />
            </Method>
            <Method visited="false" cyclomaticComplexity="1" nPathComplexity="0" sequenceCoverage="0" branchCoverage="0" crapScore="2" isConstructor="false" isStatic="false" isGetter="false" isSetter="false">
              <Summary numSequencePoints="1" visitedSequencePoints="0" numBranchPoints="1" visitedBranchPoints="0" sequenceCoverage="0" branchCoverage="0" maxCyclomaticComplexity="1" minCyclomaticComplexity="1" maxCrapScore="2" minCrapScore="2" visitedClasses="0" numClasses="0" visitedMethods="0" numMethods="1" />
              <MetadataToken>100663299</MetadataToken>
              <Name>System.Void Logger.ValidationLogger::Error(System.String)</Name>
              <FileRef uid="19" />
              <SequencePoints>
                <SequencePoint vc="0" uspid="222" ordinal="0" offset="0" sl="25" sc="46" el="25" ec="67" bec="0" bev="0" fileid="19" />
              </SequencePoints>
              <BranchPoints />
              <MethodPoint xsi:type="SequencePoint" vc="0" uspid="222" ordinal="0" offset="0" sl="25" sc="46" el="25" ec="67" bec="0" bev="0" fileid="19" />
            </Method>
            <Method visited="false" cyclomaticComplexity="1" nPathComplexity="0" sequenceCoverage="0" branchCoverage="0" crapScore="2" isConstructor="false" isStatic="false" isGetter="false" isSetter="false">
              <Summary numSequencePoints="1" visitedSequencePoints="0" numBranchPoints="1" visitedBranchPoints="0" sequenceCoverage="0" branchCoverage="0" maxCyclomaticComplexity="1" minCyclomaticComplexity="1" maxCrapScore="2" minCrapScore="2" visitedClasses="0" numClasses="0" visitedMethods="0" numMethods="1" />
              <MetadataToken>100663300</MetadataToken>
              <Name>System.Void Logger.ValidationLogger::Fatal(System.String)</Name>
              <FileRef uid="19" />
              <SequencePoints>
                <SequencePoint vc="0" uspid="223" ordinal="0" offset="0" sl="27" sc="46" el="27" ec="67" bec="0" bev="0" fileid="19" />
              </SequencePoints>
              <BranchPoints />
              <MethodPoint xsi:type="SequencePoint" vc="0" uspid="223" ordinal="0" offset="0" sl="27" sc="46" el="27" ec="67" bec="0" bev="0" fileid="19" />
            </Method>
            <Method visited="false" cyclomaticComplexity="1" nPathComplexity="0" sequenceCoverage="0" branchCoverage="0" crapScore="2" isConstructor="false" isStatic="false" isGetter="false" isSetter="false">
              <Summary numSequencePoints="1" visitedSequencePoints="0" numBranchPoints="1" visitedBranchPoints="0" sequenceCoverage="0" branchCoverage="0" maxCyclomaticComplexity="1" minCyclomaticComplexity="1" maxCrapScore="2" minCrapScore="2" visitedClasses="0" numClasses="0" visitedMethods="0" numMethods="1" />
              <MetadataToken>100663301</MetadataToken>
              <Name>System.Void Logger.ValidationLogger::Info(System.String)</Name>
              <FileRef uid="19" />
              <SequencePoints>
                <SequencePoint vc="0" uspid="224" ordinal="0" offset="0" sl="29" sc="45" el="29" ec="65" bec="0" bev="0" fileid="19" />
              </SequencePoints>
              <BranchPoints />
              <MethodPoint xsi:type="SequencePoint" vc="0" uspid="224" ordinal="0" offset="0" sl="29" sc="45" el="29" ec="65" bec="0" bev="0" fileid="19" />
            </Method>
            <Method visited="false" cyclomaticComplexity="1" nPathComplexity="0" sequenceCoverage="0" branchCoverage="0" crapScore="2" isConstructor="false" isStatic="false" isGetter="false" isSetter="false">
              <Summary numSequencePoints="1" visitedSequencePoints="0" numBranchPoints="1" visitedBranchPoints="0" sequenceCoverage="0" branchCoverage="0" maxCyclomaticComplexity="1" minCyclomaticComplexity="1" maxCrapScore="2" minCrapScore="2" visitedClasses="0" numClasses="0" visitedMethods="0" numMethods="1" />
              <MetadataToken>100663302</MetadataToken>
              <Name>System.Void Logger.ValidationLogger::Warn(System.String)</Name>
              <FileRef uid="19" />
              <SequencePoints>
                <SequencePoint vc="0" uspid="225" ordinal="0" offset="0" sl="31" sc="45" el="31" ec="65" bec="0" bev="0" fileid="19" />
              </SequencePoints>
              <BranchPoints />
              <MethodPoint xsi:type="SequencePoint" vc="0" uspid="225" ordinal="0" offset="0" sl="31" sc="45" el="31" ec="65" bec="0" bev="0" fileid="19" />
            </Method>
          </Methods>
        </Class>
      </Classes>
      <TrackedMethods />
    </Module>
  </Modules>
</CoverageSession>